=======START LOGGING=======
11:30:11.676 0000346c  <log> [factory]  RegisterModule cls=WaveShaperImage
11:30:11.676 0000346c  <log> [factory]  RegisterModule cls=WaveShaper
11:30:11.676 0000346c  <log> [factory]  RegisterModule cls=WaveShaper
11:30:11.676 0000346c  <log> [factory]  RegisterModule cls=MemBuffer
11:30:11.676 0000346c  <log> [factory]  RegisterModule cls=FTDI_Cheetah_PortManager
11:30:11.676 0000346c  <dbg> [factory]  CreateModule cid=FTDI_Cheetah_PortManager iid=IPortManager
11:30:11.676 0000346c  <log> [factory]  RegisterModule cls=WSSimPort
11:30:11.676 0000346c  <log> [factory]  RegisterModule cls=ComPort
11:30:11.676 0000346c  <log> [factory]  RegisterModule cls=FTDIComPort
11:30:11.676 0000346c  <log> [factory]  RegisterModule cls=FTDISPIPort
11:30:11.678 0000346c  <log> [factory]  RegisterModule cls=CheetahSPIPort
11:30:11.678 0000346c  <log> [_wsapi_]  Initialize WaveShaperAPI, version=2.7.3
11:30:11.678 0000346c  <log> [_wsapi_]  +ws_create_waveshaper ws=wsSN200157
11:30:11.678 0000346c  <dbg> [factory]  CreateModule cid=WaveShaper iid=IWaveShaper
11:30:11.678 0000346c  <dbg> [factory]  CreateModule cid=WaveShaperImage iid=IWaveShaperImage
11:30:11.678 0000346c  <dbg> [factory]  CreateModule cid=MemBuffer iid=IMemBuffer
11:30:11.678 0000346c  <dbg> [factory]  CreateModule cid=MemBuffer iid=IMemBuffer
11:30:11.678 0000346c  <dbg> [factory]  CreateModule cid=MemBuffer iid=IMemBuffer
11:30:11.678 0000346c  <dbg> [factory]  CreateModule cid=MemBuffer iid=IMemBuffer
<LOG>BIHIMIDFODAKNIMOJCOBNOMJKAAOMEPFKDALKPAGOHFEBEGPNPBEACMIEPPLKFDCFMBGGOOMBOLLBNMPCFEMJMGBPCIJILNLLOAHEAFPELDLPOHNINJBGNAMGPCBMADB</LOG>
<LOG>BIHIMIDFODAKNIMOBOIPDBDIADHFAPEHKDALKPAGOHFEBEGPNPBEACMIEPPLKFDCFMBGGOOMBOLLBNMPCOCHOFBHBNCFGKPJKFFPFNEEDCDKMKIJHCBNHFJAPBHFOPLJFBOMDFNNNEHHDGOGMAEPKPFJCLGGOMDP</LOG>
<LOG>BIHIMIDFODAKNIMOBOIPDBDIADHFAPEHKDALKPAGOHFEBEGPNPBEACMIEPPLKFDCFMBGGOOMBOLLBNMPDKJBCIBBDFFIFJKPHAMAJIBDDHCEFJDG</LOG>
<LOG>BIHIMIDFODAKNIMOBOIPDBDIADHFAPEHKDALKPAGOHFEBEGPNPBEACMIEPPLKFDCFMBGGOOMBOLLBNMPDKJBCIBBDFFIFJKPAABBCFOHGONGLBOA</LOG>
<LOG>BIHIMIDFODAKNIMOBOIPDBDIADHFAPEHKDALKPAGOHFEBEGPNPBEACMIEPPLKFDCFMBGGOOMBOLLBNMPDKJBCIBBDFFIFJKPDLNDBLECAKONICKA</LOG>
<LOG>BIHIMIDFODAKNIMOBOIPDBDIADHFAPEHKDALKPAGOHFEBEGPNPBEACMIEPPLKFDCFMBGGOOMBOLLBNMPDKJBCIBBDFFIFJKPHONKGIGPAIFNEBMH</LOG>
<LOG>BIHIMIDFODAKNIMOBOIPDBDIADHFAPEHKDALKPAGOHFEBEGPNPBEACMIEPPLKFDCFMBGGOOMBOLLBNMPDKJBCIBBDFFIFJKPGLLLOELCCFHKEKLI</LOG>
<LOG>BIHIMIDFODAKNIMOBOIPDBDIADHFAPEHKDALKPAGOHFEBEGPNPBEACMIEPPLKFDCFMBGGOOMBOLLBNMPDKJBCIBBDFFIFJKPFHFJFDLJCCBKDKJO</LOG>
<LOG>BIHIMIDFODAKNIMOBOIPDBDIADHFAPEHKDALKPAGOHFEBEGPNPBEACMIEPPLKFDCFMBGGOOMBOLLBNMPDKJBCIBBDFFIFJKPIGDGJNJHNCLCGKNJ</LOG>
<LOG>BIHIMIDFODAKNIMOBOIPDBDIADHFAPEHKDALKPAGOHFEBEGPNPBEACMIEPPLKFDCFMBGGOOMBOLLBNMPDKJBCIBBDFFIFJKPLFBCNMEMCBBEOCGA</LOG>
<LOG>BIHIMIDFODAKNIMOBOIPDBDIADHFAPEHKDALKPAGOHFEBEGPNPBEACMIEPPLKFDCFMBGGOOMBOLLBNMPDKJBCIBBDFFIFJKPPDLHMLOLNLOPIMDK</LOG>
<LOG>BIHIMIDFODAKNIMOBOIPDBDIADHFAPEHKDALKPAGOHFEBEGPNPBEACMIEPPLKFDCFMBGGOOMBOLLBNMPDKJBCIBBDFFIFJKPAIPIJDDDPDAGHAKG</LOG>
<LOG>BIHIMIDFODAKNIMOBOIPDBDIADHFAPEHKDALKPAGOHFEBEGPNPBEACMIEPPLKFDCFMBGGOOMBOLLBNMPDKJBCIBBDFFIFJKPCIDKMDFJDEEACMCK</LOG>
<LOG>BIHIMIDFODAKNIMOBOIPDBDIADHFAPEHKDALKPAGOHFEBEGPNPBEACMIEPPLKFDCFMBGGOOMBOLLBNMPDKJBCIBBDFFIFJKPJMKBHALBFKHIDIPLEFNNCMOGMILGCJBO</LOG>
<LOG>BIHIMIDFODAKNIMOBOIPDBDIADHFAPEHKDALKPAGOHFEBEGPNPBEACMIEPPLKFDCFMBGGOOMBOLLBNMPDKJBCIBBDFFIFJKPBGCOEOENJOOBBPHC</LOG>
<LOG>BIHIMIDFODAKNIMOBOIPDBDIADHFAPEHKDALKPAGOHFEBEGPNPBEACMIEPPLKFDCFMBGGOOMBOLLBNMPDKJBCIBBDFFIFJKPOOMHMMMEJCOBCPOD</LOG>
<LOG>BIHIMIDFODAKNIMOOLOPBEOGMBMJMDCNKDALKPAGOHFEBEGPNPBEACMIEPPLKFDCFMBGGOOMBOLLBNMPBINDNGBCPBPGGHGBJBIMEGKHKMDBNDAIAHKFEENGLIAJGFGI</LOG>
<LOG>BIHIMIDFODAKNIMOOLOPBEOGMBMJMDCNKDALKPAGOHFEBEGPNPBEACMIEPPLKFDCFMBGGOOMBOLLBNMPPFKMJPCCEDMANDBFHBJECHDIEDIEIBKLBLPFFPPPLJIDFLLBEBOBJIKKHKHLOMID</LOG>
<LOG>BIHIMIDFODAKNIMOOLOPBEOGMBMJMDCNKDALKPAGOHFEBEGPNPBEACMIEPPLKFDCFMBGGOOMBOLLBNMPMEIELENCDJDIAMLFALNKPNANOFLONBJDIAPMNMKLPCNOFGGLFODIOLFHKHGLALKL</LOG>
<LOG>BIHIMIDFODAKNIMOOLOPBEOGMBMJMDCNKDALKPAGOHFEBEGPNPBEACMIEPPLKFDCFMBGGOOMBOLLBNMPDJOBPKKLOFGPMFMKIGHCIHKHEAGCHBGMPOGGPCDFMNBIHKKF</LOG>
<LOG>BIHIMIDFODAKNIMOOLOPBEOGMBMJMDCNKDALKPAGOHFEBEGPNPBEACMIEPPLKFDCFMBGGOOMBOLLBNMPIFIBEFAFJGIHAKLAKEMLPMJDDBBFKBEBAGFFNACBLPILHPKO</LOG>
<LOG>BIHIMIDFODAKNIMOOLOPBEOGMBMJMDCNKDALKPAGOHFEBEGPNPBEACMIEPPLKFDCFMBGGOOMBOLLBNMPDPLGPLHAOJJLPCPJJGEJJECEPDBNLNHCEHDDCIMALMAMAMJE</LOG>
<LOG>BIHIMIDFODAKNIMOOLOPBEOGMBMJMDCNKDALKPAGOHFEBEGPNPBEACMIEPPLKFDCFMBGGOOMBOLLBNMPHHODADKCHAJFCPJLCIIBACOECNCAJMPHPDJFNFKPNFJIGFDB</LOG>
<LOG>BIHIMIDFODAKNIMOOLOPBEOGMBMJMDCNKDALKPAGOHFEBEGPNPBEACMIEPPLKFDCFMBGGOOMBOLLBNMPOGFFIEFFOPBNLFBBBLONLIJCDLMKIKIB</LOG>
<LOG>BIHIMIDFODAKNIMOOLOPBEOGMBMJMDCNKDALKPAGOHFEBEGPNPBEACMIEPPLKFDCFMBGGOOMBOLLBNMPKMGKPJMMLLPBFFHPMOOMNLMNPMKBPFLD</LOG>
<LOG>BIHIMIDFODAKNIMOOLOPBEOGMBMJMDCNKDALKPAGOHFEBEGPNPBEACMIEPPLKFDCFMBGGOOMBOLLBNMPDBIBEPIJGDNJLHPNKAILNBOICKECHLLHMMKHDHMMNNLGCNJKDAPCACICJAKIMGKOIKEDOBEALJLJMDFLJMKALENKIMEFBJHCIEELOMHGBFOFJCLL</LOG>
<LOG>BIHIMIDFODAKNIMOOLOPBEOGMBMJMDCNKDALKPAGOHFEBEGPNPBEACMIEPPLKFDCFMBGGOOMBOLLBNMPBIBIGNGPADPJABHOHGJPPEIBBIHDNFCIKHOOPDNBLKBLOHGK</LOG>
<LOG>BIHIMIDFODAKNIMOOLOPBEOGMBMJMDCNKDALKPAGOHFEBEGPNPBEACMIEPPLKFDCFMBGGOOMBOLLBNMPDPGPFNBLGNKMBJEJMOFAKJNNIMAAJBMPFACJOFGHNJJPAGEM</LOG>
<LOG>BIHIMIDFODAKNIMOOLOPBEOGMBMJMDCNKDALKPAGOHFEBEGPNPBEACMIEPPLKFDCFMBGGOOMBOLLBNMPIFKIFKHLJHFGHOOBFDLJIHLIEDLPLBADINKKOFFHEDDLEEFO</LOG>
<LOG>BIHIMIDFODAKNIMOOLOPBEOGMBMJMDCNKDALKPAGOHFEBEGPNPBEACMIEPPLKFDCFMBGGOOMBOLLBNMPHLOKMCEKFDMACEPCINMEBOCOKAPPAJODIHIGCNGKPKGHAOEE</LOG>
<LOG>BIHIMIDFODAKNIMOOLOPBEOGMBMJMDCNKDALKPAGOHFEBEGPNPBEACMIEPPLKFDCFMBGGOOMBOLLBNMPCMKJMGMAGMIGPGLILADCCDKLOGJLKNGHCCBIFKIDNPCBMKNGHCEDJCAPOJOGDCCNLCMHIIDCNAKACGJCPBNFIKGDEEFOBDIFELEKOCDIPNMNELNI</LOG>
<LOG>BIHIMIDFODAKNIMOOLOPBEOGMBMJMDCNKDALKPAGOHFEBEGPNPBEACMIEPPLKFDCFMBGGOOMBOLLBNMPMCBCAONPDLCPJJMHGILGEEKICPACGCBMCCFINEMBPIAKLJJLFAOBENIMHOOKLLNNNILAINOOBBLNDNJBCHELMJOGOGMDMHNJ</LOG>
<LOG>BIHIMIDFODAKNIMOOLOPBEOGMBMJMDCNKDALKPAGOHFEBEGPNPBEACMIEPPLKFDCFMBGGOOMBOLLBNMPCNCJNKCMIEJIPPNDJPNMEMPAEDNOANOFDACLCICKFNPNALIP</LOG>
<LOG>BIHIMIDFODAKNIMOOLOPBEOGMBMJMDCNKDALKPAGOHFEBEGPNPBEACMIEPPLKFDCFMBGGOOMBOLLBNMPFNFKJIKFOJJLDMLHNBKCDNIADKMPFBFAFACJOFGHNJJPAGEM</LOG>
<LOG>BIHIMIDFODAKNIMOOLOPBEOGMBMJMDCNKDALKPAGOHFEBEGPNPBEACMIEPPLKFDCFMBGGOOMBOLLBNMPNCEDBIHJDPLCOOIOMGHLNHJDKONMOAFO</LOG>
<LOG>BIHIMIDFODAKNIMOOLOPBEOGMBMJMDCNKDALKPAGOHFEBEGPNPBEACMIEPPLKFDCFMBGGOOMBOLLBNMPAFPPHOBNEFGNBBHDGELLOPIFPPNBNOCOIELEEEMNLKMAIJKM</LOG>
<LOG>BIHIMIDFODAKNIMOOLOPBEOGMBMJMDCNKDALKPAGOHFEBEGPNPBEACMIEPPLKFDCFMBGGOOMBOLLBNMPAKAAMMBJIBBMJMFKIHBCHFPACKGNIHLOFBPJADEFBABFAFLO</LOG>
<LOG>BIHIMIDFODAKNIMOOLOPBEOGMBMJMDCNKDALKPAGOHFEBEGPNPBEACMIEPPLKFDCFMBGGOOMBOLLBNMPKDIPNDCMFKMGMELIIKOBBKFKHEJHEFOGDCHIFMLIAPOKFFBGDEMFEOFNHILEHFGDFNJAKLFLIJJFKPECAAEMPFFLPILLCCGMBNLHMJCAMGNFKNAGDMCDLOEMIDPICIJF</LOG>
<LOG>BIHIMIDFODAKNIMOOLOPBEOGMBMJMDCNKDALKPAGOHFEBEGPNPBEACMIEPPLKFDCFMBGGOOMBOLLBNMPPFKMJPCCEDMANDBFHBJECHDIEDIEIBKLBDBEGDIFOFCDBCGBPOCMNIEMIJPOMKOCNNPBIJCHFNJNNJEN</LOG>
<LOG>BIHIMIDFODAKNIMOEFPCDFDEFDBOMFOHKDALKPAGOHFEBEGPNPBEACMIEPPLKFDCFMBGGOOMBOLLBNMPPFKMJPCCEDMANDBFHBJECHDIEDIEIBKLNKPHBIEKIAMJKOAPKKFAIKGHGJPDFNLLJNOIGHGJPIPIBPKJHHGAEOLICDBGOMAL</LOG>
<LOG>BIHIMIDFODAKNIMOKILINHINECOAOADIKDALKPAGOHFEBEGPNPBEACMIEPPLKFDCFMBGGOOMBOLLBNMPMCBCAONPDLCPJJMHGILGEEKICPACGCBMJGMNIBPIGNJLIHFDFIBLPHNJAAAJJEPJEPNGLMPBEBMEPJDL</LOG>
<LOG>BIHIMIDFODAKNIMOKILINHINECOAOADIKDALKPAGOHFEBEGPNPBEACMIEPPLKFDCFMBGGOOMBOLLBNMPPFKMJPCCEDMANDBFHBJECHDIEDIEIBKLLHGNNMHLANNLKJAJAJNIPFEMBPFMHFPL</LOG>
<LOG>BIHIMIDFODAKNIMOKILINHINECOAOADIKDALKPAGOHFEBEGPNPBEACMIEPPLKFDCFMBGGOOMBOLLBNMPDKDNPJDIMGOFIODLFBMCPGKOPCGGBAHKKHOOPDNBLKBLOHGK</LOG>
<LOG>BIHIMIDFODAKNIMOKILINHINECOAOADIKDALKPAGOHFEBEGPNPBEACMIEPPLKFDCFMBGGOOMBOLLBNMPDKDNPJDIMGOFIODLGBHCGBFGBDACNEIJGPACGMPCOBEDJLFPAJFLOPGOONDFJCCN</LOG>
<LOG>BIHIMIDFODAKNIMOCGLMKOBHLEFALLPGKDALKPAGOHFEBEGPNPBEACMIEPPLKFDCFMBGGOOMBOLLBNMPMCBCAONPDLCPJJMHGILGEEKICPACGCBMAEIKLPHFPGDDBJGIJHLMNAHIJKEEDIDN</LOG>
<LOG>BIHIMIDFODAKNIMOCGLMKOBHLEFALLPGKDALKPAGOHFEBEGPNPBEACMIEPPLKFDCFMBGGOOMBOLLBNMPPFKMJPCCEDMANDBFHBJECHDIEDIEIBKLNHOBFEGNLEHDJJMABMLMKKPBFBODJFHFFEADGIENMGGLFOBN</LOG>
<LOG>BIHIMIDFODAKNIMOCGLMKOBHLEFALLPGKDALKPAGOHFEBEGPNPBEACMIEPPLKFDCFMBGGOOMBOLLBNMPMCBCAONPDLCPJJMHGILGEEKICPACGCBMMJMOAGGFFCPFJJKFAANNJOJDAJKIJPJC</LOG>
<LOG>BIHIMIDFODAKNIMOIJNGGJBODMFMLLJDKDALKPAGOHFEBEGPNPBEACMIEPPLKFDCFMBGGOOMBOLLBNMPLCGCPHCAFPJGGHNIAGEDBCDJBBDEOFPKPJIOPBJJENAPMDNH</LOG>
<LOG>BIHIMIDFODAKNIMOIJNGGJBODMFMLLJDKDALKPAGOHFEBEGPNPBEACMIEPPLKFDCFMBGGOOMBOLLBNMPMCBCAONPDLCPJJMHGILGEEKICPACGCBMPJPICDAHHBNCLDIKCHELMJOGOGMDMHNJ</LOG>
<LOG>BIHIMIDFODAKNIMOIJNGGJBODMFMLLJDKDALKPAGOHFEBEGPNPBEACMIEPPLKFDCFMBGGOOMBOLLBNMPPFKMJPCCEDMANDBFHBJECHDIEDIEIBKLIHBFMGEBFLNEMKMAJCAEMMFMFGBLFBMHBMLMKKPBFBODJFHFFEADGIENMGGLFOBN</LOG>
<LOG>BIHIMIDFODAKNIMOHGGIEKKMJGANBLFIKDALKPAGOHFEBEGPNPBEACMIEPPLKFDCFMBGGOOMBOLLBNMPMCBCAONPDLCPJJMHFJHDNGENHGKAEOPEEEHBJGCLDLOFLKAABLNNHFPBHPBAMGOG</LOG>
<LOG>BIHIMIDFODAKNIMOHGGIEKKMJGANBLFIKDALKPAGOHFEBEGPNPBEACMIEPPLKFDCFMBGGOOMBOLLBNMPPFKMJPCCEDMANDBFHBJECHDIEDIEIBKLMDAHNNCKLDNAOPACDAJFENENDKNFHEJGHCGIBADAJHJBBBEPHJAOENFGAMCAAEKK</LOG>
<LOG>BIHIMIDFODAKNIMOHGGIEKKMJGANBLFIKDALKPAGOHFEBEGPNPBEACMIEPPLKFDCFMBGGOOMBOLLBNMPMCBCAONPDLCPJJMHDHJJJOAPGGLBIMIKCIFMNDDNJBADEHBIOOGKKMDCJHHHIPEF</LOG>
<LOG>BIHIMIDFODAKNIMOHGGIEKKMJGANBLFIKDALKPAGOHFEBEGPNPBEACMIEPPLKFDCFMBGGOOMBOLLBNMPKDIPNDCMFKMGMELIIONLCHMDLOOCGOLBECOGPLEOCBKJOHACBNNJGELIHEBBNFBAFCFEAECOKCCKPPMEEPFKDKHNDCBEAGAABNKDEIKHFJGKCPPAKJJLCNBOOPPLHCCAAEAKAEIHJKMKADEEFFPBFPMGFGEHLALOPPBCLOBFOBLAFENKMCCCNLGEGBMCKGCBBKLLHFCLMPCKAALIAJOONLGKNCJEPOLAHAMLEONILPABGPCN</LOG>
<LOG>BIHIMIDFODAKNIMOHGGIEKKMJGANBLFIKDALKPAGOHFEBEGPNPBEACMIEPPLKFDCFMBGGOOMBOLLBNMPJIPJNKKIJBAMGHOKHPHGKBKLKAIEPEONCBJNEPMFGJFKPAFDBGIGOAFMJONDCBBBJHLLDOIKJJODOOKMCABKFHALNBDNBEHKBHBKPPOBCDIAGNLMHJIDLKILBEMOIMIHOOPKIAKGIMDHABOCIENGHBBFOJLCIFDGHJJCGLLANOHMIOCJBAENJCKCAPHHPHIHPDELEMBHGFJGBBLE</LOG>
<LOG>BIHIMIDFODAKNIMOHGGIEKKMJGANBLFIKDALKPAGOHFEBEGPNPBEACMIEPPLKFDCFMBGGOOMBOLLBNMPBGAIPOALPJLKFODBBHOLGJFLADADPKNNKFOGFKMLPMJPFLOAFCDOLFKLBIEIBCMH</LOG>
<LOG>BIHIMIDFODAKNIMOHGGIEKKMJGANBLFIKDALKPAGOHFEBEGPNPBEACMIEPPLKFDCFMBGGOOMBOLLBNMPDOMAIPNEELGHJAFMJBIMEGKHKMDBNDAICABKHLNFEFDBIEIN</LOG>
11:30:11.820 0000346c  <log> [wsimage]  LoadCalibration rc=0 profiling=142(ms)
11:30:11.820 0000346c  <log> [_wsapi_]  -ws_create_waveshaper rc=0
11:30:11.837 0000346c  <log> [_wsapi_]  +ws_open_waveshaper ws=wsSN200157
11:30:11.837 0000346c  <log> [wvshaper] OpenWaveShaper
11:30:12.097 0000346c  <log> [portmgr]  ch_find_devices_ext rc=-1
11:30:12.139 0000346c  <log> [portmgr]  NLocatePort rc=-1 profiling=302(ms)
11:30:12.139 0000346c  <log> [_wsapi_]  OpenWaveShaper failed rc=-38
11:30:12.139 0000346c  <log> [wvshaper] OpenWaveShaper
11:30:12.348 0000346c  <log> [portmgr]  ch_find_devices_ext rc=-1
11:30:12.363 0000346c  <log> [portmgr]  NLocatePort rc=-1 profiling=224(ms)
11:30:12.363 0000346c  <log> [_wsapi_]  OpenWaveShaper failed rc=-38
11:30:12.363 0000346c  <log> [wvshaper] OpenWaveShaper
11:30:12.571 0000346c  <log> [portmgr]  ch_find_devices_ext rc=-1
11:30:12.586 0000346c  <log> [portmgr]  NLocatePort rc=-1 profiling=223(ms)
11:30:12.586 0000346c  <log> [_wsapi_]  OpenWaveShaper failed rc=-38
11:30:12.586 0000346c  <log> [wvshaper] OpenWaveShaper
11:30:12.796 0000346c  <log> [portmgr]  ch_find_devices_ext rc=-1
11:30:12.811 0000346c  <log> [portmgr]  NLocatePort rc=-1 profiling=225(ms)
11:30:12.811 0000346c  <log> [_wsapi_]  OpenWaveShaper failed rc=-38
11:30:12.811 0000346c  <log> [wvshaper] OpenWaveShaper
11:30:13.020 0000346c  <log> [portmgr]  ch_find_devices_ext rc=-1
11:30:13.035 0000346c  <log> [portmgr]  NLocatePort rc=-1 profiling=224(ms)
11:30:13.035 0000346c  <log> [_wsapi_]  OpenWaveShaper failed rc=-38
11:30:13.035 0000346c  <log> [_wsapi_]  -ws_open_waveshaper rc=-38
11:30:13.035 0000346c  <log> [_wsapi_]  +ws_delete_waveshaper ws=wsSN200157
11:30:13.035 0000346c  <log> [wvshaper] CloseWaveShaper
11:30:13.035 0000346c  <log> [wvshaper] WaveShaper Deleted id=
<LOG>IEOCBNHACGJBPHFDEHPODDKEELACLECCKDALKPAGOHFEBEGPNPBEACMIEPPLKFDCFMBGGOOMBOLLBNMPLIMANMJDAHDIAENFEILIOOEPOMNLMFBFCBBNLPDHCMEFBCLL</LOG>
11:30:13.036 0000346c  <log> [wsimage]  WaveShaperImage Deleted
11:30:13.036 0000346c  <log> [_wsapi_]  -ws_delete_waveshaper rc=0
11:30:13.036 0000346c  <log> [_wsapi_]  +ws_create_waveshaper_forsimulation ws=wsSN200157
11:30:13.036 0000346c  <dbg> [factory]  CreateModule cid=WaveShaper iid=IWaveShaper
11:30:13.036 0000346c  <dbg> [factory]  CreateModule cid=WaveShaperImage iid=IWaveShaperImage
11:30:13.036 0000346c  <dbg> [factory]  CreateModule cid=MemBuffer iid=IMemBuffer
11:30:13.036 0000346c  <dbg> [factory]  CreateModule cid=MemBuffer iid=IMemBuffer
11:30:13.036 0000346c  <dbg> [factory]  CreateModule cid=MemBuffer iid=IMemBuffer
11:30:13.036 0000346c  <dbg> [factory]  CreateModule cid=MemBuffer iid=IMemBuffer
<LOG>IEOCBNHACGJBPHFDKMPMAMCMNOPMCOBHKDALKPAGOHFEBEGPNPBEACMIEPPLKFDCFMBGGOOMBOLLBNMPCFEMJMGBPCIJILNLLOAHEAFPELDLPOHNINJBGNAMGPCBMADB</LOG>
<LOG>IEOCBNHACGJBPHFDIOGNIDMAJCAFNCALKDALKPAGOHFEBEGPNPBEACMIEPPLKFDCFMBGGOOMBOLLBNMPCOCHOFBHBNCFGKPJKFFPFNEEDCDKMKIJHCBNHFJAPBHFOPLJFBOMDFNNNEHHDGOGMAEPKPFJCLGGOMDP</LOG>
<LOG>IEOCBNHACGJBPHFDIOGNIDMAJCAFNCALKDALKPAGOHFEBEGPNPBEACMIEPPLKFDCFMBGGOOMBOLLBNMPDKJBCIBBDFFIFJKPHAMAJIBDDHCEFJDG</LOG>
<LOG>IEOCBNHACGJBPHFDIOGNIDMAJCAFNCALKDALKPAGOHFEBEGPNPBEACMIEPPLKFDCFMBGGOOMBOLLBNMPDKJBCIBBDFFIFJKPAABBCFOHGONGLBOA</LOG>
<LOG>IEOCBNHACGJBPHFDIOGNIDMAJCAFNCALKDALKPAGOHFEBEGPNPBEACMIEPPLKFDCFMBGGOOMBOLLBNMPDKJBCIBBDFFIFJKPDLNDBLECAKONICKA</LOG>
<LOG>IEOCBNHACGJBPHFDIOGNIDMAJCAFNCALKDALKPAGOHFEBEGPNPBEACMIEPPLKFDCFMBGGOOMBOLLBNMPDKJBCIBBDFFIFJKPHONKGIGPAIFNEBMH</LOG>
<LOG>IEOCBNHACGJBPHFDIOGNIDMAJCAFNCALKDALKPAGOHFEBEGPNPBEACMIEPPLKFDCFMBGGOOMBOLLBNMPDKJBCIBBDFFIFJKPGLLLOELCCFHKEKLI</LOG>
<LOG>IEOCBNHACGJBPHFDIOGNIDMAJCAFNCALKDALKPAGOHFEBEGPNPBEACMIEPPLKFDCFMBGGOOMBOLLBNMPDKJBCIBBDFFIFJKPFHFJFDLJCCBKDKJO</LOG>
<LOG>IEOCBNHACGJBPHFDIOGNIDMAJCAFNCALKDALKPAGOHFEBEGPNPBEACMIEPPLKFDCFMBGGOOMBOLLBNMPDKJBCIBBDFFIFJKPIGDGJNJHNCLCGKNJ</LOG>
<LOG>IEOCBNHACGJBPHFDIOGNIDMAJCAFNCALKDALKPAGOHFEBEGPNPBEACMIEPPLKFDCFMBGGOOMBOLLBNMPDKJBCIBBDFFIFJKPLFBCNMEMCBBEOCGA</LOG>
<LOG>IEOCBNHACGJBPHFDIOGNIDMAJCAFNCALKDALKPAGOHFEBEGPNPBEACMIEPPLKFDCFMBGGOOMBOLLBNMPDKJBCIBBDFFIFJKPPDLHMLOLNLOPIMDK</LOG>
<LOG>IEOCBNHACGJBPHFDIOGNIDMAJCAFNCALKDALKPAGOHFEBEGPNPBEACMIEPPLKFDCFMBGGOOMBOLLBNMPDKJBCIBBDFFIFJKPAIPIJDDDPDAGHAKG</LOG>
<LOG>IEOCBNHACGJBPHFDIOGNIDMAJCAFNCALKDALKPAGOHFEBEGPNPBEACMIEPPLKFDCFMBGGOOMBOLLBNMPDKJBCIBBDFFIFJKPCIDKMDFJDEEACMCK</LOG>
<LOG>IEOCBNHACGJBPHFDIOGNIDMAJCAFNCALKDALKPAGOHFEBEGPNPBEACMIEPPLKFDCFMBGGOOMBOLLBNMPDKJBCIBBDFFIFJKPJMKBHALBFKHIDIPLEFNNCMOGMILGCJBO</LOG>
<LOG>IEOCBNHACGJBPHFDIOGNIDMAJCAFNCALKDALKPAGOHFEBEGPNPBEACMIEPPLKFDCFMBGGOOMBOLLBNMPDKJBCIBBDFFIFJKPBGCOEOENJOOBBPHC</LOG>
<LOG>IEOCBNHACGJBPHFDIOGNIDMAJCAFNCALKDALKPAGOHFEBEGPNPBEACMIEPPLKFDCFMBGGOOMBOLLBNMPDKJBCIBBDFFIFJKPOOMHMMMEJCOBCPOD</LOG>
<LOG>IEOCBNHACGJBPHFDLKJNHMANIPJJLCCBKDALKPAGOHFEBEGPNPBEACMIEPPLKFDCFMBGGOOMBOLLBNMPBINDNGBCPBPGGHGBJBIMEGKHKMDBNDAIAHKFEENGLIAJGFGI</LOG>
<LOG>IEOCBNHACGJBPHFDLKJNHMANIPJJLCCBKDALKPAGOHFEBEGPNPBEACMIEPPLKFDCFMBGGOOMBOLLBNMPPFKMJPCCEDMANDBFHBJECHDIEDIEIBKLBLPFFPPPLJIDFLLBEBOBJIKKHKHLOMID</LOG>
<LOG>IEOCBNHACGJBPHFDLKJNHMANIPJJLCCBKDALKPAGOHFEBEGPNPBEACMIEPPLKFDCFMBGGOOMBOLLBNMPMEIELENCDJDIAMLFALNKPNANOFLONBJDIAPMNMKLPCNOFGGLFODIOLFHKHGLALKL</LOG>
<LOG>IEOCBNHACGJBPHFDLKJNHMANIPJJLCCBKDALKPAGOHFEBEGPNPBEACMIEPPLKFDCFMBGGOOMBOLLBNMPDJOBPKKLOFGPMFMKIGHCIHKHEAGCHBGMPOGGPCDFMNBIHKKF</LOG>
<LOG>IEOCBNHACGJBPHFDLKJNHMANIPJJLCCBKDALKPAGOHFEBEGPNPBEACMIEPPLKFDCFMBGGOOMBOLLBNMPIFIBEFAFJGIHAKLAKEMLPMJDDBBFKBEBAGFFNACBLPILHPKO</LOG>
<LOG>IEOCBNHACGJBPHFDLKJNHMANIPJJLCCBKDALKPAGOHFEBEGPNPBEACMIEPPLKFDCFMBGGOOMBOLLBNMPDPLGPLHAOJJLPCPJJGEJJECEPDBNLNHCEHDDCIMALMAMAMJE</LOG>
<LOG>IEOCBNHACGJBPHFDLKJNHMANIPJJLCCBKDALKPAGOHFEBEGPNPBEACMIEPPLKFDCFMBGGOOMBOLLBNMPHHODADKCHAJFCPJLCIIBACOECNCAJMPHPDJFNFKPNFJIGFDB</LOG>
<LOG>IEOCBNHACGJBPHFDLKJNHMANIPJJLCCBKDALKPAGOHFEBEGPNPBEACMIEPPLKFDCFMBGGOOMBOLLBNMPOGFFIEFFOPBNLFBBBLONLIJCDLMKIKIB</LOG>
<LOG>IEOCBNHACGJBPHFDLKJNHMANIPJJLCCBKDALKPAGOHFEBEGPNPBEACMIEPPLKFDCFMBGGOOMBOLLBNMPKMGKPJMMLLPBFFHPMOOMNLMNPMKBPFLD</LOG>
<LOG>IEOCBNHACGJBPHFDLKJNHMANIPJJLCCBKDALKPAGOHFEBEGPNPBEACMIEPPLKFDCFMBGGOOMBOLLBNMPDBIBEPIJGDNJLHPNKAILNBOICKECHLLHMMKHDHMMNNLGCNJKDAPCACICJAKIMGKOIKEDOBEALJLJMDFLJMKALENKIMEFBJHCIEELOMHGBFOFJCLL</LOG>
<LOG>IEOCBNHACGJBPHFDLKJNHMANIPJJLCCBKDALKPAGOHFEBEGPNPBEACMIEPPLKFDCFMBGGOOMBOLLBNMPBIBIGNGPADPJABHOHGJPPEIBBIHDNFCIKHOOPDNBLKBLOHGK</LOG>
<LOG>IEOCBNHACGJBPHFDLKJNHMANIPJJLCCBKDALKPAGOHFEBEGPNPBEACMIEPPLKFDCFMBGGOOMBOLLBNMPDPGPFNBLGNKMBJEJMOFAKJNNIMAAJBMPFACJOFGHNJJPAGEM</LOG>
<LOG>IEOCBNHACGJBPHFDLKJNHMANIPJJLCCBKDALKPAGOHFEBEGPNPBEACMIEPPLKFDCFMBGGOOMBOLLBNMPIFKIFKHLJHFGHOOBFDLJIHLIEDLPLBADINKKOFFHEDDLEEFO</LOG>
<LOG>IEOCBNHACGJBPHFDLKJNHMANIPJJLCCBKDALKPAGOHFEBEGPNPBEACMIEPPLKFDCFMBGGOOMBOLLBNMPHLOKMCEKFDMACEPCINMEBOCOKAPPAJODIHIGCNGKPKGHAOEE</LOG>
<LOG>IEOCBNHACGJBPHFDLKJNHMANIPJJLCCBKDALKPAGOHFEBEGPNPBEACMIEPPLKFDCFMBGGOOMBOLLBNMPCMKJMGMAGMIGPGLILADCCDKLOGJLKNGHCCBIFKIDNPCBMKNGHCEDJCAPOJOGDCCNLCMHIIDCNAKACGJCPBNFIKGDEEFOBDIFELEKOCDIPNMNELNI</LOG>
<LOG>IEOCBNHACGJBPHFDLKJNHMANIPJJLCCBKDALKPAGOHFEBEGPNPBEACMIEPPLKFDCFMBGGOOMBOLLBNMPMCBCAONPDLCPJJMHGILGEEKICPACGCBMCCFINEMBPIAKLJJLFAOBENIMHOOKLLNNNILAINOOBBLNDNJBCHELMJOGOGMDMHNJ</LOG>
<LOG>IEOCBNHACGJBPHFDLKJNHMANIPJJLCCBKDALKPAGOHFEBEGPNPBEACMIEPPLKFDCFMBGGOOMBOLLBNMPCNCJNKCMIEJIPPNDJPNMEMPAEDNOANOFDACLCICKFNPNALIP</LOG>
<LOG>IEOCBNHACGJBPHFDLKJNHMANIPJJLCCBKDALKPAGOHFEBEGPNPBEACMIEPPLKFDCFMBGGOOMBOLLBNMPFNFKJIKFOJJLDMLHNBKCDNIADKMPFBFAFACJOFGHNJJPAGEM</LOG>
<LOG>IEOCBNHACGJBPHFDLKJNHMANIPJJLCCBKDALKPAGOHFEBEGPNPBEACMIEPPLKFDCFMBGGOOMBOLLBNMPNCEDBIHJDPLCOOIOMGHLNHJDKONMOAFO</LOG>
<LOG>IEOCBNHACGJBPHFDLKJNHMANIPJJLCCBKDALKPAGOHFEBEGPNPBEACMIEPPLKFDCFMBGGOOMBOLLBNMPAFPPHOBNEFGNBBHDGELLOPIFPPNBNOCOIELEEEMNLKMAIJKM</LOG>
<LOG>IEOCBNHACGJBPHFDLKJNHMANIPJJLCCBKDALKPAGOHFEBEGPNPBEACMIEPPLKFDCFMBGGOOMBOLLBNMPAKAAMMBJIBBMJMFKIHBCHFPACKGNIHLOFBPJADEFBABFAFLO</LOG>
<LOG>IEOCBNHACGJBPHFDLKJNHMANIPJJLCCBKDALKPAGOHFEBEGPNPBEACMIEPPLKFDCFMBGGOOMBOLLBNMPKDIPNDCMFKMGMELIIKOBBKFKHEJHEFOGDCHIFMLIAPOKFFBGDEMFEOFNHILEHFGDFNJAKLFLIJJFKPECAAEMPFFLPILLCCGMBNLHMJCAMGNFKNAGDMCDLOEMIDPICIJF</LOG>
<LOG>IEOCBNHACGJBPHFDLKJNHMANIPJJLCCBKDALKPAGOHFEBEGPNPBEACMIEPPLKFDCFMBGGOOMBOLLBNMPPFKMJPCCEDMANDBFHBJECHDIEDIEIBKLBDBEGDIFOFCDBCGBPOCMNIEMIJPOMKOCNNPBIJCHFNJNNJEN</LOG>
<LOG>IEOCBNHACGJBPHFDLFAEAFBKNFDKEAGPKDALKPAGOHFEBEGPNPBEACMIEPPLKFDCFMBGGOOMBOLLBNMPPFKMJPCCEDMANDBFHBJECHDIEDIEIBKLNKPHBIEKIAMJKOAPKKFAIKGHGJPDFNLLJNOIGHGJPIPIBPKJHHGAEOLICDBGOMAL</LOG>
<LOG>IEOCBNHACGJBPHFDBPIFGMDFLHDEGDPIKDALKPAGOHFEBEGPNPBEACMIEPPLKFDCFMBGGOOMBOLLBNMPMCBCAONPDLCPJJMHGILGEEKICPACGCBMJGMNIBPIGNJLIHFDGEPJJCLEIKINHBNBEPNGLMPBEBMEPJDL</LOG>
<LOG>IEOCBNHACGJBPHFDBPIFGMDFLHDEGDPIKDALKPAGOHFEBEGPNPBEACMIEPPLKFDCFMBGGOOMBOLLBNMPPFKMJPCCEDMANDBFHBJECHDIEDIEIBKLLHGNNMHLANNLKJAJAJNIPFEMBPFMHFPL</LOG>
<LOG>IEOCBNHACGJBPHFDBPIFGMDFLHDEGDPIKDALKPAGOHFEBEGPNPBEACMIEPPLKFDCFMBGGOOMBOLLBNMPDKDNPJDIMGOFIODLFBMCPGKOPCGGBAHKKHOOPDNBLKBLOHGK</LOG>
<LOG>IEOCBNHACGJBPHFDNGCIEMIAJGLEOMDPKDALKPAGOHFEBEGPNPBEACMIEPPLKFDCFMBGGOOMBOLLBNMPDKDNPJDIMGOFIODLGBHCGBFGBDACNEIJGPACGMPCOBEDJLFPAJFLOPGOONDFJCCN</LOG>
<LOG>IEOCBNHACGJBPHFDMGOFHLPOGDPPFNCPKDALKPAGOHFEBEGPNPBEACMIEPPLKFDCFMBGGOOMBOLLBNMPMCBCAONPDLCPJJMHGILGEEKICPACGCBMAEIKLPHFPGDDBJGIHDDAAEAHMIHLNFIJ</LOG>
<LOG>IEOCBNHACGJBPHFDMGOFHLPOGDPPFNCPKDALKPAGOHFEBEGPNPBEACMIEPPLKFDCFMBGGOOMBOLLBNMPPFKMJPCCEDMANDBFHBJECHDIEDIEIBKLNHOBFEGNLEHDJJMABMLMKKPBFBODJFHFFEADGIENMGGLFOBN</LOG>
<LOG>IEOCBNHACGJBPHFDMGOFHLPOGDPPFNCPKDALKPAGOHFEBEGPNPBEACMIEPPLKFDCFMBGGOOMBOLLBNMPMCBCAONPDLCPJJMHGILGEEKICPACGCBMMJMOAGGFFCPFJJKFAANNJOJDAJKIJPJC</LOG>
<LOG>IEOCBNHACGJBPHFDDFMBPMNEMGBHINKHKDALKPAGOHFEBEGPNPBEACMIEPPLKFDCFMBGGOOMBOLLBNMPLCGCPHCAFPJGGHNIAGEDBCDJBBDEOFPKPJIOPBJJENAPMDNH</LOG>
<LOG>IEOCBNHACGJBPHFDDFMBPMNEMGBHINKHKDALKPAGOHFEBEGPNPBEACMIEPPLKFDCFMBGGOOMBOLLBNMPMCBCAONPDLCPJJMHGILGEEKICPACGCBMNBFGALAOENGNHLBDCHELMJOGOGMDMHNJ</LOG>
<LOG>IEOCBNHACGJBPHFDDFMBPMNEMGBHINKHKDALKPAGOHFEBEGPNPBEACMIEPPLKFDCFMBGGOOMBOLLBNMPPFKMJPCCEDMANDBFHBJECHDIEDIEIBKLIHBFMGEBFLNEMKMAJCAEMMFMFGBLFBMHBMLMKKPBFBODJFHFFEADGIENMGGLFOBN</LOG>
<LOG>IEOCBNHACGJBPHFDOANHOHDHMNPBMLAAKDALKPAGOHFEBEGPNPBEACMIEPPLKFDCFMBGGOOMBOLLBNMPMCBCAONPDLCPJJMHFJHDNGENHGKAEOPEEEHBJGCLDLOFLKAABLNNHFPBHPBAMGOG</LOG>
<LOG>IEOCBNHACGJBPHFDOANHOHDHMNPBMLAAKDALKPAGOHFEBEGPNPBEACMIEPPLKFDCFMBGGOOMBOLLBNMPPFKMJPCCEDMANDBFHBJECHDIEDIEIBKLMDAHNNCKLDNAOPACDAJFENENDKNFHEJGHCGIBADAJHJBBBEPHJAOENFGAMCAAEKK</LOG>
<LOG>IEOCBNHACGJBPHFDOANHOHDHMNPBMLAAKDALKPAGOHFEBEGPNPBEACMIEPPLKFDCFMBGGOOMBOLLBNMPMCBCAONPDLCPJJMHDHJJJOAPGGLBIMIKCIFMNDDNJBADEHBIOOGKKMDCJHHHIPEF</LOG>
<LOG>IEOCBNHACGJBPHFDOANHOHDHMNPBMLAAKDALKPAGOHFEBEGPNPBEACMIEPPLKFDCFMBGGOOMBOLLBNMPKDIPNDCMFKMGMELIIONLCHMDLOOCGOLBECOGPLEOCBKJOHACBNNJGELIHEBBNFBAFCFEAECOKCCKPPMEEPFKDKHNDCBEAGAABNKDEIKHFJGKCPPAKJJLCNBOOPPLHCCAAEAKAEIHJKMKADEEFFPBFPMGFGEHLALOPPBCLOBFOBLAFENKMCCCNLGEGBMCKGCBBKLLHFCLMPCKAALIAJOONLGKNCJEPOLAHAMLEONILPABGPCN</LOG>
<LOG>IEOCBNHACGJBPHFDOANHOHDHMNPBMLAAKDALKPAGOHFEBEGPNPBEACMIEPPLKFDCFMBGGOOMBOLLBNMPJIPJNKKIJBAMGHOKHPHGKBKLKAIEPEONCBJNEPMFGJFKPAFDBGIGOAFMJONDCBBBJHLLDOIKJJODOOKMCABKFHALNBDNBEHKBHBKPPOBCDIAGNLMHJIDLKILBEMOIMIHOOPKIAKGIMDHABOCIENGHBBFOJLCIFDGHJJCGLLANOHMIOCJBAENJCKCAPHHPHIHPDELEMBHGFJGBBLE</LOG>
<LOG>IEOCBNHACGJBPHFDOANHOHDHMNPBMLAAKDALKPAGOHFEBEGPNPBEACMIEPPLKFDCFMBGGOOMBOLLBNMPBGAIPOALPJLKFODBBHOLGJFLADADPKNNKFOGFKMLPMJPFLOALILPFHCLEEGANKOP</LOG>
<LOG>IEOCBNHACGJBPHFDOANHOHDHMNPBMLAAKDALKPAGOHFEBEGPNPBEACMIEPPLKFDCFMBGGOOMBOLLBNMPDOMAIPNEELGHJAFMJBIMEGKHKMDBNDAIDOPGNCOCLELADJFB</LOG>
11:30:13.061 0000346c  <log> [wsimage]  LoadCalibration rc=0 profiling=25(ms)
11:30:13.061 0000346c  <log> [_wsapi_]  -ws_create_waveshaper_forsimulation rc=0
11:30:13.061 0000346c  <log> [_wsapi_]  +ws_open_waveshaper ws=wsSN200157
11:30:13.062 0000346c  <log> [wvshaper] OpenWaveShaper
11:30:13.062 0000346c  <log> [portmgr]  NLocatePort rc=0 profiling=0(ms)
11:30:13.062 0000346c  <dbg> [factory]  CreateModule cid=WSSimPort iid=IPort
<LOG>IEOCBNHACGJBPHFDIKDIGEANDLDMANGBKDALKPAGOHFEBEGPIPMDONLIEEJPIHKAKJDAHCHDEEIACLIGJAOMJAJKFNHHNGAGEHBGCGJJHENPOAOLBGODHPGHLOIIMHCJBLNNHFPBHPBAMGOG</LOG>
11:30:13.062 0000346c  <dbg> [factory]  CreateModule cid=WSSimPort iid=IPort
<LOG>IEOCBNHACGJBPHFDIKDIGEANDLDMANGBKDALKPAGOHFEBEGPIPMDONLIEEJPIHKAKJDAHCHDEEIACLIGJAOMJAJKFNHHNGAGEHBGCGJJHENPOAOLBGODHPGHLOIIMHCJBLNNHFPBHPBAMGOG</LOG>
11:30:13.062 0000346c  <log> [_wsapi_]  -ws_open_waveshaper rc=0
11:30:13.078 0000346c  <log> [_wsapi_]  +ws_get_portcount ws=wsSN200157
11:30:13.078 0000346c  <log> [_wsapi_]  nport=1
11:30:13.078 0000346c  <log> [_wsapi_]  -ws_get_portcount rc=0
11:30:13.078 0000346c  <log> [_wsapi_]  +ws_get_frequencyrange ws=wsSN200157
11:30:13.079 0000346c  <log> [_wsapi_]  start=187.274994 stop=196.274994
11:30:13.079 0000346c  <log> [_wsapi_]  -ws_get_frequencyrange rc=0
11:30:13.079 0000346c  <log> [_wsapi_]  +ws_load_predefinedprofile ws=wsSN200157
11:30:13.079 0000346c  <log> [_wsapi_]  create_predefinedfilter rc=0 entries_size=2
11:30:13.079 0000346c  <log> [_wsapi_]  validate profile rc=1000000
<LOG>IEOCBNHACGJBPHFDNGCJDNODODCBBHFPKDALKPAGOHFEBEGPNPBEACMIEPPLKFDCFMBGGOOMBOLLBNMPONEODFKNPBNMPNMLEMKPMCPPALKJONJOFDEOHFFOBFFLJKLNBKLLHFCLMPCKAALICPMIAECAADNLENABFFCFAGOAJLGIFCOFFCHCOOGJICDDMDDH</LOG>
<LOG>IEOCBNHACGJBPHFDNGCJDNODODCBBHFPKDALKPAGOHFEBEGPNPBEACMIEPPLKFDCFMBGGOOMBOLLBNMPPHJLBACOONKBIKBMKEPHAOPNNIMGJDONIHOFILHKIGIALJFCOLJHDMOCPBHONLDLEKJEAFJAIJMNIGKGEFELBDAIEPGMDNEKJMMCCAHIFLLFCOAIICAFKEABMLLNLPPHCHELMJOGOGMDMHNJ</LOG>
11:30:13.079 0000346c  <log> [wsimage]  LoadFilter rc=0 profiling=0(ms)
11:30:13.079 0000346c  <log> [_wsapi_]  LoadFilter rc=0
<LOG>LGNEMIMJBMMKBHDHOLDJBJMHKEGNOMLOJKPILAELAKEKPMNOFMJKMOGOGPFAGIGKFMJKMOGOGPFAGIGKFMJKMOGOGPFAGIGKIIDCMDNGMHHGLINHOHMHHIOGEFIOAAKGLCLMGNDMGNFKIBJA</LOG>
<LOG>IEOCBNHACGJBPHFDNGCJDNODODCBBHFPKDALKPAGOHFEBEGPIPMDONLIEEJPIHKAKJDAHCHDEEIACLIGFHIPGCDKJPHGBGEMOGFHPFDDDBDEAGME</LOG>
<LOG>AECNJIFMKCDDHFLJNPPCECPOMOAFFPFOKDALKPAGOHFEBEGPIPMDONLIEEJPIHKAKJDAHCHDEEIACLIGKIAJLPPOKECGHNADDHOODOFGPAIAHDBD</LOG>
<LOG>GFLOAOHKCGPOAIGGGHPOKOHIOKOGANKNGIKMKIGBMDFCJBIBFFINIEPOOIHLHBKMOCDKBOMJBPEHCDJKOMKFHOCHIBBJOBFOAOHCNOBANEKKOBIMBEEADEDPGBMOPOGOGJANKMDILDOLJPADLNMLOGIOHFNAECEKFPICLJGBNCGNHDPNDPDOPCEDHFKKFKGMMEBGPJPEMHEINDJOFMJKMOGOGPFAGIGKGPGAALBOAALBIEKGJHLFPNAEMHPCIOLHDLODGAMGJOIEPMJCKAMJDPEBIHIJNBEI</LOG>
<LOG>AECNJIFMKCDDHFLJNPPCECPOMOAFFPFOKDALKPAGOHFEBEGPIPMDONLIEEJPIHKAKJDAHCHDEEIACLIGFHIPGCDKJPHGBGEMOGFHPFDDDBDEAGME</LOG>
<LOG>DBCCMMICJBAABCEINPPCECPOMOAFFPFOKDALKPAGOHFEBEGPIPMDONLIEEJPIHKAKJDAHCHDEEIACLIGKIAJLPPOKECGHNADDHOODOFGPAIAHDBD</LOG>
<LOG>PPBFLIOLCJEKCMOPFPPEGHCMMPOONHGKNPKNKJPNALPBAOADPJNMJHDALJIHJAPMACCOEGFLIGHCADADKCBOLMOJEKCGGHGHIHJLIEFHGEOMOCBIGJOABOHEJJKBGEKNFGEJDAMEIODJMLCIACJOANIBNOFCJGKGCEMCCBBOGFHKDCHDCLPGHINIBKGNMHOKJBECBLFBFIJPCGNCPPOCBEMJMIFCKIBBOOBNLLJBFPMEMFDBIBFHOBKCIFPJJDKKJLNJEINPLFNMMEMPELAPLIDIIJNMEIAGFMJKMOGOGPFAGIGKFMJKMOGOGPFAGIGKFMJKMOGOGPFAGIGKFMJKMOGOGPFAGIGKFMJKMOGOGPFAGIGKBDOCMHGCDHOIKILMFMJKMOGOGPFAGIGKKLMKAMCIKODPAKBH</LOG>
<LOG>DBCCMMICJBAABCEINPPCECPOMOAFFPFOKDALKPAGOHFEBEGPIPMDONLIEEJPIHKAKJDAHCHDEEIACLIGFHIPGCDKJPHGBGEMOGFHPFDDDBDEAGME</LOG>
<LOG>ENIPKOFDELFIBNHPJCHFBDLDHCNCBEPJKDALKPAGOHFEBEGPIPMDONLIEEJPIHKAKJDAHCHDEEIACLIGKIAJLPPOKECGHNADDHOODOFGPAIAHDBD</LOG>
<LOG>ENIPKOFDELFIBNHPJCHFBDLDHCNCBEPJKDALKPAGOHFEBEGPNPBEACMIEPPLKFDCFMBGGOOMBOLLBNMPLBAEMCJJDBFGMJGHMNOAINGOGPMNLDCIIPEBFOAHNEFJMFHG</LOG>
<LOG>ENIPKOFDELFIBNHPJCHFBDLDHCNCBEPJKDALKPAGOHFEBEGPNPBEACMIEPPLKFDCFMBGGOOMBOLLBNMPBCJMNJIEHEEHKIEFNIIBFNKKGPIPHIHLJFOKCDLCMDJPFLPGLDEIIJJMKAMAMHIAOJIBMHNGDJDNPLKLPBNFIKGDEEFOBDIFNJENKGHMIPDEACADCBGMMPLKHCGODDKLBMADKHIJJBKNALJE</LOG>
<LOG>ENIPKOFDELFIBNHPGMJIAFFBDIDAPCNCKDALKPAGOHFEBEGPNPBEACMIEPPLKFDCFMBGGOOMBOLLBNMPDNEBLCHBLIGOOGCKDAIFIKJJLBGPLAGJHAINLBBGNNNKNDOFBOFOCDCGHDGKFGHE</LOG>
<LOG>ENIPKOFDELFIBNHPGMJIAFFBDIDAPCNCKDALKPAGOHFEBEGPNPBEACMIEPPLKFDCFMBGGOOMBOLLBNMPDJGGGNMCCJJNCMOAHPFBOJDPDADGFLEKBHOAMPDMONOMBJHANGGBLLHDIJINEMKB</LOG>
<LOG>ENIPKOFDELFIBNHPAKLPFEHMNIEFJMJMKDALKPAGOHFEBEGPNPBEACMIEPPLKFDCFMBGGOOMBOLLBNMPDJGGGNMCCJJNCMOAPBBLIDDGBIDGNEPIDHOODOFGPAIAHDBD</LOG>
<LOG>ENIPKOFDELFIBNHPAKLPFEHMNIEFJMJMKDALKPAGOHFEBEGPNPBEACMIEPPLKFDCFMBGGOOMBOLLBNMPDJGGGNMCCJJNCMOABEBCEGCLLLEBOCIIJEGILMNFAEABDIBEEPNGLMPBEBMEPJDL</LOG>
11:30:22.087 0000346c  <log> [wsimage]  ComputeImage startcol=0 endcol=1276 rc=0 profiling=5(ms)
11:30:22.090 0000346c  <log> [wvshaper] Image compressed size=127934
11:30:22.090 0000346c  <log> [wvshaper] CompressImage lenout=127934 rc=0 profiling=2(ms)
<LOG>COHEADFDBFNOGAMHBNBHHDKBKCBLPIHMFCJNALENJNJKBEMPLCKCAGJMDDNAHFEAHJFCFDBFHKOLJLFKFEFBFGJIMLGAMCMKPEKHFJPHEOGCHCFDIAHMKJJHGJEGAOPPKKKHNDGIHPNFPGNGHNLFEPGHBNJODOKAOOBKFAIFKDMMENNBIPFHCBGGEMHFIABPMEBGPJPEMHEINDJOFMJKMOGOGPFAGIGKGPGAALBOAALBIEKGFHLKJMDJDPAKMKJMGACLHMEADHNJFEOBKAMJDPEBIHIJNBEI</LOG>
<LOG>ENIPKOFDELFIBNHPKHOAOFFJCDGIKPAGKDALKPAGOHFEBEGPIPMDONLIEEJPIHKAKJDAHCHDEEIACLIGFHIPGCDKJPHGBGEMOGFHPFDDDBDEAGME</LOG>
<LOG>COHEADFDBFNOGAMHBNBHHDKBKCBLPIHMFCJNALENJNJKBEMPLCKCAGJMDDNAHFEAHJFCFDBFHKOLJLFKFEFBFGJIMLGAMCMKPEKHFJPHEOGCHCFDIAHMKJJHGJEGAOPPKKKHNDGIHPNFPGNGHNLFEPGHBNJODOKAOOBKFAIFKDMMENNBIPFHCBGGEMHFIABPMHNJGIHCDHONHIFLDAFOIICCKLOJJAFDONCOPFCOAAJBDCLJFHLKJMDJDPAKMKJMCCLDGDLELOCICHEILOCNFLMJPMNOHNGEAHDMHMHEHMBLHHPNEOPGIECNDPOIGOFAOPEMIAIBMPOHONILKFPBDJHJPENLBNNFHDPFPHJNDCHINDPOJFCOLLENNDLPGBIPEOGHNDOCECFBECIFNIEMACOPCCDLOHDOEIHIMAHEHIBIBMLJMEBGPJPEMHEINDJOFMJKMOGOGPFAGIGKFMJKMOGOGPFAGIGKFMJKMOGOGPFAGIGKFMJKMOGOGPFAGIGKMDKDPIPEFHGOJKDFFMJKMOGOGPFAGIGKKBMMAOEMHGIFFHHG</LOG>
<LOG>ENIPKOFDELFIBNHPKHOAOFFJCDGIKPAGKDALKPAGOHFEBEGPIPMDONLIEEJPIHKAKJDAHCHDEEIACLIGKIAJLPPOKECGHNADDHOODOFGPAIAHDBD</LOG>
11:30:22.090 0000346c  <log> [wvshaper] Sending through SPI...
<LOG>KMFKCFKKNIMHLNLJPHFBMMHGMEJDAOPFCBGPHAMDKPNLDLMJMFIOKHLHAEGFILKLNCBKMHPHLLEECOCBJHHJHFDGJDHECJMNMPOJLJBPHODCKFLFELFLGCBGFIIMPKMHBCPJFFNCEGPKCPKKFHNDAHEGFDMHBNNOFBOJKLGOCIGGPPGHKPIKHHNPJLGOOCEDNIEFHLGMOMAJNODKCNLHAGDONBMKLHMKNOKFOJMHKIAHLDAIHAFHNCFMCPPHLFJLIIJPLNEJFJNFGGBGAGNIONICJCLPFGCMAAIEDPBHBFPLKAKGAJJBNJLDMHCAONKGKONMMAKIEFGLBEAKPEMGKMHKAOFOPLPAEADFEMMOHIPLIKDHJCBCIBNAIMGDBCLCOFKCLCIJMCCPKMLDKPBLBGFMDBMAKLNHHDLIGFNEHAGOIJBFMLJJOCBEBJLMGGILFOCJKGPPPGMNFGBHPMPKIEOPHCEEGNGPFAJPKOJIFOAHKHIDDFMAIDGHKAGLNOKMHIGOMMNBKOLCDPADNFEPLEEKAJGNJCAGFEDMBMENOACMDLBA</LOG>
<LOG>AEFPAFKOCEHDLKPPOKELBEAOHNAKPFPDAFABAMLMGMDCNIBP</LOG>
<LOG>BNLBMLBJGJOCMCJGEJJKCODFEBLIJIANMEGEJBLLNKFKJEHHEHEHJGHDFKMNBCAONMOLEDAFFFBILPCILJKKHDEBOHKFCLIIBMCLDHABFMLDDFBJPDGDCECHPLKEOINLLLIIEFBGGJPDGCCFBIFJELIHHKALKBOOBLJLJKHAFBEKHDOOBDNDOCHGJKNJMPNJIACCPPGOJFIPDHNKLBLEBMHDCBHOIELBMAOALBOCPFEHLMLJKICDPHOKIIKGLEPBBBNHLAOKLKHNGAOFGIKHBBKMGCKOLNHPDECAOLMAHOKICPAPIHJIFDIFABDKHKPLBBJIGLIJIFKJCFODBFAGIGAKEAPOMMCBNIFCBBEMMDADMNIKGHNGDOABCOGKAFAMFCMLLBKAKOCEIJDHEAFCCJHPHAABMHLLCANOFPHBHNHKAKNILLCNCJDKGMJACKJJNGHHCCBPICKPAOJGKNIMEPGHOHHDOLEPKMNJFNGNKMHJBNJJBPBOKHJJKOJEIEEHLAFOKFEHBBIEKHNMJIIJMNGCPJEFBEJEJCCJBKBMAHCMHFKL</LOG>
<LOG>ENIPKOFDELFIBNHPAMKHDHNIDCJDDFPDKDALKPAGOHFEBEGPIPMDONLIEEJPIHKAKJDAHCHDEEIACLIGFHIPGCDKJPHGBGEMOGFHPFDDDBDEAGME</LOG>
<LOG>IHOAPLIBKOOHGPHOJAONLDMFKCIAPENFFMJKMOGOGPFAGIGKFMJKMOGOGPFAGIGKFMJKMOGOGPFAGIGKFMJKMOGOGPFAGIGKOIGLFAEMCFEEFLGAFMJKMOGOGPFAGIGKLCLMGNDMGNFKIBJA</LOG>
<LOG>ENIPKOFDELFIBNHPAMKHDHNIDCJDDFPDKDALKPAGOHFEBEGPIPMDONLIEEJPIHKAKJDAHCHDEEIACLIGKIAJLPPOKECGHNADDHOODOFGPAIAHDBD</LOG>
11:30:22.153 0000346c  <log> [wvshaper] DownloadImage Success rc=0 profiling=0(ms) 0(ms) 63(ms) 63(ms)
11:30:22.153 0000346c  <log> [_wsapi_]  -ws_load_predefinedprofile rc=0
11:30:44.483 0000346c  <log> [_wsapi_]  +ws_close_waveshaper ws=wsSN200157
11:30:44.483 0000346c  <log> [wvshaper] CloseWaveShaper
<LOG>EHFPNONINBCMCJNMNGOKGFDPIBCHOICEKDALKPAGOHFEBEGPIPMDONLIEEJPIHKAKJDAHCHDEEIACLIGHBLADLKPLJPOLDEIPEIHMKMGGIBHALEC</LOG>
<LOG>EHFPNONINBCMCJNMNGOKGFDPIBCHOICEKDALKPAGOHFEBEGPIPMDONLIEEJPIHKAKJDAHCHDEEIACLIGHBLADLKPLJPOLDEIPEIHMKMGGIBHALEC</LOG>
11:30:44.483 0000346c  <log> [_wsapi_]  -ws_close_waveshaper rc=0
11:30:44.484 0000346c  <log> [_wsapi_]  +ws_delete_waveshaper ws=wsSN200157
11:30:44.484 0000346c  <log> [wvshaper] CloseWaveShaper
11:30:44.484 0000346c  <log> [wvshaper] WaveShaper Deleted id=
<LOG>EHFPNONINBCMCJNMLBJKBOPNKONLCMOKKDALKPAGOHFEBEGPNPBEACMIEPPLKFDCFMBGGOOMBOLLBNMPLIMANMJDAHDIAENFEILIOOEPOMNLMFBFCBBNLPDHCMEFBCLL</LOG>
11:30:44.484 0000346c  <log> [wsimage]  WaveShaperImage Deleted
11:30:44.485 0000346c  <log> [_wsapi_]  -ws_delete_waveshaper rc=0
=======START LOGGING=======
11:31:30.256 0000346c  <log> [factory]  RegisterModule cls=WaveShaperImage
11:31:30.256 0000346c  <log> [factory]  RegisterModule cls=WaveShaper
11:31:30.256 0000346c  <log> [factory]  RegisterModule cls=WaveShaper
11:31:30.256 0000346c  <log> [factory]  RegisterModule cls=MemBuffer
11:31:30.256 0000346c  <log> [factory]  RegisterModule cls=FTDI_Cheetah_PortManager
11:31:30.256 0000346c  <dbg> [factory]  CreateModule cid=FTDI_Cheetah_PortManager iid=IPortManager
11:31:30.257 0000346c  <log> [factory]  RegisterModule cls=WSSimPort
11:31:30.257 0000346c  <log> [factory]  RegisterModule cls=ComPort
11:31:30.257 0000346c  <log> [factory]  RegisterModule cls=FTDIComPort
11:31:30.257 0000346c  <log> [factory]  RegisterModule cls=FTDISPIPort
11:31:30.257 0000346c  <log> [factory]  RegisterModule cls=CheetahSPIPort
11:31:30.257 0000346c  <log> [_wsapi_]  Initialize WaveShaperAPI, version=2.7.3
11:31:30.257 0000346c  <log> [_wsapi_]  +ws_create_waveshaper ws=wsWS079973
11:31:30.257 0000346c  <dbg> [factory]  CreateModule cid=WaveShaper iid=IWaveShaper
11:31:30.257 0000346c  <dbg> [factory]  CreateModule cid=WaveShaperImage iid=IWaveShaperImage
11:31:30.257 0000346c  <dbg> [factory]  CreateModule cid=MemBuffer iid=IMemBuffer
11:31:30.257 0000346c  <dbg> [factory]  CreateModule cid=MemBuffer iid=IMemBuffer
11:31:30.257 0000346c  <dbg> [factory]  CreateModule cid=MemBuffer iid=IMemBuffer
11:31:30.257 0000346c  <dbg> [factory]  CreateModule cid=MemBuffer iid=IMemBuffer
<LOG>BLNGCEOKIPLBMABANJHLGFEKLJDBALKOKDALKPAGOHFEBEGPNPBEACMIEPPLKFDCFMBGGOOMBOLLBNMPIDENKHHLDEPCHADCFNBOLMIGCHDGLNDMBEPOHGGPEGMOGPMHDHOODOFGPAIAHDBD</LOG>
11:31:30.257 0000346c  <log> [wsimage]  LoadCalibration rc=-1 profiling=0(ms)
11:31:30.257 0000346c  <log> [wvshaper] CloseWaveShaper
11:31:30.257 0000346c  <log> [wvshaper] WaveShaper Deleted id=
11:31:30.257 0000346c  <log> [wsimage]  WaveShaperImage Deleted
11:31:30.257 0000346c  <log> [_wsapi_]  -ws_create_waveshaper rc=-1
11:33:12.464 0000346c  <log> [_wsapi_]  +ws_create_waveshaper ws=wsWS079973
11:33:12.464 0000346c  <dbg> [factory]  CreateModule cid=WaveShaper iid=IWaveShaper
11:33:12.464 0000346c  <dbg> [factory]  CreateModule cid=WaveShaperImage iid=IWaveShaperImage
11:33:12.464 0000346c  <dbg> [factory]  CreateModule cid=MemBuffer iid=IMemBuffer
11:33:12.464 0000346c  <dbg> [factory]  CreateModule cid=MemBuffer iid=IMemBuffer
11:33:12.464 0000346c  <dbg> [factory]  CreateModule cid=MemBuffer iid=IMemBuffer
11:33:12.464 0000346c  <dbg> [factory]  CreateModule cid=MemBuffer iid=IMemBuffer
<LOG>FPALMBPJOGECIPKPMBLDOJBJCKLJEBOBKDALKPAGOHFEBEGPNPBEACMIEPPLKFDCFMBGGOOMBOLLBNMPIDENKHHLDEPCHADCFNBOLMIGCHDGLNDMBEPOHGGPEGMOGPMHDHOODOFGPAIAHDBD</LOG>
11:33:12.464 0000346c  <log> [wsimage]  LoadCalibration rc=-1 profiling=0(ms)
11:33:12.464 0000346c  <log> [wvshaper] CloseWaveShaper
11:33:12.464 0000346c  <log> [wvshaper] WaveShaper Deleted id=
11:33:12.464 0000346c  <log> [wsimage]  WaveShaperImage Deleted
11:33:12.464 0000346c  <log> [_wsapi_]  -ws_create_waveshaper rc=-1
11:33:19.076 0000346c  <log> [_wsapi_]  +ws_create_waveshaper ws=wsWS079973
11:33:19.076 0000346c  <dbg> [factory]  CreateModule cid=WaveShaper iid=IWaveShaper
11:33:19.076 0000346c  <dbg> [factory]  CreateModule cid=WaveShaperImage iid=IWaveShaperImage
11:33:19.076 0000346c  <dbg> [factory]  CreateModule cid=MemBuffer iid=IMemBuffer
11:33:19.076 0000346c  <dbg> [factory]  CreateModule cid=MemBuffer iid=IMemBuffer
11:33:19.076 0000346c  <dbg> [factory]  CreateModule cid=MemBuffer iid=IMemBuffer
11:33:19.076 0000346c  <dbg> [factory]  CreateModule cid=MemBuffer iid=IMemBuffer
<LOG>JLAGCINENNLDHMJOJOKEEBFHLPIHEELPKDALKPAGOHFEBEGPNPBEACMIEPPLKFDCFMBGGOOMBOLLBNMPIDENKHHLDEPCHADCFNBOLMIGCHDGLNDMBEPOHGGPEGMOGPMHDHOODOFGPAIAHDBD</LOG>
11:33:19.076 0000346c  <log> [wsimage]  LoadCalibration rc=-1 profiling=0(ms)
11:33:19.076 0000346c  <log> [wvshaper] CloseWaveShaper
11:33:19.076 0000346c  <log> [wvshaper] WaveShaper Deleted id=
11:33:19.076 0000346c  <log> [wsimage]  WaveShaperImage Deleted
11:33:19.076 0000346c  <log> [_wsapi_]  -ws_create_waveshaper rc=-1
11:33:29.839 0000346c  <log> [_wsapi_]  +ws_create_waveshaper ws=wsWS079973
11:33:29.839 0000346c  <dbg> [factory]  CreateModule cid=WaveShaper iid=IWaveShaper
11:33:29.839 0000346c  <dbg> [factory]  CreateModule cid=WaveShaperImage iid=IWaveShaperImage
11:33:29.839 0000346c  <dbg> [factory]  CreateModule cid=MemBuffer iid=IMemBuffer
11:33:29.839 0000346c  <dbg> [factory]  CreateModule cid=MemBuffer iid=IMemBuffer
11:33:29.839 0000346c  <dbg> [factory]  CreateModule cid=MemBuffer iid=IMemBuffer
11:33:29.839 0000346c  <dbg> [factory]  CreateModule cid=MemBuffer iid=IMemBuffer
<LOG>LOOAKCNJILBFJOJMGFOBBJNFCBJKLOOOKDALKPAGOHFEBEGPNPBEACMIEPPLKFDCFMBGGOOMBOLLBNMPIDENKHHLDEPCHADCFNBOLMIGCHDGLNDMBEPOHGGPEGMOGPMHDHOODOFGPAIAHDBD</LOG>
11:33:29.839 0000346c  <log> [wsimage]  LoadCalibration rc=-1 profiling=0(ms)
11:33:29.839 0000346c  <log> [wvshaper] CloseWaveShaper
11:33:29.839 0000346c  <log> [wvshaper] WaveShaper Deleted id=
11:33:29.839 0000346c  <log> [wsimage]  WaveShaperImage Deleted
11:33:29.839 0000346c  <log> [_wsapi_]  -ws_create_waveshaper rc=-1
11:38:55.673 0000346c  <log> [_wsapi_]  +ws_create_waveshaper ws=wsWS082721
11:38:55.673 0000346c  <dbg> [factory]  CreateModule cid=WaveShaper iid=IWaveShaper
11:38:55.673 0000346c  <dbg> [factory]  CreateModule cid=WaveShaperImage iid=IWaveShaperImage
11:38:55.673 0000346c  <dbg> [factory]  CreateModule cid=MemBuffer iid=IMemBuffer
11:38:55.673 0000346c  <dbg> [factory]  CreateModule cid=MemBuffer iid=IMemBuffer
11:38:55.673 0000346c  <dbg> [factory]  CreateModule cid=MemBuffer iid=IMemBuffer
11:38:55.673 0000346c  <dbg> [factory]  CreateModule cid=MemBuffer iid=IMemBuffer
<LOG>GLALNKJOKAEBDJNIJMFNMCNCHMFIIBIBKDALKPAGOHFEBEGPNPBEACMIEPPLKFDCFMBGGOOMBOLLBNMPIDENKHHLDEPCHADCFNBOLMIGCHDGLNDMBEPOHGGPEGMOGPMHDHOODOFGPAIAHDBD</LOG>
11:38:55.673 0000346c  <log> [wsimage]  LoadCalibration rc=-1 profiling=0(ms)
11:38:55.673 0000346c  <log> [wvshaper] CloseWaveShaper
11:38:55.674 0000346c  <log> [wvshaper] WaveShaper Deleted id=
11:38:55.674 0000346c  <log> [wsimage]  WaveShaperImage Deleted
11:38:55.674 0000346c  <log> [_wsapi_]  -ws_create_waveshaper rc=-1
11:39:32.614 0000346c  <log> [_wsapi_]  +ws_create_waveshaper ws=wsWS082721
11:39:32.614 0000346c  <dbg> [factory]  CreateModule cid=WaveShaper iid=IWaveShaper
11:39:32.614 0000346c  <dbg> [factory]  CreateModule cid=WaveShaperImage iid=IWaveShaperImage
11:39:32.614 0000346c  <dbg> [factory]  CreateModule cid=MemBuffer iid=IMemBuffer
11:39:32.614 0000346c  <dbg> [factory]  CreateModule cid=MemBuffer iid=IMemBuffer
11:39:32.614 0000346c  <dbg> [factory]  CreateModule cid=MemBuffer iid=IMemBuffer
11:39:32.614 0000346c  <dbg> [factory]  CreateModule cid=MemBuffer iid=IMemBuffer
<LOG>LPJLLALHBFOOHJDKKPGCOMKFGHEPEAEAKDALKPAGOHFEBEGPNPBEACMIEPPLKFDCFMBGGOOMBOLLBNMPIDENKHHLDEPCHADCFNBOLMIGCHDGLNDMBEPOHGGPEGMOGPMHDHOODOFGPAIAHDBD</LOG>
11:39:32.615 0000346c  <log> [wsimage]  LoadCalibration rc=-1 profiling=1(ms)
11:39:32.615 0000346c  <log> [wvshaper] CloseWaveShaper
11:39:32.615 0000346c  <log> [wvshaper] WaveShaper Deleted id=
11:39:32.615 0000346c  <log> [wsimage]  WaveShaperImage Deleted
11:39:32.615 0000346c  <log> [_wsapi_]  -ws_create_waveshaper rc=-1
11:39:41.183 0000346c  <log> [_wsapi_]  +ws_create_waveshaper ws=wsWS082721
11:39:41.183 0000346c  <dbg> [factory]  CreateModule cid=WaveShaper iid=IWaveShaper
11:39:41.183 0000346c  <dbg> [factory]  CreateModule cid=WaveShaperImage iid=IWaveShaperImage
11:39:41.183 0000346c  <dbg> [factory]  CreateModule cid=MemBuffer iid=IMemBuffer
11:39:41.183 0000346c  <dbg> [factory]  CreateModule cid=MemBuffer iid=IMemBuffer
11:39:41.183 0000346c  <dbg> [factory]  CreateModule cid=MemBuffer iid=IMemBuffer
11:39:41.183 0000346c  <dbg> [factory]  CreateModule cid=MemBuffer iid=IMemBuffer
<LOG>INIJAOEKKPLAPHNKDKHNLAKBIPCEFMCAKDALKPAGOHFEBEGPNPBEACMIEPPLKFDCFMBGGOOMBOLLBNMPIDENKHHLDEPCHADCFNBOLMIGCHDGLNDMBEPOHGGPEGMOGPMHDHOODOFGPAIAHDBD</LOG>
11:39:41.183 0000346c  <log> [wsimage]  LoadCalibration rc=-1 profiling=0(ms)
11:39:41.183 0000346c  <log> [wvshaper] CloseWaveShaper
11:39:41.183 0000346c  <log> [wvshaper] WaveShaper Deleted id=
11:39:41.183 0000346c  <log> [wsimage]  WaveShaperImage Deleted
11:39:41.183 0000346c  <log> [_wsapi_]  -ws_create_waveshaper rc=-1
11:40:29.553 0000346c  <log> [_wsapi_]  +ws_create_waveshaper ws=wsWS082721
11:40:29.554 0000346c  <dbg> [factory]  CreateModule cid=WaveShaper iid=IWaveShaper
11:40:29.554 0000346c  <dbg> [factory]  CreateModule cid=WaveShaperImage iid=IWaveShaperImage
11:40:29.554 0000346c  <dbg> [factory]  CreateModule cid=MemBuffer iid=IMemBuffer
11:40:29.554 0000346c  <dbg> [factory]  CreateModule cid=MemBuffer iid=IMemBuffer
11:40:29.554 0000346c  <dbg> [factory]  CreateModule cid=MemBuffer iid=IMemBuffer
11:40:29.554 0000346c  <dbg> [factory]  CreateModule cid=MemBuffer iid=IMemBuffer
<LOG>ADEAPEFBCELNOJPPIOJAKECIMPMGJDODKDALKPAGOHFEBEGPNPBEACMIEPPLKFDCFMBGGOOMBOLLBNMPIDENKHHLDEPCHADCFNBOLMIGCHDGLNDMBEPOHGGPEGMOGPMHDHOODOFGPAIAHDBD</LOG>
11:40:29.554 0000346c  <log> [wsimage]  LoadCalibration rc=-1 profiling=0(ms)
11:40:29.554 0000346c  <log> [wvshaper] CloseWaveShaper
11:40:29.554 0000346c  <log> [wvshaper] WaveShaper Deleted id=
11:40:29.554 0000346c  <log> [wsimage]  WaveShaperImage Deleted
11:40:29.554 0000346c  <log> [_wsapi_]  -ws_create_waveshaper rc=-1
11:40:43.840 0000346c  <log> [_wsapi_]  +ws_create_waveshaper ws=wsWS082721
11:40:43.840 0000346c  <dbg> [factory]  CreateModule cid=WaveShaper iid=IWaveShaper
11:40:43.840 0000346c  <dbg> [factory]  CreateModule cid=WaveShaperImage iid=IWaveShaperImage
11:40:43.840 0000346c  <dbg> [factory]  CreateModule cid=MemBuffer iid=IMemBuffer
11:40:43.840 0000346c  <dbg> [factory]  CreateModule cid=MemBuffer iid=IMemBuffer
11:40:43.840 0000346c  <dbg> [factory]  CreateModule cid=MemBuffer iid=IMemBuffer
11:40:43.840 0000346c  <dbg> [factory]  CreateModule cid=MemBuffer iid=IMemBuffer
<LOG>KHCDMKPDHKDDLBJEPNCBIOIEOOHCOCOEKDALKPAGOHFEBEGPNPBEACMIEPPLKFDCFMBGGOOMBOLLBNMPIDENKHHLDEPCHADCFNBOLMIGCHDGLNDMBEPOHGGPEGMOGPMHDHOODOFGPAIAHDBD</LOG>
11:40:43.840 0000346c  <log> [wsimage]  LoadCalibration rc=-1 profiling=0(ms)
11:40:43.840 0000346c  <log> [wvshaper] CloseWaveShaper
11:40:43.840 0000346c  <log> [wvshaper] WaveShaper Deleted id=
11:40:43.840 0000346c  <log> [wsimage]  WaveShaperImage Deleted
11:40:43.840 0000346c  <log> [_wsapi_]  -ws_create_waveshaper rc=-1
11:40:46.654 0000346c  <log> [_wsapi_]  +ws_create_waveshaper ws=wsWS082721
11:40:46.654 0000346c  <dbg> [factory]  CreateModule cid=WaveShaper iid=IWaveShaper
11:40:46.654 0000346c  <dbg> [factory]  CreateModule cid=WaveShaperImage iid=IWaveShaperImage
11:40:46.654 0000346c  <dbg> [factory]  CreateModule cid=MemBuffer iid=IMemBuffer
11:40:46.654 0000346c  <dbg> [factory]  CreateModule cid=MemBuffer iid=IMemBuffer
11:40:46.654 0000346c  <dbg> [factory]  CreateModule cid=MemBuffer iid=IMemBuffer
11:40:46.654 0000346c  <dbg> [factory]  CreateModule cid=MemBuffer iid=IMemBuffer
<LOG>LCLLBMOPPMKDIHJHKDOPJDELJODNFOHDKDALKPAGOHFEBEGPNPBEACMIEPPLKFDCFMBGGOOMBOLLBNMPIDENKHHLDEPCHADCFNBOLMIGCHDGLNDMBEPOHGGPEGMOGPMHDHOODOFGPAIAHDBD</LOG>
11:40:46.654 0000346c  <log> [wsimage]  LoadCalibration rc=-1 profiling=0(ms)
11:40:46.654 0000346c  <log> [wvshaper] CloseWaveShaper
11:40:46.654 0000346c  <log> [wvshaper] WaveShaper Deleted id=
11:40:46.654 0000346c  <log> [wsimage]  WaveShaperImage Deleted
11:40:46.654 0000346c  <log> [_wsapi_]  -ws_create_waveshaper rc=-1
11:40:55.817 0000346c  <log> [_wsapi_]  +ws_create_waveshaper ws=wsSN082721
11:40:55.818 0000346c  <dbg> [factory]  CreateModule cid=WaveShaper iid=IWaveShaper
11:40:55.818 0000346c  <dbg> [factory]  CreateModule cid=WaveShaperImage iid=IWaveShaperImage
11:40:55.818 0000346c  <dbg> [factory]  CreateModule cid=MemBuffer iid=IMemBuffer
11:40:55.818 0000346c  <dbg> [factory]  CreateModule cid=MemBuffer iid=IMemBuffer
11:40:55.818 0000346c  <dbg> [factory]  CreateModule cid=MemBuffer iid=IMemBuffer
11:40:55.818 0000346c  <dbg> [factory]  CreateModule cid=MemBuffer iid=IMemBuffer
<LOG>EPOLPAAMCEBJLLKLHPNJMMHIADBGFFHHKDALKPAGOHFEBEGPNPBEACMIEPPLKFDCFMBGGOOMBOLLBNMPCFEMJMGBPCIJILNLLOAHEAFPELDLPOHNPHFPANEIDAIHDNJJ</LOG>
<LOG>EPOLPAAMCEBJLLKLDBLOFIBILGJGFAEEKDALKPAGOHFEBEGPNPBEACMIEPPLKFDCFMBGGOOMBOLLBNMPCOCHOFBHBNCFGKPJKFFPFNEEDCDKMKIJHCBNHFJAPBHFOPLJFBOMDFNNNEHHDGOGMAEPKPFJCLGGOMDP</LOG>
<LOG>EPOLPAAMCEBJLLKLDBLOFIBILGJGFAEEKDALKPAGOHFEBEGPNPBEACMIEPPLKFDCFMBGGOOMBOLLBNMPDKJBCIBBDFFIFJKPHAMAJIBDDHCEFJDG</LOG>
<LOG>EPOLPAAMCEBJLLKLDBLOFIBILGJGFAEEKDALKPAGOHFEBEGPNPBEACMIEPPLKFDCFMBGGOOMBOLLBNMPDKJBCIBBDFFIFJKPAABBCFOHGONGLBOA</LOG>
<LOG>EPOLPAAMCEBJLLKLDBLOFIBILGJGFAEEKDALKPAGOHFEBEGPNPBEACMIEPPLKFDCFMBGGOOMBOLLBNMPDKJBCIBBDFFIFJKPDLNDBLECAKONICKA</LOG>
<LOG>EPOLPAAMCEBJLLKLDBLOFIBILGJGFAEEKDALKPAGOHFEBEGPNPBEACMIEPPLKFDCFMBGGOOMBOLLBNMPDKJBCIBBDFFIFJKPHONKGIGPAIFNEBMH</LOG>
<LOG>EPOLPAAMCEBJLLKLDBLOFIBILGJGFAEEKDALKPAGOHFEBEGPNPBEACMIEPPLKFDCFMBGGOOMBOLLBNMPDKJBCIBBDFFIFJKPGLLLOELCCFHKEKLI</LOG>
<LOG>EPOLPAAMCEBJLLKLDBLOFIBILGJGFAEEKDALKPAGOHFEBEGPNPBEACMIEPPLKFDCFMBGGOOMBOLLBNMPDKJBCIBBDFFIFJKPFHFJFDLJCCBKDKJO</LOG>
<LOG>EPOLPAAMCEBJLLKLDBLOFIBILGJGFAEEKDALKPAGOHFEBEGPNPBEACMIEPPLKFDCFMBGGOOMBOLLBNMPDKJBCIBBDFFIFJKPIGDGJNJHNCLCGKNJ</LOG>
<LOG>EPOLPAAMCEBJLLKLDBLOFIBILGJGFAEEKDALKPAGOHFEBEGPNPBEACMIEPPLKFDCFMBGGOOMBOLLBNMPDKJBCIBBDFFIFJKPLFBCNMEMCBBEOCGA</LOG>
<LOG>EPOLPAAMCEBJLLKLDBLOFIBILGJGFAEEKDALKPAGOHFEBEGPNPBEACMIEPPLKFDCFMBGGOOMBOLLBNMPDKJBCIBBDFFIFJKPPDLHMLOLNLOPIMDK</LOG>
<LOG>EPOLPAAMCEBJLLKLDBLOFIBILGJGFAEEKDALKPAGOHFEBEGPNPBEACMIEPPLKFDCFMBGGOOMBOLLBNMPDKJBCIBBDFFIFJKPAIPIJDDDPDAGHAKG</LOG>
<LOG>EPOLPAAMCEBJLLKLDBLOFIBILGJGFAEEKDALKPAGOHFEBEGPNPBEACMIEPPLKFDCFMBGGOOMBOLLBNMPDKJBCIBBDFFIFJKPCIDKMDFJDEEACMCK</LOG>
<LOG>EPOLPAAMCEBJLLKLDBLOFIBILGJGFAEEKDALKPAGOHFEBEGPNPBEACMIEPPLKFDCFMBGGOOMBOLLBNMPDKJBCIBBDFFIFJKPJMKBHALBFKHIDIPLCACDHMCAKBMBBIDJ</LOG>
<LOG>EPOLPAAMCEBJLLKLDBLOFIBILGJGFAEEKDALKPAGOHFEBEGPNPBEACMIEPPLKFDCFMBGGOOMBOLLBNMPDKJBCIBBDFFIFJKPGCIJFKGBEJCAGBIC</LOG>
<LOG>EPOLPAAMCEBJLLKLDBLOFIBILGJGFAEEKDALKPAGOHFEBEGPNPBEACMIEPPLKFDCFMBGGOOMBOLLBNMPDKJBCIBBDFFIFJKPOOMHMMMEJCOBCPOD</LOG>
<LOG>EPOLPAAMCEBJLLKLEKCGHOILIJBECENPKDALKPAGOHFEBEGPNPBEACMIEPPLKFDCFMBGGOOMBOLLBNMPBINDNGBCPBPGGHGBJBIMEGKHKMDBNDAIAHKFEENGLIAJGFGI</LOG>
<LOG>EPOLPAAMCEBJLLKLEKCGHOILIJBECENPKDALKPAGOHFEBEGPNPBEACMIEPPLKFDCFMBGGOOMBOLLBNMPPFKMJPCCEDMANDBFHBJECHDIEDIEIBKLBLPFFPPPLJIDFLLBEBOBJIKKHKHLOMID</LOG>
<LOG>EPOLPAAMCEBJLLKLEKCGHOILIJBECENPKDALKPAGOHFEBEGPNPBEACMIEPPLKFDCFMBGGOOMBOLLBNMPMEIELENCDJDIAMLFALNKPNANOFLONBJDIAPMNMKLPCNOFGGLOMHDIDIGCDMDNECI</LOG>
<LOG>EPOLPAAMCEBJLLKLEKCGHOILIJBECENPKDALKPAGOHFEBEGPNPBEACMIEPPLKFDCFMBGGOOMBOLLBNMPDJOBPKKLOFGPMFMKIGHCIHKHEAGCHBGMPOGGPCDFMNBIHKKF</LOG>
<LOG>EPOLPAAMCEBJLLKLEKCGHOILIJBECENPKDALKPAGOHFEBEGPNPBEACMIEPPLKFDCFMBGGOOMBOLLBNMPIFIBEFAFJGIHAKLAKEMLPMJDDBBFKBEBAGFFNACBLPILHPKO</LOG>
<LOG>EPOLPAAMCEBJLLKLEKCGHOILIJBECENPKDALKPAGOHFEBEGPNPBEACMIEPPLKFDCFMBGGOOMBOLLBNMPDPLGPLHAOJJLPCPJJGEJJECEPDBNLNHCEHDDCIMALMAMAMJE</LOG>
<LOG>EPOLPAAMCEBJLLKLKPIKFCLBAKNOEBNFKDALKPAGOHFEBEGPNPBEACMIEPPLKFDCFMBGGOOMBOLLBNMPHHODADKCHAJFCPJLCIIBACOECNCAJMPHPDJFNFKPNFJIGFDB</LOG>
<LOG>EPOLPAAMCEBJLLKLKPIKFCLBAKNOEBNFKDALKPAGOHFEBEGPNPBEACMIEPPLKFDCFMBGGOOMBOLLBNMPOGFFIEFFOPBNLFBBBLONLIJCDLMKIKIB</LOG>
<LOG>EPOLPAAMCEBJLLKLKPIKFCLBAKNOEBNFKDALKPAGOHFEBEGPNPBEACMIEPPLKFDCFMBGGOOMBOLLBNMPKMGKPJMMLLPBFFHPMOOMNLMNPMKBPFLD</LOG>
<LOG>EPOLPAAMCEBJLLKLKPIKFCLBAKNOEBNFKDALKPAGOHFEBEGPNPBEACMIEPPLKFDCFMBGGOOMBOLLBNMPDBIBEPIJGDNJLHPNKAILNBOICKECHLLHMMKHDHMMNNLGCNJKDAPCACICJAKIMGKOIKEDOBEALJLJMDFLJMKALENKIMEFBJHCIEELOMHGBFOFJCLL</LOG>
<LOG>EPOLPAAMCEBJLLKLKPIKFCLBAKNOEBNFKDALKPAGOHFEBEGPNPBEACMIEPPLKFDCFMBGGOOMBOLLBNMPBIBIGNGPADPJABHOHGJPPEIBBIHDNFCIKHOOPDNBLKBLOHGK</LOG>
<LOG>EPOLPAAMCEBJLLKLKPIKFCLBAKNOEBNFKDALKPAGOHFEBEGPNPBEACMIEPPLKFDCFMBGGOOMBOLLBNMPDPGPFNBLGNKMBJEJMOFAKJNNIMAAJBMPFACJOFGHNJJPAGEM</LOG>
<LOG>EPOLPAAMCEBJLLKLKPIKFCLBAKNOEBNFKDALKPAGOHFEBEGPNPBEACMIEPPLKFDCFMBGGOOMBOLLBNMPIFKIFKHLJHFGHOOBFLOCFJFFEGOPKCBJANCMHCADAIAOECOP</LOG>
<LOG>EPOLPAAMCEBJLLKLKPIKFCLBAKNOEBNFKDALKPAGOHFEBEGPNPBEACMIEPPLKFDCFMBGGOOMBOLLBNMPHLOKMCEKFDMACEPCIIODJIHOIICEKHCNPHKGGDEAJBHOLBCK</LOG>
<LOG>EPOLPAAMCEBJLLKLKPIKFCLBAKNOEBNFKDALKPAGOHFEBEGPNPBEACMIEPPLKFDCFMBGGOOMBOLLBNMPCMKJMGMAGMIGPGLILADCCDKLOGJLKNGHFLKFECMBOMIKINJNHCEDJCAPOJOGDCCNLCMHIIDCNAKACGJCPBNFIKGDEEFOBDIFELEKOCDIPNMNELNI</LOG>
<LOG>EPOLPAAMCEBJLLKLKPIKFCLBAKNOEBNFKDALKPAGOHFEBEGPNPBEACMIEPPLKFDCFMBGGOOMBOLLBNMPMCBCAONPDLCPJJMHGILGEEKICPACGCBMCCFINEMBPIAKLJJLFAOBENIMHOOKLLNNFJPMINGGEEJDAJJMCHELMJOGOGMDMHNJ</LOG>
<LOG>EPOLPAAMCEBJLLKLKPIKFCLBAKNOEBNFKDALKPAGOHFEBEGPNPBEACMIEPPLKFDCFMBGGOOMBOLLBNMPCNCJNKCMIEJIPPNDJPNMEMPAEDNOANOFDACLCICKFNPNALIP</LOG>
<LOG>EPOLPAAMCEBJLLKLKPIKFCLBAKNOEBNFKDALKPAGOHFEBEGPNPBEACMIEPPLKFDCFMBGGOOMBOLLBNMPFNFKJIKFOJJLDMLHNBKCDNIADKMPFBFAFACJOFGHNJJPAGEM</LOG>
<LOG>EPOLPAAMCEBJLLKLKPIKFCLBAKNOEBNFKDALKPAGOHFEBEGPNPBEACMIEPPLKFDCFMBGGOOMBOLLBNMPNCEDBIHJDPLCOOIOMGHLNHJDKONMOAFO</LOG>
<LOG>EPOLPAAMCEBJLLKLKPIKFCLBAKNOEBNFKDALKPAGOHFEBEGPNPBEACMIEPPLKFDCFMBGGOOMBOLLBNMPAFPPHOBNEFGNBBHDGELLOPIFPPNBNOCOIELEEEMNLKMAIJKM</LOG>
<LOG>EPOLPAAMCEBJLLKLKPIKFCLBAKNOEBNFKDALKPAGOHFEBEGPNPBEACMIEPPLKFDCFMBGGOOMBOLLBNMPAKAAMMBJIBBMJMFKIHBCHFPACKGNIHLOFBPJADEFBABFAFLO</LOG>
<LOG>EPOLPAAMCEBJLLKLKPIKFCLBAKNOEBNFKDALKPAGOHFEBEGPNPBEACMIEPPLKFDCFMBGGOOMBOLLBNMPKDIPNDCMFKMGMELIIKOBBKFKHEJHEFOGDCHIFMLIAPOKFFBGDEMFEOFNHILEHFGDFNJAKLFLIJJFKPECAAEMPFFLPILLCCGMBNLHMJCAMGNFKNAGDMCDLOEMIDPICIJF</LOG>
<LOG>EPOLPAAMCEBJLLKLKPIKFCLBAKNOEBNFKDALKPAGOHFEBEGPNPBEACMIEPPLKFDCFMBGGOOMBOLLBNMPPFKMJPCCEDMANDBFHBJECHDIEDIEIBKLBDBEGDIFOFCDBCGBPOCMNIEMIJPOMKOCNNPBIJCHFNJNNJEN</LOG>
<LOG>EPOLPAAMCEBJLLKLAGEMJHOHMDILGNEMKDALKPAGOHFEBEGPNPBEACMIEPPLKFDCFMBGGOOMBOLLBNMPPFKMJPCCEDMANDBFHBJECHDIEDIEIBKLNKPHBIEKIAMJKOAPKKFAIKGHGJPDFNLLJNOIGHGJPIPIBPKJHHGAEOLICDBGOMAL</LOG>
<LOG>EPOLPAAMCEBJLLKLBKLFOBFKHAINPNNJKDALKPAGOHFEBEGPNPBEACMIEPPLKFDCFMBGGOOMBOLLBNMPMCBCAONPDLCPJJMHGILGEEKICPACGCBMJGMNIBPIGNJLIHFDCFLKPLCEFJEGAIAOEPNGLMPBEBMEPJDL</LOG>
<LOG>EPOLPAAMCEBJLLKLBKLFOBFKHAINPNNJKDALKPAGOHFEBEGPNPBEACMIEPPLKFDCFMBGGOOMBOLLBNMPPFKMJPCCEDMANDBFHBJECHDIEDIEIBKLLHGNNMHLANNLKJAJAJNIPFEMBPFMHFPL</LOG>
<LOG>EPOLPAAMCEBJLLKLBKLFOBFKHAINPNNJKDALKPAGOHFEBEGPNPBEACMIEPPLKFDCFMBGGOOMBOLLBNMPDKDNPJDIMGOFIODLFBMCPGKOPCGGBAHKKHOOPDNBLKBLOHGK</LOG>
<LOG>EPOLPAAMCEBJLLKLBKLFOBFKHAINPNNJKDALKPAGOHFEBEGPNPBEACMIEPPLKFDCFMBGGOOMBOLLBNMPDKDNPJDIMGOFIODLGBHCGBFGBDACNEIJGPACGMPCOBEDJLFPICKFLFFBMGMLMJNG</LOG>
<LOG>EPOLPAAMCEBJLLKLONGALPBOJLEPKBMHKDALKPAGOHFEBEGPNPBEACMIEPPLKFDCFMBGGOOMBOLLBNMPMCBCAONPDLCPJJMHGILGEEKICPACGCBMAEIKLPHFPGDDBJGIACADPJMGJDPHJDEP</LOG>
<LOG>EPOLPAAMCEBJLLKLONGALPBOJLEPKBMHKDALKPAGOHFEBEGPNPBEACMIEPPLKFDCFMBGGOOMBOLLBNMPPFKMJPCCEDMANDBFHBJECHDIEDIEIBKLNHOBFEGNLEHDJJMABMLMKKPBFBODJFHFFEADGIENMGGLFOBN</LOG>
<LOG>EPOLPAAMCEBJLLKLONGALPBOJLEPKBMHKDALKPAGOHFEBEGPNPBEACMIEPPLKFDCFMBGGOOMBOLLBNMPMCBCAONPDLCPJJMHGILGEEKICPACGCBMMJMOAGGFFCPFJJKFAANNJOJDAJKIJPJC</LOG>
<LOG>EPOLPAAMCEBJLLKLOOBLGGCLDIKLGDJLKDALKPAGOHFEBEGPNPBEACMIEPPLKFDCFMBGGOOMBOLLBNMPLCGCPHCAFPJGGHNIFHIMNHEICLKFIMIBILADLPODEGOMAIEP</LOG>
<LOG>EPOLPAAMCEBJLLKLOOBLGGCLDIKLGDJLKDALKPAGOHFEBEGPNPBEACMIEPPLKFDCFMBGGOOMBOLLBNMPMCBCAONPDLCPJJMHGILGEEKICPACGCBMNBFGALAOENGNHLBDCHELMJOGOGMDMHNJ</LOG>
<LOG>EPOLPAAMCEBJLLKLOOBLGGCLDIKLGDJLKDALKPAGOHFEBEGPNPBEACMIEPPLKFDCFMBGGOOMBOLLBNMPPFKMJPCCEDMANDBFHBJECHDIEDIEIBKLIHBFMGEBFLNEMKMAJCAEMMFMFGBLFBMHBMLMKKPBFBODJFHFFEADGIENMGGLFOBN</LOG>
<LOG>EPOLPAAMCEBJLLKLNIOLEOHPIMGFKMFAKDALKPAGOHFEBEGPNPBEACMIEPPLKFDCFMBGGOOMBOLLBNMPMCBCAONPDLCPJJMHFJHDNGENHGKAEOPEEEHBJGCLDLOFLKAABLNNHFPBHPBAMGOG</LOG>
<LOG>EPOLPAAMCEBJLLKLNIOLEOHPIMGFKMFAKDALKPAGOHFEBEGPNPBEACMIEPPLKFDCFMBGGOOMBOLLBNMPPFKMJPCCEDMANDBFHBJECHDIEDIEIBKLMDAHNNCKLDNAOPACDAJFENENDKNFHEJGHCGIBADAJHJBBBEPHJAOENFGAMCAAEKK</LOG>
<LOG>EPOLPAAMCEBJLLKLNIOLEOHPIMGFKMFAKDALKPAGOHFEBEGPNPBEACMIEPPLKFDCFMBGGOOMBOLLBNMPMCBCAONPDLCPJJMHDHJJJOAPGGLBIMIKCIFMNDDNJBADEHBIOOGKKMDCJHHHIPEF</LOG>
<LOG>EPOLPAAMCEBJLLKLNIOLEOHPIMGFKMFAKDALKPAGOHFEBEGPNPBEACMIEPPLKFDCFMBGGOOMBOLLBNMPJIPJNKKIJBAMGHOKHPHGKBKLKAIEPEONCBJNEPMFGJFKPAFDBGIGOAFMJONDCBBBJHLLDOIKJJODOOKMCJGCGJJBDCBKEMJKNIBECKPIJJPENMFGHJIDLKILBEMOIMIHDDCGHAEFFIJNBJMPNPANOOBAEKBLLGOGHJJCGLLANOHMIOCJBAENJCKCAPHHPHIHKJACKGKKNAKACALI</LOG>
<LOG>EPOLPAAMCEBJLLKLNIOLEOHPIMGFKMFAKDALKPAGOHFEBEGPNPBEACMIEPPLKFDCFMBGGOOMBOLLBNMPBGAIPOALPJLKFODBMFOILAFJFJHILKEGKFOGFKMLPMJPFLOAEFFJPHKIBGAGJPPB</LOG>
<LOG>EPOLPAAMCEBJLLKLNIOLEOHPIMGFKMFAKDALKPAGOHFEBEGPNPBEACMIEPPLKFDCFMBGGOOMBOLLBNMPDOMAIPNEELGHJAFMJBIMEGKHKMDBNDAIMCKDBFELJAOBJPJI</LOG>
11:40:55.899 0000346c  <log> [wsimage]  LoadCalibration rc=0 profiling=82(ms)
11:40:55.899 0000346c  <log> [_wsapi_]  -ws_create_waveshaper rc=0
11:40:55.899 0000346c  <log> [_wsapi_]  +ws_open_waveshaper ws=wsSN082721
11:40:55.899 0000346c  <log> [wvshaper] OpenWaveShaper
11:40:56.109 0000346c  <log> [portmgr]  ch_find_devices_ext rc=-1
11:40:56.127 0000346c  <log> [portmgr]  NLocatePort rc=-1 profiling=228(ms)
11:40:56.127 0000346c  <log> [_wsapi_]  OpenWaveShaper failed rc=-38
11:40:56.127 0000346c  <log> [wvshaper] OpenWaveShaper
11:40:56.333 0000346c  <log> [portmgr]  ch_find_devices_ext rc=-1
11:40:56.348 0000346c  <log> [portmgr]  NLocatePort rc=-1 profiling=221(ms)
11:40:56.348 0000346c  <log> [_wsapi_]  OpenWaveShaper failed rc=-38
11:40:56.348 0000346c  <log> [wvshaper] OpenWaveShaper
11:40:56.557 0000346c  <log> [portmgr]  ch_find_devices_ext rc=-1
11:40:56.572 0000346c  <log> [portmgr]  NLocatePort rc=-1 profiling=223(ms)
11:40:56.572 0000346c  <log> [_wsapi_]  OpenWaveShaper failed rc=-38
11:40:56.572 0000346c  <log> [wvshaper] OpenWaveShaper
11:40:56.781 0000346c  <log> [portmgr]  ch_find_devices_ext rc=-1
11:40:56.796 0000346c  <log> [portmgr]  NLocatePort rc=-1 profiling=225(ms)
11:40:56.796 0000346c  <log> [_wsapi_]  OpenWaveShaper failed rc=-38
11:40:56.796 0000346c  <log> [wvshaper] OpenWaveShaper
11:40:57.005 0000346c  <log> [portmgr]  ch_find_devices_ext rc=-1
11:40:57.020 0000346c  <log> [portmgr]  NLocatePort rc=-1 profiling=223(ms)
11:40:57.020 0000346c  <log> [_wsapi_]  OpenWaveShaper failed rc=-38
11:40:57.020 0000346c  <log> [_wsapi_]  -ws_open_waveshaper rc=-38
11:40:57.020 0000346c  <log> [_wsapi_]  +ws_delete_waveshaper ws=wsSN082721
11:40:57.020 0000346c  <log> [wvshaper] CloseWaveShaper
11:40:57.020 0000346c  <log> [wvshaper] WaveShaper Deleted id=
<LOG>PNNIHJMLANJPHFAOGJAKCLAJNENFAEOHKDALKPAGOHFEBEGPNPBEACMIEPPLKFDCFMBGGOOMBOLLBNMPLIMANMJDAHDIAENFEILIOOEPOMNLMFBFCBBNLPDHCMEFBCLL</LOG>
11:40:57.021 0000346c  <log> [wsimage]  WaveShaperImage Deleted
11:40:57.021 0000346c  <log> [_wsapi_]  -ws_delete_waveshaper rc=0
11:40:57.021 0000346c  <log> [_wsapi_]  +ws_create_waveshaper_forsimulation ws=wsSN082721
11:40:57.021 0000346c  <dbg> [factory]  CreateModule cid=WaveShaper iid=IWaveShaper
11:40:57.021 0000346c  <dbg> [factory]  CreateModule cid=WaveShaperImage iid=IWaveShaperImage
11:40:57.021 0000346c  <dbg> [factory]  CreateModule cid=MemBuffer iid=IMemBuffer
11:40:57.021 0000346c  <dbg> [factory]  CreateModule cid=MemBuffer iid=IMemBuffer
11:40:57.021 0000346c  <dbg> [factory]  CreateModule cid=MemBuffer iid=IMemBuffer
11:40:57.021 0000346c  <dbg> [factory]  CreateModule cid=MemBuffer iid=IMemBuffer
<LOG>PNNIHJMLANJPHFAOJJHGLKEOLDFIBKHJKDALKPAGOHFEBEGPNPBEACMIEPPLKFDCFMBGGOOMBOLLBNMPCFEMJMGBPCIJILNLLOAHEAFPELDLPOHNPHFPANEIDAIHDNJJ</LOG>
<LOG>PNNIHJMLANJPHFAOCPLCILMICIEOEEGDKDALKPAGOHFEBEGPNPBEACMIEPPLKFDCFMBGGOOMBOLLBNMPCOCHOFBHBNCFGKPJKFFPFNEEDCDKMKIJHCBNHFJAPBHFOPLJFBOMDFNNNEHHDGOGMAEPKPFJCLGGOMDP</LOG>
<LOG>PNNIHJMLANJPHFAOCPLCILMICIEOEEGDKDALKPAGOHFEBEGPNPBEACMIEPPLKFDCFMBGGOOMBOLLBNMPDKJBCIBBDFFIFJKPHAMAJIBDDHCEFJDG</LOG>
<LOG>PNNIHJMLANJPHFAOCPLCILMICIEOEEGDKDALKPAGOHFEBEGPNPBEACMIEPPLKFDCFMBGGOOMBOLLBNMPDKJBCIBBDFFIFJKPAABBCFOHGONGLBOA</LOG>
<LOG>PNNIHJMLANJPHFAOCPLCILMICIEOEEGDKDALKPAGOHFEBEGPNPBEACMIEPPLKFDCFMBGGOOMBOLLBNMPDKJBCIBBDFFIFJKPDLNDBLECAKONICKA</LOG>
<LOG>PNNIHJMLANJPHFAOCPLCILMICIEOEEGDKDALKPAGOHFEBEGPNPBEACMIEPPLKFDCFMBGGOOMBOLLBNMPDKJBCIBBDFFIFJKPHONKGIGPAIFNEBMH</LOG>
<LOG>PNNIHJMLANJPHFAOCPLCILMICIEOEEGDKDALKPAGOHFEBEGPNPBEACMIEPPLKFDCFMBGGOOMBOLLBNMPDKJBCIBBDFFIFJKPGLLLOELCCFHKEKLI</LOG>
<LOG>PNNIHJMLANJPHFAOCPLCILMICIEOEEGDKDALKPAGOHFEBEGPNPBEACMIEPPLKFDCFMBGGOOMBOLLBNMPDKJBCIBBDFFIFJKPFHFJFDLJCCBKDKJO</LOG>
<LOG>PNNIHJMLANJPHFAOCPLCILMICIEOEEGDKDALKPAGOHFEBEGPNPBEACMIEPPLKFDCFMBGGOOMBOLLBNMPDKJBCIBBDFFIFJKPIGDGJNJHNCLCGKNJ</LOG>
<LOG>PNNIHJMLANJPHFAOCPLCILMICIEOEEGDKDALKPAGOHFEBEGPNPBEACMIEPPLKFDCFMBGGOOMBOLLBNMPDKJBCIBBDFFIFJKPLFBCNMEMCBBEOCGA</LOG>
<LOG>PNNIHJMLANJPHFAOCPLCILMICIEOEEGDKDALKPAGOHFEBEGPNPBEACMIEPPLKFDCFMBGGOOMBOLLBNMPDKJBCIBBDFFIFJKPPDLHMLOLNLOPIMDK</LOG>
<LOG>PNNIHJMLANJPHFAOCPLCILMICIEOEEGDKDALKPAGOHFEBEGPNPBEACMIEPPLKFDCFMBGGOOMBOLLBNMPDKJBCIBBDFFIFJKPAIPIJDDDPDAGHAKG</LOG>
<LOG>PNNIHJMLANJPHFAOCPLCILMICIEOEEGDKDALKPAGOHFEBEGPNPBEACMIEPPLKFDCFMBGGOOMBOLLBNMPDKJBCIBBDFFIFJKPCIDKMDFJDEEACMCK</LOG>
<LOG>PNNIHJMLANJPHFAOCPLCILMICIEOEEGDKDALKPAGOHFEBEGPNPBEACMIEPPLKFDCFMBGGOOMBOLLBNMPDKJBCIBBDFFIFJKPJMKBHALBFKHIDIPLCACDHMCAKBMBBIDJ</LOG>
<LOG>PNNIHJMLANJPHFAOCPLCILMICIEOEEGDKDALKPAGOHFEBEGPNPBEACMIEPPLKFDCFMBGGOOMBOLLBNMPDKJBCIBBDFFIFJKPGCIJFKGBEJCAGBIC</LOG>
<LOG>PNNIHJMLANJPHFAOCPLCILMICIEOEEGDKDALKPAGOHFEBEGPNPBEACMIEPPLKFDCFMBGGOOMBOLLBNMPDKJBCIBBDFFIFJKPOOMHMMMEJCOBCPOD</LOG>
<LOG>PNNIHJMLANJPHFAOEDEANFLNDICALJCDKDALKPAGOHFEBEGPNPBEACMIEPPLKFDCFMBGGOOMBOLLBNMPBINDNGBCPBPGGHGBJBIMEGKHKMDBNDAIAHKFEENGLIAJGFGI</LOG>
<LOG>PNNIHJMLANJPHFAOEDEANFLNDICALJCDKDALKPAGOHFEBEGPNPBEACMIEPPLKFDCFMBGGOOMBOLLBNMPPFKMJPCCEDMANDBFHBJECHDIEDIEIBKLBLPFFPPPLJIDFLLBEBOBJIKKHKHLOMID</LOG>
<LOG>PNNIHJMLANJPHFAOEDEANFLNDICALJCDKDALKPAGOHFEBEGPNPBEACMIEPPLKFDCFMBGGOOMBOLLBNMPMEIELENCDJDIAMLFALNKPNANOFLONBJDIAPMNMKLPCNOFGGLOMHDIDIGCDMDNECI</LOG>
<LOG>PNNIHJMLANJPHFAOEDEANFLNDICALJCDKDALKPAGOHFEBEGPNPBEACMIEPPLKFDCFMBGGOOMBOLLBNMPDJOBPKKLOFGPMFMKIGHCIHKHEAGCHBGMPOGGPCDFMNBIHKKF</LOG>
<LOG>PNNIHJMLANJPHFAOEDEANFLNDICALJCDKDALKPAGOHFEBEGPNPBEACMIEPPLKFDCFMBGGOOMBOLLBNMPIFIBEFAFJGIHAKLAKEMLPMJDDBBFKBEBAGFFNACBLPILHPKO</LOG>
<LOG>PNNIHJMLANJPHFAOEDEANFLNDICALJCDKDALKPAGOHFEBEGPNPBEACMIEPPLKFDCFMBGGOOMBOLLBNMPDPLGPLHAOJJLPCPJJGEJJECEPDBNLNHCEHDDCIMALMAMAMJE</LOG>
<LOG>PNNIHJMLANJPHFAOEDEANFLNDICALJCDKDALKPAGOHFEBEGPNPBEACMIEPPLKFDCFMBGGOOMBOLLBNMPHHODADKCHAJFCPJLCIIBACOECNCAJMPHPDJFNFKPNFJIGFDB</LOG>
<LOG>PNNIHJMLANJPHFAOEDEANFLNDICALJCDKDALKPAGOHFEBEGPNPBEACMIEPPLKFDCFMBGGOOMBOLLBNMPOGFFIEFFOPBNLFBBBLONLIJCDLMKIKIB</LOG>
<LOG>PNNIHJMLANJPHFAOEDEANFLNDICALJCDKDALKPAGOHFEBEGPNPBEACMIEPPLKFDCFMBGGOOMBOLLBNMPKMGKPJMMLLPBFFHPMOOMNLMNPMKBPFLD</LOG>
<LOG>PNNIHJMLANJPHFAOEDEANFLNDICALJCDKDALKPAGOHFEBEGPNPBEACMIEPPLKFDCFMBGGOOMBOLLBNMPDBIBEPIJGDNJLHPNKAILNBOICKECHLLHMMKHDHMMNNLGCNJKDAPCACICJAKIMGKOIKEDOBEALJLJMDFLJMKALENKIMEFBJHCIEELOMHGBFOFJCLL</LOG>
<LOG>PNNIHJMLANJPHFAOEDEANFLNDICALJCDKDALKPAGOHFEBEGPNPBEACMIEPPLKFDCFMBGGOOMBOLLBNMPBIBIGNGPADPJABHOHGJPPEIBBIHDNFCIKHOOPDNBLKBLOHGK</LOG>
<LOG>PNNIHJMLANJPHFAOEDEANFLNDICALJCDKDALKPAGOHFEBEGPNPBEACMIEPPLKFDCFMBGGOOMBOLLBNMPDPGPFNBLGNKMBJEJMOFAKJNNIMAAJBMPFACJOFGHNJJPAGEM</LOG>
<LOG>PNNIHJMLANJPHFAOEDEANFLNDICALJCDKDALKPAGOHFEBEGPNPBEACMIEPPLKFDCFMBGGOOMBOLLBNMPIFKIFKHLJHFGHOOBFLOCFJFFEGOPKCBJANCMHCADAIAOECOP</LOG>
<LOG>PNNIHJMLANJPHFAOEDEANFLNDICALJCDKDALKPAGOHFEBEGPNPBEACMIEPPLKFDCFMBGGOOMBOLLBNMPHLOKMCEKFDMACEPCIIODJIHOIICEKHCNPHKGGDEAJBHOLBCK</LOG>
<LOG>PNNIHJMLANJPHFAOEDEANFLNDICALJCDKDALKPAGOHFEBEGPNPBEACMIEPPLKFDCFMBGGOOMBOLLBNMPCMKJMGMAGMIGPGLILADCCDKLOGJLKNGHFLKFECMBOMIKINJNHCEDJCAPOJOGDCCNLCMHIIDCNAKACGJCPBNFIKGDEEFOBDIFELEKOCDIPNMNELNI</LOG>
<LOG>PNNIHJMLANJPHFAOEDEANFLNDICALJCDKDALKPAGOHFEBEGPNPBEACMIEPPLKFDCFMBGGOOMBOLLBNMPMCBCAONPDLCPJJMHGILGEEKICPACGCBMCCFINEMBPIAKLJJLFAOBENIMHOOKLLNNNILAINOOBBLNDNJBCHELMJOGOGMDMHNJ</LOG>
<LOG>PNNIHJMLANJPHFAOEDEANFLNDICALJCDKDALKPAGOHFEBEGPNPBEACMIEPPLKFDCFMBGGOOMBOLLBNMPCNCJNKCMIEJIPPNDJPNMEMPAEDNOANOFDACLCICKFNPNALIP</LOG>
<LOG>PNNIHJMLANJPHFAOEDEANFLNDICALJCDKDALKPAGOHFEBEGPNPBEACMIEPPLKFDCFMBGGOOMBOLLBNMPFNFKJIKFOJJLDMLHNBKCDNIADKMPFBFAFACJOFGHNJJPAGEM</LOG>
<LOG>PNNIHJMLANJPHFAOEDEANFLNDICALJCDKDALKPAGOHFEBEGPNPBEACMIEPPLKFDCFMBGGOOMBOLLBNMPNCEDBIHJDPLCOOIOMGHLNHJDKONMOAFO</LOG>
<LOG>PNNIHJMLANJPHFAOEDEANFLNDICALJCDKDALKPAGOHFEBEGPNPBEACMIEPPLKFDCFMBGGOOMBOLLBNMPAFPPHOBNEFGNBBHDGELLOPIFPPNBNOCOIELEEEMNLKMAIJKM</LOG>
<LOG>PNNIHJMLANJPHFAOEDEANFLNDICALJCDKDALKPAGOHFEBEGPNPBEACMIEPPLKFDCFMBGGOOMBOLLBNMPAKAAMMBJIBBMJMFKIHBCHFPACKGNIHLOFBPJADEFBABFAFLO</LOG>
<LOG>PNNIHJMLANJPHFAOEDEANFLNDICALJCDKDALKPAGOHFEBEGPNPBEACMIEPPLKFDCFMBGGOOMBOLLBNMPKDIPNDCMFKMGMELIIKOBBKFKHEJHEFOGDCHIFMLIAPOKFFBGDEMFEOFNHILEHFGDFNJAKLFLIJJFKPECAAEMPFFLPILLCCGMBNLHMJCAMGNFKNAGDMCDLOEMIDPICIJF</LOG>
<LOG>PNNIHJMLANJPHFAOEDEANFLNDICALJCDKDALKPAGOHFEBEGPNPBEACMIEPPLKFDCFMBGGOOMBOLLBNMPPFKMJPCCEDMANDBFHBJECHDIEDIEIBKLBDBEGDIFOFCDBCGBPOCMNIEMIJPOMKOCNNPBIJCHFNJNNJEN</LOG>
<LOG>PNNIHJMLANJPHFAOKPBFMNJFNIMABLLBKDALKPAGOHFEBEGPNPBEACMIEPPLKFDCFMBGGOOMBOLLBNMPPFKMJPCCEDMANDBFHBJECHDIEDIEIBKLNKPHBIEKIAMJKOAPKKFAIKGHGJPDFNLLJNOIGHGJPIPIBPKJHHGAEOLICDBGOMAL</LOG>
<LOG>PNNIHJMLANJPHFAODMHHFEAFGEAJBDEAKDALKPAGOHFEBEGPNPBEACMIEPPLKFDCFMBGGOOMBOLLBNMPMCBCAONPDLCPJJMHGILGEEKICPACGCBMJGMNIBPIGNJLIHFDCFLKPLCEFJEGAIAOEPNGLMPBEBMEPJDL</LOG>
<LOG>PNNIHJMLANJPHFAODMHHFEAFGEAJBDEAKDALKPAGOHFEBEGPNPBEACMIEPPLKFDCFMBGGOOMBOLLBNMPPFKMJPCCEDMANDBFHBJECHDIEDIEIBKLLHGNNMHLANNLKJAJAJNIPFEMBPFMHFPL</LOG>
<LOG>PNNIHJMLANJPHFAODMHHFEAFGEAJBDEAKDALKPAGOHFEBEGPNPBEACMIEPPLKFDCFMBGGOOMBOLLBNMPDKDNPJDIMGOFIODLFBMCPGKOPCGGBAHKKHOOPDNBLKBLOHGK</LOG>
<LOG>PNNIHJMLANJPHFAODMHHFEAFGEAJBDEAKDALKPAGOHFEBEGPNPBEACMIEPPLKFDCFMBGGOOMBOLLBNMPDKDNPJDIMGOFIODLGBHCGBFGBDACNEIJGPACGMPCOBEDJLFPICKFLFFBMGMLMJNG</LOG>
<LOG>PNNIHJMLANJPHFAOIDIIAJHOAFAFKPNDKDALKPAGOHFEBEGPNPBEACMIEPPLKFDCFMBGGOOMBOLLBNMPMCBCAONPDLCPJJMHGILGEEKICPACGCBMAEIKLPHFPGDDBJGIJHLMNAHIJKEEDIDN</LOG>
<LOG>PNNIHJMLANJPHFAOIDIIAJHOAFAFKPNDKDALKPAGOHFEBEGPNPBEACMIEPPLKFDCFMBGGOOMBOLLBNMPPFKMJPCCEDMANDBFHBJECHDIEDIEIBKLNHOBFEGNLEHDJJMABMLMKKPBFBODJFHFFEADGIENMGGLFOBN</LOG>
<LOG>PNNIHJMLANJPHFAOIDIIAJHOAFAFKPNDKDALKPAGOHFEBEGPNPBEACMIEPPLKFDCFMBGGOOMBOLLBNMPMCBCAONPDLCPJJMHGILGEEKICPACGCBMMJMOAGGFFCPFJJKFAANNJOJDAJKIJPJC</LOG>
<LOG>PNNIHJMLANJPHFAOIDIIAJHOAFAFKPNDKDALKPAGOHFEBEGPNPBEACMIEPPLKFDCFMBGGOOMBOLLBNMPLCGCPHCAFPJGGHNIFHIMNHEICLKFIMIBILADLPODEGOMAIEP</LOG>
<LOG>PNNIHJMLANJPHFAOIDIIAJHOAFAFKPNDKDALKPAGOHFEBEGPNPBEACMIEPPLKFDCFMBGGOOMBOLLBNMPMCBCAONPDLCPJJMHGILGEEKICPACGCBMPJPICDAHHBNCLDIKCHELMJOGOGMDMHNJ</LOG>
<LOG>PNNIHJMLANJPHFAOIDIIAJHOAFAFKPNDKDALKPAGOHFEBEGPNPBEACMIEPPLKFDCFMBGGOOMBOLLBNMPPFKMJPCCEDMANDBFHBJECHDIEDIEIBKLIHBFMGEBFLNEMKMAJCAEMMFMFGBLFBMHBMLMKKPBFBODJFHFFEADGIENMGGLFOBN</LOG>
<LOG>PNNIHJMLANJPHFAOOCBBJEKPLJBJKGMAKDALKPAGOHFEBEGPNPBEACMIEPPLKFDCFMBGGOOMBOLLBNMPMCBCAONPDLCPJJMHFJHDNGENHGKAEOPEEEHBJGCLDLOFLKAABLNNHFPBHPBAMGOG</LOG>
<LOG>PNNIHJMLANJPHFAOOCBBJEKPLJBJKGMAKDALKPAGOHFEBEGPNPBEACMIEPPLKFDCFMBGGOOMBOLLBNMPPFKMJPCCEDMANDBFHBJECHDIEDIEIBKLMDAHNNCKLDNAOPACDAJFENENDKNFHEJGHCGIBADAJHJBBBEPHJAOENFGAMCAAEKK</LOG>
<LOG>PNNIHJMLANJPHFAOOCBBJEKPLJBJKGMAKDALKPAGOHFEBEGPNPBEACMIEPPLKFDCFMBGGOOMBOLLBNMPMCBCAONPDLCPJJMHDHJJJOAPGGLBIMIKCIFMNDDNJBADEHBIOOGKKMDCJHHHIPEF</LOG>
<LOG>PNNIHJMLANJPHFAOOCBBJEKPLJBJKGMAKDALKPAGOHFEBEGPNPBEACMIEPPLKFDCFMBGGOOMBOLLBNMPJIPJNKKIJBAMGHOKHPHGKBKLKAIEPEONCBJNEPMFGJFKPAFDBGIGOAFMJONDCBBBJHLLDOIKJJODOOKMCJGCGJJBDCBKEMJKNIBECKPIJJPENMFGHJIDLKILBEMOIMIHDDCGHAEFFIJNBJMPNPANOOBAEKBLLGOGHJJCGLLANOHMIOCJBAENJCKCAPHHPHIHKJACKGKKNAKACALI</LOG>
<LOG>PNNIHJMLANJPHFAOOCBBJEKPLJBJKGMAKDALKPAGOHFEBEGPNPBEACMIEPPLKFDCFMBGGOOMBOLLBNMPBGAIPOALPJLKFODBMFOILAFJFJHILKEGKFOGFKMLPMJPFLOAIABHFNJODLDPJIBM</LOG>
<LOG>PNNIHJMLANJPHFAOOCBBJEKPLJBJKGMAKDALKPAGOHFEBEGPNPBEACMIEPPLKFDCFMBGGOOMBOLLBNMPDOMAIPNEELGHJAFMJBIMEGKHKMDBNDAIBGBIAPNPFGMHBEPN</LOG>
11:40:57.043 0000346c  <log> [wsimage]  LoadCalibration rc=0 profiling=22(ms)
11:40:57.043 0000346c  <log> [_wsapi_]  -ws_create_waveshaper_forsimulation rc=0
11:40:57.043 0000346c  <log> [_wsapi_]  +ws_open_waveshaper ws=wsSN082721
11:40:57.043 0000346c  <log> [wvshaper] OpenWaveShaper
11:40:57.043 0000346c  <log> [portmgr]  NLocatePort rc=0 profiling=0(ms)
11:40:57.043 0000346c  <dbg> [factory]  CreateModule cid=WSSimPort iid=IPort
<LOG>PNNIHJMLANJPHFAOOGKBLLFIFBKALEFIKDALKPAGOHFEBEGPIPMDONLIEEJPIHKAKJDAHCHDEEIACLIGJAOMJAJKFNHHNGAGEHBGCGJJHENPOAOLBGODHPGHLOIIMHCJBLNNHFPBHPBAMGOG</LOG>
11:40:57.043 0000346c  <dbg> [factory]  CreateModule cid=WSSimPort iid=IPort
<LOG>PNNIHJMLANJPHFAOOGKBLLFIFBKALEFIKDALKPAGOHFEBEGPIPMDONLIEEJPIHKAKJDAHCHDEEIACLIGJAOMJAJKFNHHNGAGEHBGCGJJHENPOAOLBGODHPGHLOIIMHCJBLNNHFPBHPBAMGOG</LOG>
11:40:57.043 0000346c  <log> [_wsapi_]  -ws_open_waveshaper rc=0
11:40:57.043 0000346c  <log> [_wsapi_]  +ws_get_portcount ws=wsSN082721
11:40:57.043 0000346c  <log> [_wsapi_]  nport=1
11:40:57.043 0000346c  <log> [_wsapi_]  -ws_get_portcount rc=0
11:40:57.043 0000346c  <log> [_wsapi_]  +ws_get_frequencyrange ws=wsSN082721
11:40:57.043 0000346c  <log> [_wsapi_]  start=191.149994 stop=196.274994
11:40:57.043 0000346c  <log> [_wsapi_]  -ws_get_frequencyrange rc=0
11:40:57.043 0000346c  <log> [_wsapi_]  +ws_load_predefinedprofile ws=wsSN082721
11:40:57.043 0000346c  <log> [_wsapi_]  create_predefinedfilter rc=0 entries_size=2
11:40:57.043 0000346c  <log> [_wsapi_]  validate profile rc=1000000
<LOG>PNNIHJMLANJPHFAOOGKBLLFIFBKALEFIKDALKPAGOHFEBEGPNPBEACMIEPPLKFDCFMBGGOOMBOLLBNMPONEODFKNPBNMPNMLEMKPMCPPALKJONJOLKBGGEOIODGPPOOFLEDKLGCODFCKFECGMAJCOIEDLDPDHFHNJOFILKICLBELOKJOFCHCOOGJICDDMDDH</LOG>
<LOG>PNNIHJMLANJPHFAOOGKBLLFIFBKALEFIKDALKPAGOHFEBEGPNPBEACMIEPPLKFDCFMBGGOOMBOLLBNMPPHJLBACOONKBIKBMKEPHAOPNNIMGJDONIHOFILHKIGIALJFCOLJHDMOCPBHONLDLCOBPBMFEOFKAKDJPEFELBDAIEPGMDNEKJMMCCAHIFLLFCOAIICAFKEABMLLNLPPHCHELMJOGOGMDMHNJ</LOG>
11:40:57.043 0000346c  <log> [wsimage]  LoadFilter rc=0 profiling=0(ms)
11:40:57.044 0000346c  <log> [_wsapi_]  LoadFilter rc=0
<LOG>LGNEMIMJBMMKBHDHOLDJBJMHKEGNOMLOJKPILAELAKEKPMNOFMJKMOGOGPFAGIGKFMJKMOGOGPFAGIGKFMJKMOGOGPFAGIGKIIDCMDNGMHHGLINHOHMHHIOGEFIOAAKGLCLMGNDMGNFKIBJA</LOG>
<LOG>PNNIHJMLANJPHFAOIPGGOPDOCEFAFNABKDALKPAGOHFEBEGPIPMDONLIEEJPIHKAKJDAHCHDEEIACLIGFHIPGCDKJPHGBGEMOGFHPFDDDBDEAGME</LOG>
<LOG>JPBDEHHCJMCJDFAHIPGGOPDOCEFAFNABKDALKPAGOHFEBEGPIPMDONLIEEJPIHKAKJDAHCHDEEIACLIGKIAJLPPOKECGHNADDHOODOFGPAIAHDBD</LOG>
<LOG>GFLOAOHKCGPOAIGGGHPOKOHIOKOGANKNGIKMKIGBMDFCJBIBFFINIEPOOIHLHBKMOCDKBOMJBPEHCDJKOMKFHOCHIBBJOBFOAOHCNOBANEKKOBIMBEEADEDPGBMOPOGOGJANKMDILDOLJPADLNMLOGIOHFNAECEKFPICLJGBNCGNHDPNDPDOPCEDHFKKFKGMMEBGPJPEMHEINDJOFMJKMOGOGPFAGIGKGPGAALBOAALBIEKGJHLFPNAEMHPCIOLHDLODGAMGJOIEPMJCKAMJDPEBIHIJNBEI</LOG>
<LOG>JPBDEHHCJMCJDFAHIPGGOPDOCEFAFNABKDALKPAGOHFEBEGPIPMDONLIEEJPIHKAKJDAHCHDEEIACLIGFHIPGCDKJPHGBGEMOGFHPFDDDBDEAGME</LOG>
<LOG>BDMNGAKPFEFLFBMFFPOAGLMNDJJJKMJEKDALKPAGOHFEBEGPIPMDONLIEEJPIHKAKJDAHCHDEEIACLIGKIAJLPPOKECGHNADDHOODOFGPAIAHDBD</LOG>
<LOG>PPBFLIOLCJEKCMOPFPPEGHCMMPOONHGKNPKNKJPNALPBAOADPJNMJHDALJIHJAPMACCOEGFLIGHCADADKCBOLMOJEKCGGHGHIHJLIEFHGEOMOCBIGJOABOHEJJKBGEKNFGEJDAMEIODJMLCIACJOANIBNOFCJGKGCEMCCBBOGFHKDCHDCLPGHINIBKGNMHOKJBECBLFBFIJPCGNCPPOCBEMJMIFCKIBBOOBNLLJBFPMEMFDBIBFHOBKCIFPJJDKKJLNJEINPLFNMMEMPELAPLIDIIJNMEIAGFMJKMOGOGPFAGIGKFMJKMOGOGPFAGIGKFMJKMOGOGPFAGIGKFMJKMOGOGPFAGIGKFMJKMOGOGPFAGIGKBDOCMHGCDHOIKILMFMJKMOGOGPFAGIGKKLMKAMCIKODPAKBH</LOG>
<LOG>BDMNGAKPFEFLFBMFFPOAGLMNDJJJKMJEKDALKPAGOHFEBEGPIPMDONLIEEJPIHKAKJDAHCHDEEIACLIGFHIPGCDKJPHGBGEMOGFHPFDDDBDEAGME</LOG>
<LOG>IADOOODEHKADAIOALFAEAFBKNFDKEAGPKDALKPAGOHFEBEGPIPMDONLIEEJPIHKAKJDAHCHDEEIACLIGKIAJLPPOKECGHNADDHOODOFGPAIAHDBD</LOG>
<LOG>IADOOODEHKADAIOALFAEAFBKNFDKEAGPKDALKPAGOHFEBEGPNPBEACMIEPPLKFDCFMBGGOOMBOLLBNMPLBAEMCJJDBFGMJGHMNOAINGOGPMNLDCIIPEBFOAHNEFJMFHG</LOG>
<LOG>IADOOODEHKADAIOALFAEAFBKNFDKEAGPKDALKPAGOHFEBEGPNPBEACMIEPPLKFDCFMBGGOOMBOLLBNMPBCJMNJIEHEEHKIEFPEFMBDHCAKMPPBNMPBBHIMHAAFAJBFGJPLPJGNFIHOOHGHGKMDPHPPHCFBNKCCHJPBNFIKGDEEFOBDIFNJENKGHMIPDEACADMCDHBGGIECANCIOKPCGMABLHMNKCBALD</LOG>
<LOG>IADOOODEHKADAIOABPIFGMDFLHDEGDPIKDALKPAGOHFEBEGPNPBEACMIEPPLKFDCFMBGGOOMBOLLBNMPDNEBLCHBLIGOOGCKDAIFIKJJLBGPLAGJHAINLBBGNNNKNDOFBOFOCDCGHDGKFGHE</LOG>
<LOG>IADOOODEHKADAIOABPIFGMDFLHDEGDPIKDALKPAGOHFEBEGPNPBEACMIEPPLKFDCFMBGGOOMBOLLBNMPDJGGGNMCCJJNCMOAHPFBOJDPDADGFLEKBHOAMPDMONOMBJHANGGBLLHDIJINEMKB</LOG>
<LOG>IADOOODEHKADAIOANGCIEMIAJGLEOMDPKDALKPAGOHFEBEGPNPBEACMIEPPLKFDCFMBGGOOMBOLLBNMPDJGGGNMCCJJNCMOAPBBLIDDGBIDGNEPIDHOODOFGPAIAHDBD</LOG>
<LOG>IADOOODEHKADAIOAKBKKCKAMGKFGJEKIKDALKPAGOHFEBEGPNPBEACMIEPPLKFDCFMBGGOOMBOLLBNMPDJGGGNMCCJJNCMOABEBCEGCLLLEBOCIIJEGILMNFAEABDIBEEPNGLMPBEBMEPJDL</LOG>
11:41:06.052 0000346c  <log> [wsimage]  ComputeImage startcol=0 endcol=1200 rc=0 profiling=5(ms)
11:41:06.053 0000346c  <log> [wvshaper] Image compressed size=92878
11:41:06.054 0000346c  <log> [wvshaper] CompressImage lenout=92878 rc=0 profiling=1(ms)
<LOG>COHEADFDBFNOGAMHBNBHHDKBKCBLPIHMBFGDCHLIGKGBMHOILBMIMAIOHDGAKNAJPDAMHEJMGDJMHEFOPIAECAOJEENBBMGPPEKHFJPHEOGCHCFDPCNPKELJLFBDIDNHDNJMKKPMPILENIBPHDMAGNDEBADOCAGOFBGDAIBHKDCEFEKFIJBGHADOINAGHBFBBACCDGGBCJJEBKPKFMJKMOGOGPFAGIGKGPGAALBOAALBIEKGGHLGPLPAMGHLOLBFADIJFNHDHBEHCGEBKAMJDPEBIHIJNBEI</LOG>
<LOG>IADOOODEHKADAIOAGDGLOMCBCKKJGDJGKDALKPAGOHFEBEGPIPMDONLIEEJPIHKAKJDAHCHDEEIACLIGFHIPGCDKJPHGBGEMOGFHPFDDDBDEAGME</LOG>
<LOG>COHEADFDBFNOGAMHBNBHHDKBKCBLPIHMBFGDCHLIGKGBMHOILBMIMAIOHDGAKNAJPDAMHEJMGDJMHEFOPIAECAOJEENBBMGPPEKHFJPHEOGCHCFDPCNPKELJLFBDIDNHDNJMKKPMPILENIBPHDMAGNDEBADOCAGOFBGDAIBHKDCEFEKFIJBGHADOINAGHBFBEJIPHEOEEPENBNOMIFCMIOODNDONPFGNJOPDMGBFMPPIGFANGHLGPLPAMGHLOLBFGAEEEEGANKOFJEPAEECMLIOOOMNIMADMNJJGAKLAGDMFIHLLEHHCHJGNODONENKMLCLNLOCMBKJKKMMAMOHDHFGFHONGHFMIPBOANNCKGLDDPFKLEKEEGBBMFEDNOKKJEKIDOBFOKNLDEFBMOCICGKLLFFHFOOJONKNPMKGKOPCIBHEKBACCDGGBCJJEBKPKFMJKMOGOGPFAGIGKFMJKMOGOGPFAGIGKFMJKMOGOGPFAGIGKFMJKMOGOGPFAGIGKENBPCEEHKPNAGGMPFMJKMOGOGPFAGIGKKBMMAOEMHGIFFHHG</LOG>
<LOG>IADOOODEHKADAIOAGDGLOMCBCKKJGDJGKDALKPAGOHFEBEGPIPMDONLIEEJPIHKAKJDAHCHDEEIACLIGKIAJLPPOKECGHNADDHOODOFGPAIAHDBD</LOG>
11:41:06.054 0000346c  <log> [wvshaper] Sending through SPI...
<LOG>AOLMODDINFGCJIHBGIBAFCDHKKEMNEELCMIBKPNKDBOFNGGBNEBFOLALKFEOFDJOGKANHKHDLKMOOGJFFFIPDBDBCHOHLLPMMOOCAHGKCOCAIHPODNMJMLHLGMPJNNEOLCLMFACMMOOLEFEDPOODHJBGFCOAJAADCDEJOAFCLAPBEOCKGJNPAOJACCCEJJOJOHHAFIIDOMIJDHLFHMMCOBAGCPFAHLEMJFHCGHLJOLPAKICGGFJFLHGHPENJHKLNDIGDPGGNHGJBPHEPFANANDCHDMEGCGCOEDELCJOMJHLINCFPLIHBGBCIGPDNDODENBLKDGAEGNBGGHJGPJBDFJFOPHPHGLCNMNNDCNOJOKFELLOMDDGHEPPJNICHAIEBOIMFLDGKKHODMLHBBGFEOJPFBFCKBGLHJABMNAEGOGDAFJPJFFOAIFACMDPFLGCAAAJAOJEOGOBCNFJELGBGPEEHKPJIGKIALAHGBILJJOJNCPDACPHBIGPCFMBEJBBOHOPMGJGEFMHJCIJKOGPAFEHJALMHGOGJJCCJBKBMAHCMHFKL</LOG>
<LOG>DOGPNCEBMCHLKMAOAHLBHIMAKPDBKLPPECDNJPBLEMOHIEGL</LOG>
<LOG>MNKCKHKKKAJLNDNIGOJBIABMFMLNCDBOEHIJDIHBGBMEGJKFANJIKCOBCLEPOGJPNPAHBPEEGNGCHCDGHMGHBFHHBPFGDGOJBICDHMOMCFCDMGBOEPBIONCPPGIIPPACNPCAJKILLPNKDCOLLIBBLHBCDNEBGGBFCAOLJIDGMOLPFIPGOPANLFMDJPOHAHKAFPJKPGOLKOLJJKDHJHAOEJCKCGJLKGJGKGJONJFNCOEHCOGKLFLIMPECBEBACBCOMGAOPMEOGJJGPFONHHOEAODBKDBGMFKAOMHHAOBNMDAPAHFBMHPBJELIIMGMDIPKCHMLIHMHPLPMAJOOOONHMDCPJBNNFIFPFOCPJLHBGCHMJFFMMJAAOFFDGEIDMNJGIJMODIHHJLEHDGNGBGLCCOHMEMAOCJKLCKOPJELMFMLIEFPCNLKMOELJGLOLKFIHJICMNEGMHLPPBMBFPLOLFLLOIEAFLIOAFCBDODCDGHLHHLLHBPBOKHJJKOJEIEEHMAKGFPFHBEFJALHBCBACLMLDOANCJMEOJCCJBKBMAHCMHFKL</LOG>
<LOG>IADOOODEHKADAIOABLNNNKNJDFALKIJBKDALKPAGOHFEBEGPIPMDONLIEEJPIHKAKJDAHCHDEEIACLIGFHIPGCDKJPHGBGEMOGFHPFDDDBDEAGME</LOG>
<LOG>IHOAPLIBKOOHGPHOJAONLDMFKCIAPENFFMJKMOGOGPFAGIGKFMJKMOGOGPFAGIGKFMJKMOGOGPFAGIGKFMJKMOGOGPFAGIGKOIGLFAEMCFEEFLGAFMJKMOGOGPFAGIGKLCLMGNDMGNFKIBJA</LOG>
<LOG>IADOOODEHKADAIOABLNNNKNJDFALKIJBKDALKPAGOHFEBEGPIPMDONLIEEJPIHKAKJDAHCHDEEIACLIGKIAJLPPOKECGHNADDHOODOFGPAIAHDBD</LOG>
11:41:06.124 0000346c  <log> [wvshaper] DownloadImage Success rc=0 profiling=0(ms) 0(ms) 71(ms) 71(ms)
11:41:06.124 0000346c  <log> [_wsapi_]  -ws_load_predefinedprofile rc=0
=======START LOGGING=======
00:15:01.860 0000a6b8  <log> [factory]  RegisterModule cls=WaveShaperImage
00:15:01.893 0000a6b8  <log> [factory]  RegisterModule cls=WaveShaper
00:15:01.893 0000a6b8  <log> [factory]  RegisterModule cls=WaveShaper
00:15:01.893 0000a6b8  <log> [factory]  RegisterModule cls=MemBuffer
00:15:01.893 0000a6b8  <log> [factory]  RegisterModule cls=FTDI_Cheetah_PortManager
00:15:01.893 0000a6b8  <dbg> [factory]  CreateModule cid=FTDI_Cheetah_PortManager iid=IPortManager
00:15:01.893 0000a6b8  <log> [factory]  RegisterModule cls=WSSimPort
00:15:01.893 0000a6b8  <log> [factory]  RegisterModule cls=ComPort
00:15:01.893 0000a6b8  <log> [factory]  RegisterModule cls=FTDIComPort
00:15:01.893 0000a6b8  <log> [factory]  RegisterModule cls=FTDISPIPort
00:15:01.893 0000a6b8  <log> [factory]  RegisterModule cls=CheetahSPIPort
00:15:01.893 0000a6b8  <log> [_wsapi_]  Initialize WaveShaperAPI, version=2.7.3
00:15:01.893 0000a6b8  <log> [_wsapi_]  +ws_create_waveshaper ws=wsSN082721
00:15:01.893 0000a6b8  <dbg> [factory]  CreateModule cid=WaveShaper iid=IWaveShaper
00:15:01.893 0000a6b8  <dbg> [factory]  CreateModule cid=WaveShaperImage iid=IWaveShaperImage
00:15:01.893 0000a6b8  <dbg> [factory]  CreateModule cid=MemBuffer iid=IMemBuffer
00:15:01.893 0000a6b8  <dbg> [factory]  CreateModule cid=MemBuffer iid=IMemBuffer
00:15:01.893 0000a6b8  <dbg> [factory]  CreateModule cid=MemBuffer iid=IMemBuffer
00:15:01.893 0000a6b8  <dbg> [factory]  CreateModule cid=MemBuffer iid=IMemBuffer
<LOG>NOHFEFIILHOMEJMNAGNKGGPDKKGKIDHHGNDJBHFEEDGCALAONPBEACMIEPPLKFDCFMBGGOOMBOLLBNMPCFEMJMGBPCIJILNLLOAHEAFPELDLPOHNPHFPANEIDAIHDNJJ</LOG>
<LOG>NOHFEFIILHOMEJMNLJPMDNJHHAMHOIGAGNDJBHFEEDGCALAONPBEACMIEPPLKFDCFMBGGOOMBOLLBNMPCOCHOFBHBNCFGKPJKFFPFNEEDCDKMKIJHCBNHFJAPBHFOPLJFBOMDFNNNEHHDGOGMAEPKPFJCLGGOMDP</LOG>
<LOG>NOHFEFIILHOMEJMNLJPMDNJHHAMHOIGAGNDJBHFEEDGCALAONPBEACMIEPPLKFDCFMBGGOOMBOLLBNMPDKJBCIBBDFFIFJKPHAMAJIBDDHCEFJDG</LOG>
<LOG>NOHFEFIILHOMEJMNLJPMDNJHHAMHOIGAGNDJBHFEEDGCALAONPBEACMIEPPLKFDCFMBGGOOMBOLLBNMPDKJBCIBBDFFIFJKPAABBCFOHGONGLBOA</LOG>
<LOG>NOHFEFIILHOMEJMNLJPMDNJHHAMHOIGAGNDJBHFEEDGCALAONPBEACMIEPPLKFDCFMBGGOOMBOLLBNMPDKJBCIBBDFFIFJKPDLNDBLECAKONICKA</LOG>
<LOG>NOHFEFIILHOMEJMNLJPMDNJHHAMHOIGAGNDJBHFEEDGCALAONPBEACMIEPPLKFDCFMBGGOOMBOLLBNMPDKJBCIBBDFFIFJKPHONKGIGPAIFNEBMH</LOG>
<LOG>NOHFEFIILHOMEJMNLJPMDNJHHAMHOIGAGNDJBHFEEDGCALAONPBEACMIEPPLKFDCFMBGGOOMBOLLBNMPDKJBCIBBDFFIFJKPGLLLOELCCFHKEKLI</LOG>
<LOG>NOHFEFIILHOMEJMNLJPMDNJHHAMHOIGAGNDJBHFEEDGCALAONPBEACMIEPPLKFDCFMBGGOOMBOLLBNMPDKJBCIBBDFFIFJKPFHFJFDLJCCBKDKJO</LOG>
<LOG>NOHFEFIILHOMEJMNLJPMDNJHHAMHOIGAGNDJBHFEEDGCALAONPBEACMIEPPLKFDCFMBGGOOMBOLLBNMPDKJBCIBBDFFIFJKPIGDGJNJHNCLCGKNJ</LOG>
<LOG>NOHFEFIILHOMEJMNLJPMDNJHHAMHOIGAGNDJBHFEEDGCALAONPBEACMIEPPLKFDCFMBGGOOMBOLLBNMPDKJBCIBBDFFIFJKPLFBCNMEMCBBEOCGA</LOG>
<LOG>NOHFEFIILHOMEJMNLJPMDNJHHAMHOIGAGNDJBHFEEDGCALAONPBEACMIEPPLKFDCFMBGGOOMBOLLBNMPDKJBCIBBDFFIFJKPPDLHMLOLNLOPIMDK</LOG>
<LOG>NOHFEFIILHOMEJMNLJPMDNJHHAMHOIGAGNDJBHFEEDGCALAONPBEACMIEPPLKFDCFMBGGOOMBOLLBNMPDKJBCIBBDFFIFJKPAIPIJDDDPDAGHAKG</LOG>
<LOG>NOHFEFIILHOMEJMNLJPMDNJHHAMHOIGAGNDJBHFEEDGCALAONPBEACMIEPPLKFDCFMBGGOOMBOLLBNMPDKJBCIBBDFFIFJKPCIDKMDFJDEEACMCK</LOG>
<LOG>NOHFEFIILHOMEJMNLJPMDNJHHAMHOIGAGNDJBHFEEDGCALAONPBEACMIEPPLKFDCFMBGGOOMBOLLBNMPDKJBCIBBDFFIFJKPJMKBHALBFKHIDIPLCACDHMCAKBMBBIDJ</LOG>
<LOG>NOHFEFIILHOMEJMNLJPMDNJHHAMHOIGAGNDJBHFEEDGCALAONPBEACMIEPPLKFDCFMBGGOOMBOLLBNMPDKJBCIBBDFFIFJKPGCIJFKGBEJCAGBIC</LOG>
<LOG>NOHFEFIILHOMEJMNLJPMDNJHHAMHOIGAGNDJBHFEEDGCALAONPBEACMIEPPLKFDCFMBGGOOMBOLLBNMPDKJBCIBBDFFIFJKPOOMHMMMEJCOBCPOD</LOG>
<LOG>NOHFEFIILHOMEJMNPEDKCLKMMJFENLCLGNDJBHFEEDGCALAONPBEACMIEPPLKFDCFMBGGOOMBOLLBNMPBINDNGBCPBPGGHGBJBIMEGKHKMDBNDAIAHKFEENGLIAJGFGI</LOG>
<LOG>NOHFEFIILHOMEJMNPEDKCLKMMJFENLCLGNDJBHFEEDGCALAONPBEACMIEPPLKFDCFMBGGOOMBOLLBNMPPFKMJPCCEDMANDBFHBJECHDIEDIEIBKLBLPFFPPPLJIDFLLBEBOBJIKKHKHLOMID</LOG>
<LOG>NOHFEFIILHOMEJMNPEDKCLKMMJFENLCLGNDJBHFEEDGCALAONPBEACMIEPPLKFDCFMBGGOOMBOLLBNMPMEIELENCDJDIAMLFALNKPNANOFLONBJDIAPMNMKLPCNOFGGLOMHDIDIGCDMDNECI</LOG>
<LOG>NOHFEFIILHOMEJMNPEDKCLKMMJFENLCLGNDJBHFEEDGCALAONPBEACMIEPPLKFDCFMBGGOOMBOLLBNMPDJOBPKKLOFGPMFMKIGHCIHKHEAGCHBGMPOGGPCDFMNBIHKKF</LOG>
<LOG>NOHFEFIILHOMEJMNPEDKCLKMMJFENLCLGNDJBHFEEDGCALAONPBEACMIEPPLKFDCFMBGGOOMBOLLBNMPIFIBEFAFJGIHAKLAKEMLPMJDDBBFKBEBAGFFNACBLPILHPKO</LOG>
<LOG>NOHFEFIILHOMEJMNPEDKCLKMMJFENLCLGNDJBHFEEDGCALAONPBEACMIEPPLKFDCFMBGGOOMBOLLBNMPDPLGPLHAOJJLPCPJJGEJJECEPDBNLNHCEHDDCIMALMAMAMJE</LOG>
<LOG>NOHFEFIILHOMEJMNPEDKCLKMMJFENLCLGNDJBHFEEDGCALAONPBEACMIEPPLKFDCFMBGGOOMBOLLBNMPHHODADKCHAJFCPJLCIIBACOECNCAJMPHPDJFNFKPNFJIGFDB</LOG>
<LOG>NOHFEFIILHOMEJMNPEDKCLKMMJFENLCLGNDJBHFEEDGCALAONPBEACMIEPPLKFDCFMBGGOOMBOLLBNMPOGFFIEFFOPBNLFBBBLONLIJCDLMKIKIB</LOG>
<LOG>NOHFEFIILHOMEJMNPEDKCLKMMJFENLCLGNDJBHFEEDGCALAONPBEACMIEPPLKFDCFMBGGOOMBOLLBNMPKMGKPJMMLLPBFFHPMOOMNLMNPMKBPFLD</LOG>
<LOG>NOHFEFIILHOMEJMNPEDKCLKMMJFENLCLGNDJBHFEEDGCALAONPBEACMIEPPLKFDCFMBGGOOMBOLLBNMPDBIBEPIJGDNJLHPNKAILNBOICKECHLLHMMKHDHMMNNLGCNJKDAPCACICJAKIMGKOIKEDOBEALJLJMDFLJMKALENKIMEFBJHCIEELOMHGBFOFJCLL</LOG>
<LOG>NOHFEFIILHOMEJMNPEDKCLKMMJFENLCLGNDJBHFEEDGCALAONPBEACMIEPPLKFDCFMBGGOOMBOLLBNMPBIBIGNGPADPJABHOHGJPPEIBBIHDNFCIKHOOPDNBLKBLOHGK</LOG>
<LOG>NOHFEFIILHOMEJMNPEDKCLKMMJFENLCLGNDJBHFEEDGCALAONPBEACMIEPPLKFDCFMBGGOOMBOLLBNMPDPGPFNBLGNKMBJEJMOFAKJNNIMAAJBMPFACJOFGHNJJPAGEM</LOG>
<LOG>NOHFEFIILHOMEJMNPEDKCLKMMJFENLCLGNDJBHFEEDGCALAONPBEACMIEPPLKFDCFMBGGOOMBOLLBNMPIFKIFKHLJHFGHOOBFLOCFJFFEGOPKCBJANCMHCADAIAOECOP</LOG>
<LOG>NOHFEFIILHOMEJMNPEDKCLKMMJFENLCLGNDJBHFEEDGCALAONPBEACMIEPPLKFDCFMBGGOOMBOLLBNMPHLOKMCEKFDMACEPCIIODJIHOIICEKHCNPHKGGDEAJBHOLBCK</LOG>
<LOG>NOHFEFIILHOMEJMNPEDKCLKMMJFENLCLGNDJBHFEEDGCALAONPBEACMIEPPLKFDCFMBGGOOMBOLLBNMPCMKJMGMAGMIGPGLILADCCDKLOGJLKNGHFLKFECMBOMIKINJNHCEDJCAPOJOGDCCNLCMHIIDCNAKACGJCPBNFIKGDEEFOBDIFELEKOCDIPNMNELNI</LOG>
<LOG>NOHFEFIILHOMEJMNPEDKCLKMMJFENLCLGNDJBHFEEDGCALAONPBEACMIEPPLKFDCFMBGGOOMBOLLBNMPMCBCAONPDLCPJJMHGILGEEKICPACGCBMCCFINEMBPIAKLJJLFAOBENIMHOOKLLNNNILAINOOBBLNDNJBCHELMJOGOGMDMHNJ</LOG>
<LOG>NOHFEFIILHOMEJMNPEDKCLKMMJFENLCLGNDJBHFEEDGCALAONPBEACMIEPPLKFDCFMBGGOOMBOLLBNMPCNCJNKCMIEJIPPNDJPNMEMPAEDNOANOFDACLCICKFNPNALIP</LOG>
<LOG>NOHFEFIILHOMEJMNPEDKCLKMMJFENLCLGNDJBHFEEDGCALAONPBEACMIEPPLKFDCFMBGGOOMBOLLBNMPFNFKJIKFOJJLDMLHNBKCDNIADKMPFBFAFACJOFGHNJJPAGEM</LOG>
<LOG>NOHFEFIILHOMEJMNPEDKCLKMMJFENLCLGNDJBHFEEDGCALAONPBEACMIEPPLKFDCFMBGGOOMBOLLBNMPNCEDBIHJDPLCOOIOMGHLNHJDKONMOAFO</LOG>
<LOG>NOHFEFIILHOMEJMNPEDKCLKMMJFENLCLGNDJBHFEEDGCALAONPBEACMIEPPLKFDCFMBGGOOMBOLLBNMPAFPPHOBNEFGNBBHDGELLOPIFPPNBNOCOIELEEEMNLKMAIJKM</LOG>
<LOG>NOHFEFIILHOMEJMNPEDKCLKMMJFENLCLGNDJBHFEEDGCALAONPBEACMIEPPLKFDCFMBGGOOMBOLLBNMPAKAAMMBJIBBMJMFKIHBCHFPACKGNIHLOFBPJADEFBABFAFLO</LOG>
<LOG>NOHFEFIILHOMEJMNPEDKCLKMMJFENLCLGNDJBHFEEDGCALAONPBEACMIEPPLKFDCFMBGGOOMBOLLBNMPKDIPNDCMFKMGMELIIKOBBKFKHEJHEFOGDCHIFMLIAPOKFFBGDEMFEOFNHILEHFGDFNJAKLFLIJJFKPECAAEMPFFLPILLCCGMBNLHMJCAMGNFKNAGDMCDLOEMIDPICIJF</LOG>
<LOG>NOHFEFIILHOMEJMNPEDKCLKMMJFENLCLGNDJBHFEEDGCALAONPBEACMIEPPLKFDCFMBGGOOMBOLLBNMPPFKMJPCCEDMANDBFHBJECHDIEDIEIBKLBDBEGDIFOFCDBCGBPOCMNIEMIJPOMKOCNNPBIJCHFNJNNJEN</LOG>
<LOG>NOHFEFIILHOMEJMNGFOPMEEAHLHEOBCGGNDJBHFEEDGCALAONPBEACMIEPPLKFDCFMBGGOOMBOLLBNMPPFKMJPCCEDMANDBFHBJECHDIEDIEIBKLNKPHBIEKIAMJKOAPKKFAIKGHGJPDFNLLJNOIGHGJPIPIBPKJHHGAEOLICDBGOMAL</LOG>
<LOG>NOHFEFIILHOMEJMNKHDBOHIJIBOGLLBAGNDJBHFEEDGCALAONPBEACMIEPPLKFDCFMBGGOOMBOLLBNMPMCBCAONPDLCPJJMHGILGEEKICPACGCBMJGMNIBPIGNJLIHFDCFLKPLCEFJEGAIAOEPNGLMPBEBMEPJDL</LOG>
<LOG>NOHFEFIILHOMEJMNKHDBOHIJIBOGLLBAGNDJBHFEEDGCALAONPBEACMIEPPLKFDCFMBGGOOMBOLLBNMPPFKMJPCCEDMANDBFHBJECHDIEDIEIBKLLHGNNMHLANNLKJAJAJNIPFEMBPFMHFPL</LOG>
<LOG>NOHFEFIILHOMEJMNKHDBOHIJIBOGLLBAGNDJBHFEEDGCALAONPBEACMIEPPLKFDCFMBGGOOMBOLLBNMPDKDNPJDIMGOFIODLFBMCPGKOPCGGBAHKKHOOPDNBLKBLOHGK</LOG>
<LOG>NOHFEFIILHOMEJMNLJHMLCDEGNFGCOFJGNDJBHFEEDGCALAONPBEACMIEPPLKFDCFMBGGOOMBOLLBNMPDKDNPJDIMGOFIODLGBHCGBFGBDACNEIJGPACGMPCOBEDJLFPICKFLFFBMGMLMJNG</LOG>
<LOG>NOHFEFIILHOMEJMNAJEMMIGHCABCCJAIGNDJBHFEEDGCALAONPBEACMIEPPLKFDCFMBGGOOMBOLLBNMPMCBCAONPDLCPJJMHGILGEEKICPACGCBMAEIKLPHFPGDDBJGIHDDAAEAHMIHLNFIJ</LOG>
<LOG>NOHFEFIILHOMEJMNAJEMMIGHCABCCJAIGNDJBHFEEDGCALAONPBEACMIEPPLKFDCFMBGGOOMBOLLBNMPPFKMJPCCEDMANDBFHBJECHDIEDIEIBKLNHOBFEGNLEHDJJMABMLMKKPBFBODJFHFFEADGIENMGGLFOBN</LOG>
<LOG>NOHFEFIILHOMEJMNAJEMMIGHCABCCJAIGNDJBHFEEDGCALAONPBEACMIEPPLKFDCFMBGGOOMBOLLBNMPMCBCAONPDLCPJJMHGILGEEKICPACGCBMMJMOAGGFFCPFJJKFAANNJOJDAJKIJPJC</LOG>
<LOG>NOHFEFIILHOMEJMNAJEMMIGHCABCCJAIGNDJBHFEEDGCALAONPBEACMIEPPLKFDCFMBGGOOMBOLLBNMPLCGCPHCAFPJGGHNIFHIMNHEICLKFIMIBILADLPODEGOMAIEP</LOG>
<LOG>NOHFEFIILHOMEJMNONAIKHGCCMKBFKOEGNDJBHFEEDGCALAONPBEACMIEPPLKFDCFMBGGOOMBOLLBNMPMCBCAONPDLCPJJMHGILGEEKICPACGCBMNBFGALAOENGNHLBDCHELMJOGOGMDMHNJ</LOG>
<LOG>NOHFEFIILHOMEJMNONAIKHGCCMKBFKOEGNDJBHFEEDGCALAONPBEACMIEPPLKFDCFMBGGOOMBOLLBNMPPFKMJPCCEDMANDBFHBJECHDIEDIEIBKLIHBFMGEBFLNEMKMAJCAEMMFMFGBLFBMHBMLMKKPBFBODJFHFFEADGIENMGGLFOBN</LOG>
<LOG>NOHFEFIILHOMEJMNKFLKOMPBMJCBJIBKGNDJBHFEEDGCALAONPBEACMIEPPLKFDCFMBGGOOMBOLLBNMPMCBCAONPDLCPJJMHFJHDNGENHGKAEOPEEEHBJGCLDLOFLKAABLNNHFPBHPBAMGOG</LOG>
<LOG>NOHFEFIILHOMEJMNKFLKOMPBMJCBJIBKGNDJBHFEEDGCALAONPBEACMIEPPLKFDCFMBGGOOMBOLLBNMPPFKMJPCCEDMANDBFHBJECHDIEDIEIBKLMDAHNNCKLDNAOPACDAJFENENDKNFHEJGHCGIBADAJHJBBBEPHJAOENFGAMCAAEKK</LOG>
<LOG>NOHFEFIILHOMEJMNKFLKOMPBMJCBJIBKGNDJBHFEEDGCALAONPBEACMIEPPLKFDCFMBGGOOMBOLLBNMPMCBCAONPDLCPJJMHDHJJJOAPGGLBIMIKCIFMNDDNJBADEHBIOOGKKMDCJHHHIPEF</LOG>
<LOG>NOHFEFIILHOMEJMNKFLKOMPBMJCBJIBKGNDJBHFEEDGCALAONPBEACMIEPPLKFDCFMBGGOOMBOLLBNMPJIPJNKKIJBAMGHOKHPHGKBKLKAIEPEONCBJNEPMFGJFKPAFDBGIGOAFMJONDCBBBJHLLDOIKJJODOOKMCJGCGJJBDCBKEMJKNIBECKPIJJPENMFGHJIDLKILBEMOIMIHDDCGHAEFFIJNBJMPNPANOOBAEKBLLGOGHJJCGLLANOHMIOCJBAENJCKCAPHHPHIHKJACKGKKNAKACALI</LOG>
<LOG>NOHFEFIILHOMEJMNKFLKOMPBMJCBJIBKGNDJBHFEEDGCALAONPBEACMIEPPLKFDCFMBGGOOMBOLLBNMPBGAIPOALPJLKFODBMFOILAFJFJHILKEGNLDEGGOPIANPNHLEMLJPDFGNBABBADMP</LOG>
<LOG>NOHFEFIILHOMEJMNKFLKOMPBMJCBJIBKGNDJBHFEEDGCALAONPBEACMIEPPLKFDCFMBGGOOMBOLLBNMPDOMAIPNEELGHJAFMJBIMEGKHKMDBNDAIIKHCCOCHEIPGPOHN</LOG>
00:15:01.916 0000a6b8  <log> [wsimage]  LoadCalibration rc=0 profiling=23(ms)
00:15:01.916 0000a6b8  <log> [_wsapi_]  -ws_create_waveshaper rc=0
00:15:01.917 0000a6b8  <log> [_wsapi_]  +ws_open_waveshaper ws=wsSN082721
00:15:01.917 0000a6b8  <log> [wvshaper] OpenWaveShaper
00:15:01.950 0000a6b8  <log> [portmgr]  Enum FT4232 <WS082721D,82721,0>
00:15:01.969 0000a6b8  <log> [portmgr]  ch_find_devices_ext rc=-1
00:15:01.969 0000a6b8  <log> [portmgr]  NLocatePort rc=0 profiling=52(ms)
00:15:01.969 0000a6b8  <dbg> [factory]  CreateModule cid=FTDIComPort iid=IPort
<LOG>DFIJDFNAMMMIBIHEPDCFDBFGICLJPBFGGNDJBHFEEDGCALAOIPMDONLIEEJPIHKAKJDAHCHDEEIACLIGINMBMMKAOELCIDDGIACJBFCJEIJLGOEFHIGGKOHNDABOPFBPGKFPMOOFOMCOHFHE</LOG>
<LOG>DFIJDFNAMMMIBIHEPDCFDBFGICLJPBFGGNDJBHFEEDGCALAOIPMDONLIEEJPIHKAKJDAHCHDEEIACLIGJAOMJAJKFNHHNGAGEHBGCGJJHENPOAOLPEKCCCOPIOIADHFDEPNGLMPBEBMEPJDL</LOG>
00:15:02.000 0000a6b8  <dbg> [factory]  CreateModule cid=FTDISPIPort iid=IPort
<LOG>DFIJDFNAMMMIBIHEEHPODDKEELACLECCGNDJBHFEEDGCALAOIPMDONLIEEJPIHKAKJDAHCHDEEIACLIGPFJNCLJJPODABJONPIELBCLDGNHMEEONHOGAKGGMHGCKGEBE</LOG>
<LOG>DFIJDFNAMMMIBIHEEHPODDKEELACLECCGNDJBHFEEDGCALAOIPMDONLIEEJPIHKAKJDAHCHDEEIACLIGAJDLANJGOOMAKFNNPLCFOEOAAPDPODHOOBCGFIHBCJJCHJDJ</LOG>
<LOG>DFIJDFNAMMMIBIHEDFMBPMNEMGBHINKHGNDJBHFEEDGCALAOIPMDONLIEEJPIHKAKJDAHCHDEEIACLIGLOLGMOOGBNMEMOFMIFCBFHGCMMJOMPLD</LOG>
<LOG>DFIJDFNAMMMIBIHEDFMBPMNEMGBHINKHGNDJBHFEEDGCALAOIPMDONLIEEJPIHKAKJDAHCHDEEIACLIGIGIJOHFNOIFKPGNIPLCFOEOAAPDPODHOOBCGFIHBCJJCHJDJ</LOG>
<LOG>DFIJDFNAMMMIBIHEACAGKIBFFNIBCLCKGNDJBHFEEDGCALAOIPMDONLIEEJPIHKAKJDAHCHDEEIACLIGNMGCFPOKNJMFJEOAIFCBFHGCMMJOMPLD</LOG>
<LOG>DFIJDFNAMMMIBIHEACAGKIBFFNIBCLCKGNDJBHFEEDGCALAOIPMDONLIEEJPIHKAKJDAHCHDEEIACLIGIANDOOMKIOJJIFOMDKENEBMHELEHNJNIGHPNHLKBALKFFPLPELHJOKEIMKCBJHLFPLCCEPOOLKBACNCI</LOG>
<LOG>DFIJDFNAMMMIBIHEACAGKIBFFNIBCLCKGNDJBHFEEDGCALAOIPMDONLIEEJPIHKAKJDAHCHDEEIACLIGINMBMMKAOELCIDDGIACJBFCJEIJLGOEFLACCENLMHMDBBMBOGKFPMOOFOMCOHFHE</LOG>
<LOG>DFIJDFNAMMMIBIHEACAGKIBFFNIBCLCKGNDJBHFEEDGCALAOIPMDONLIEEJPIHKAKJDAHCHDEEIACLIGJAOMJAJKFNHHNGAGEHBGCGJJHENPOAOLBKKPAHBGINPJNFABEPNGLMPBEBMEPJDL</LOG>
00:15:02.075 0000a6b8  <log> [_wsapi_]  -ws_open_waveshaper rc=0
00:15:02.075 0000a6b8  <log> [_wsapi_]  +ws_get_portcount ws=wsSN082721
00:15:02.075 0000a6b8  <log> [_wsapi_]  nport=1
00:15:02.075 0000a6b8  <log> [_wsapi_]  -ws_get_portcount rc=0
00:15:02.075 0000a6b8  <log> [_wsapi_]  +ws_get_frequencyrange ws=wsSN082721
00:15:02.076 0000a6b8  <log> [_wsapi_]  start=191.149994 stop=196.274994
00:15:02.076 0000a6b8  <log> [_wsapi_]  -ws_get_frequencyrange rc=0
00:15:02.076 0000a6b8  <log> [_wsapi_]  +ws_load_predefinedprofile ws=wsSN082721
00:15:02.076 0000a6b8  <log> [_wsapi_]  create_predefinedfilter rc=0 entries_size=2
00:15:02.076 0000a6b8  <log> [_wsapi_]  validate profile rc=1000000
<LOG>DFIJDFNAMMMIBIHEJOKEEBFHLPIHEELPGNDJBHFEEDGCALAONPBEACMIEPPLKFDCFMBGGOOMBOLLBNMPONEODFKNPBNMPNMLEMKPMCPPALKJONJOLKBGGEOIODGPPOOFLEDKLGCODFCKFECGMAJCOIEDLDPDHFHNJOFILKICLBELOKJOFCHCOOGJICDDMDDH</LOG>
<LOG>DFIJDFNAMMMIBIHEJOKEEBFHLPIHEELPGNDJBHFEEDGCALAONPBEACMIEPPLKFDCFMBGGOOMBOLLBNMPPHJLBACOONKBIKBMKEPHAOPNNIMGJDONIHOFILHKIGIALJFCOLJHDMOCPBHONLDLCOBPBMFEOFKAKDJPEFELBDAIEPGMDNEKJMMCCAHIFLLFCOAIICAFKEABMLLNLPPHCHELMJOGOGMDMHNJ</LOG>
00:15:02.076 0000a6b8  <log> [wsimage]  LoadFilter rc=0 profiling=0(ms)
00:15:02.076 0000a6b8  <log> [_wsapi_]  LoadFilter rc=0
<LOG>LGNEMIMJBMMKBHDHOLDJBJMHKEGNOMLOJKPILAELAKEKPMNOFMJKMOGOGPFAGIGKFMJKMOGOGPFAGIGKFMJKMOGOGPFAGIGKIIDCMDNGMHHGLINHOHMHHIOGEFIOAAKGLCLMGNDMGNFKIBJA</LOG>
<LOG>DFIJDFNAMMMIBIHEJOKEEBFHLPIHEELPGNDJBHFEEDGCALAOIPMDONLIEEJPIHKAKJDAHCHDEEIACLIGFHIPGCDKJPHGBGEMOGFHPFDDDBDEAGME</LOG>
<LOG>LGNEMIMJBMMKBHDHOLDJBJMHKEGNOMLOIHHOJNEPDGONAGGOFDIJKILFEGAGCJNEFMJKMOGOGPFAGIGKFMJKMOGOGPFAGIGKIIDCMDNGMHHGLINHIBJEAOBCLPIBOPBGLCLMGNDMGNFKIBJA</LOG>
<LOG>PIAHCDAFMGGPAKNNKJJHMEJLLMOJDHJIGKDFDOELIPJDLANLFMJKMOGOGPFAGIGKFMJKMOGOGPFAGIGKFMJKMOGOGPFAGIGKHJAIEAFDKAOCAFLJDNNCEDOPMOAPDKDKLCLMGNDMGNFKIBJA</LOG>
<LOG>DFIJDFNAMMMIBIHEFAJOOJPJFILJOGBEGNDJBHFEEDGCALAOIPMDONLIEEJPIHKAKJDAHCHDEEIACLIGKIAJLPPOKECGHNADDHOODOFGPAIAHDBD</LOG>
00:15:02.199 0000a6b8  <log> [wvshaper] FWR? -- FWR?
2.2.19
OK

<LOG>GFLOAOHKCGPOAIGGGHPOKOHIOKOGANKNGIKMKIGBMDFCJBIBFFINIEPOOIHLHBKMOCDKBOMJBPEHCDJKOMKFHOCHIBBJOBFOAOHCNOBANEKKOBIMBEEADEDPGBMOPOGOGJANKMDILDOLJPADLNMLOGIOHFNAECEKFPICLJGBNCGNHDPNDPDOPCEDHFKKFKGMMEBGPJPEMHEINDJOFMJKMOGOGPFAGIGKGPGAALBOAALBIEKGJHLFPNAEMHPCIOLHDLODGAMGJOIEPMJCKAMJDPEBIHIJNBEI</LOG>
<LOG>DFIJDFNAMMMIBIHEFAJOOJPJFILJOGBEGNDJBHFEEDGCALAOIPMDONLIEEJPIHKAKJDAHCHDEEIACLIGFHIPGCDKJPHGBGEMOGFHPFDDDBDEAGME</LOG>
<LOG>HNFPCFEIDOFIIHIPGHPOKOHIOKOGANKNONFNPIBIANKLEMJPCIMAEDPJMEHKKKKBFMJKMOGOGPFAGIGKFMJKMOGOGPFAGIGKIMNMAAGDHJMOHIIJKPDCJMLJFGCHGOMOLCLMGNDMGNFKIBJA</LOG>
<LOG>DGFJEIKODALPNMJKOCHOOCFEENDJJOOKILPHFOPPEJCCICHICNHHGIOOCEFLOCNPFMJKMOGOGPFAGIGKFMJKMOGOGPFAGIGKHIFKLGKCNJICBGJCLNFABMAJNFGPCALKLCLMGNDMGNFKIBJA</LOG>
<LOG>DJMACGDNONNDHMFMBPBFJEKDGJCOGDGJGHKHCNOBPGOMAEIKKPAAHBDBJCHJBNHMFMJKMOGOGPFAGIGKFMJKMOGOGPFAGIGKFAKPAIBANKOGIBAKPMHFONMLGABGMENALCLMGNDMGNFKIBJA</LOG>
<LOG>JHNADCDPDDEPLOBGFMJKMOGOGPFAGIGKFMJKMOGOGPFAGIGKFMJKMOGOGPFAGIGKFMJKMOGOGPFAGIGKFMJKMOGOGPFAGIGKMMAGFEHOEBGLLDNHFMJKMOGOGPFAGIGKLCLMGNDMGNFKIBJA</LOG>
<LOG>DFIJDFNAMMMIBIHEIOJNBLINLGELKDDGGNDJBHFEEDGCALAOIPMDONLIEEJPIHKAKJDAHCHDEEIACLIGKIAJLPPOKECGHNADDHOODOFGPAIAHDBD</LOG>
<LOG>PPBFLIOLCJEKCMOPFPPEGHCMMPOONHGKNPKNKJPNALPBAOADPJNMJHDALJIHJAPMACCOEGFLIGHCADADKCBOLMOJEKCGGHGHIHJLIEFHGEOMOCBIGJOABOHEJJKBGEKNFGEJDAMEIODJMLCIACJOANIBNOFCJGKGCEMCCBBOGFHKDCHDCLPGHINIBKGNMHOKJBECBLFBFIJPCGNCPPOCBEMJMIFCKIBBOOBNLLJBFPMEMFDBIBFHOBKCIFPJJDKKJLNJEINPLFNMMEMPELAPLIDIIJNMEIAGFMJKMOGOGPFAGIGKFMJKMOGOGPFAGIGKFMJKMOGOGPFAGIGKFMJKMOGOGPFAGIGKFMJKMOGOGPFAGIGKBDOCMHGCDHOIKILMFMJKMOGOGPFAGIGKKLMKAMCIKODPAKBH</LOG>
<LOG>DFIJDFNAMMMIBIHEIOJNBLINLGELKDDGGNDJBHFEEDGCALAOIPMDONLIEEJPIHKAKJDAHCHDEEIACLIGFHIPGCDKJPHGBGEMOGFHPFDDDBDEAGME</LOG>
<LOG>MFIFBEFCMLFBENLAFPPEGHCMMPOONHGKNPKNKJPNALPBAOADBBKHDABKDJHLJGAPFMJKMOGOGPFAGIGKFMJKMOGOGPFAGIGKEKBLONLKECFJONBOGMNGBLHDHMOLKOIDLCLMGNDMGNFKIBJA</LOG>
<LOG>OHFIFNJIAGKMCDPAEOMFNPKJCIAOLOMCMNIGFEIOAIDDILHOPNDBEKEFCPCEECNDFMJKMOGOGPFAGIGKFMJKMOGOGPFAGIGKBEHIIHIAGCPGANKKDLNAGBNEKMPLHECDLCLMGNDMGNFKIBJA</LOG>
<LOG>HOBPLMJIMHHJCEALOHKKMHLGGKKBMFKFJDCBCIBJLLLMDBAIMEBGPJPEMHEINDJOFMJKMOGOGPFAGIGKFMJKMOGOGPFAGIGKCKMGAAMGCIKDGIFLNCEHFNCEMLAKDKMLLCLMGNDMGNFKIBJA</LOG>
<LOG>BNPEHEHHPBDMMLAOBHGGEEBINAAHNCAOFMJKMOGOGPFAGIGKFMJKMOGOGPFAGIGKFMJKMOGOGPFAGIGKFMJKMOGOGPFAGIGKACBFMLOMKLCLEMKDFMJKMOGOGPFAGIGKLCLMGNDMGNFKIBJA</LOG>
<LOG>DFIJDFNAMMMIBIHELPFBDEIKCJDJHDGIGNDJBHFEEDGCALAOIPMDONLIEEJPIHKAKJDAHCHDEEIACLIGKIAJLPPOKECGHNADDHOODOFGPAIAHDBD</LOG>
<LOG>DFIJDFNAMMMIBIHELPFBDEIKCJDJHDGIGNDJBHFEEDGCALAONPBEACMIEPPLKFDCFMBGGOOMBOLLBNMPLBAEMCJJDBFGMJGHMNOAINGOGPMNLDCIIPEBFOAHNEFJMFHG</LOG>
<LOG>DFIJDFNAMMMIBIHELPFBDEIKCJDJHDGIGNDJBHFEEDGCALAONPBEACMIEPPLKFDCFMBGGOOMBOLLBNMPBCJMNJIEHEEHKIEFPEFMBDHCAKMPPBNMPBBHIMHAAFAJBFGJPLPJGNFIHOOHGHGKMDPHPPHCFBNKCCHJPBNFIKGDEEFOBDIFNJENKGHMIPDEACADMCDHBGGIECANCIOKPCGMABLHMNKCBALD</LOG>
<LOG>DFIJDFNAMMMIBIHEHEIAPCHPALIAEEFGGNDJBHFEEDGCALAONPBEACMIEPPLKFDCFMBGGOOMBOLLBNMPDNEBLCHBLIGOOGCKDAIFIKJJLBGPLAGJHAINLBBGNNNKNDOFBOFOCDCGHDGKFGHE</LOG>
<LOG>DFIJDFNAMMMIBIHEHEIAPCHPALIAEEFGGNDJBHFEEDGCALAONPBEACMIEPPLKFDCFMBGGOOMBOLLBNMPDJGGGNMCCJJNCMOAHPFBOJDPDADGFLEKBHOAMPDMONOMBJHANGGBLLHDIJINEMKB</LOG>
<LOG>DFIJDFNAMMMIBIHEMNIFPEBPEJNHNPDCGNDJBHFEEDGCALAONPBEACMIEPPLKFDCFMBGGOOMBOLLBNMPDJGGGNMCCJJNCMOAPBBLIDDGBIDGNEPIDHOODOFGPAIAHDBD</LOG>
<LOG>DFIJDFNAMMMIBIHEMNIFPEBPEJNHNPDCGNDJBHFEEDGCALAONPBEACMIEPPLKFDCFMBGGOOMBOLLBNMPDJGGGNMCCJJNCMOABEBCEGCLLLEBOCIIJEGILMNFAEABDIBEEPNGLMPBEBMEPJDL</LOG>
00:15:02.422 0000a6b8  <log> [wsimage]  ComputeImage startcol=0 endcol=1200 rc=0 profiling=5(ms)
00:15:02.424 0000a6b8  <log> [wvshaper] Image compressed size=92878
00:15:02.424 0000a6b8  <log> [wvshaper] CompressImage lenout=92878 rc=0 profiling=1(ms)
<LOG>COHEADFDBFNOGAMHBNBHHDKBKCBLPIHMBFGDCHLIGKGBMHOILBMIMAIOHDGAKNAJPDAMHEJMGDJMHEFOPIAECAOJEENBBMGPPEKHFJPHEOGCHCFDPCNPKELJLFBDIDNHDNJMKKPMPILENIBPHDMAGNDEBADOCAGOFBGDAIBHKDCEFEKFIJBGHADOINAGHBFBBACCDGGBCJJEBKPKFMJKMOGOGPFAGIGKGPGAALBOAALBIEKGGHLGPLPAMGHLOLBFADIJFNHDHBEHCGEBKAMJDPEBIHIJNBEI</LOG>
<LOG>DFIJDFNAMMMIBIHEJAHAGHLPCEOHODILGNDJBHFEEDGCALAOIPMDONLIEEJPIHKAKJDAHCHDEEIACLIGFHIPGCDKJPHGBGEMOGFHPFDDDBDEAGME</LOG>
<LOG>COHEADFDBFNOGAMHBNBHHDKBKCBLPIHMBFGDCHLIGKGBMHOIGOEIDDEJGDLDGNONFMJKMOGOGPFAGIGKFMJKMOGOGPFAGIGKPEKHFJPHEOGCHCFDIJJOGHJMBLJBDDICLCLMGNDMGNFKIBJA</LOG>
<LOG>IFOFCEAPJJHDHJEJKKJHGOMJNHAIELHHFCJNALENJNJKBEMPBPFDNOOPGDOLJGMDFMJKMOGOGPFAGIGKFMJKMOGOGPFAGIGKMGCMAPCHMFPDPALIODKKPCLKILPHKBBMLCLMGNDMGNFKIBJA</LOG>
<LOG>EOAOEHOGLLIJDHPNFCEFIHAJMKLENCPNINBLCNDLGPAMHEAIAMMMGKHBJPKDHMCHFMJKMOGOGPFAGIGKFMJKMOGOGPFAGIGKNFJMPCMANFABCHCLOCPMAIENBMMBBGAHLCLMGNDMGNFKIBJA</LOG>
<LOG>DFIJDFNAMMMIBIHENNMJLLBMHOMEMKAOGNDJBHFEEDGCALAOIPMDONLIEEJPIHKAKJDAHCHDEEIACLIGKIAJLPPOKECGHNADDHOODOFGPAIAHDBD</LOG>
00:15:02.429 0000a6b8  <log> [wvshaper] Sending through SPI...
<LOG>AOLMODDINFGCJIHBGIBAFCDHKKEMNEELCMIBKPNKDBOFNGGBNEBFOLALKFEOFDJOGKANHKHDLKMOOGJFFFIPDBDBCHOHLLPMMOOCAHGKCOCAIHPODNMJMLHLGMPJNNEOLCLMFACMMOOLEFEDPOODHJBGFCOAJAADCDEJOAFCLAPBEOCKGJNPAOJACCCEJJOJOHHAFIIDOMIJDHLFHMMCOBAGCPFAHLEMJFHCGHLJOLPAKICGGFJFLHGHPENJHKLNDIGDPGGNHGJBPHEPFANANDCHDMEGCGCOEDELCJOMJHLINCFPLIHBGBCIGPDNDODENBLKDGAEGNBGGHJGPJBDFJFOPHPHGLCNMNNDCNOJOKFELLOMDDGHEPPJNICHAIEBOIMFLDGKKHODMLHBBGFEOJPFBFCKBGLHJABMNAEGOGDAFJPJFFOAIFACMDPFLGCAAAJAOJEOGOBCNFJELGBGPEEHKPJIGKIALAHGBILJJOJNCPDACPHBIGPCFMBEJBBOHOPMGJGEFMHJCIJKOGPAFEHJALMHGOGJJCCJBKBMAHCMHFKL</LOG>
<LOG>DOGPNCEBMCHLKMAOAHLBHIMAKPDBKLPPECDNJPBLEMOHIEGL</LOG>
<LOG>MNKCKHKKKAJLNDNIGOJBIABMFMLNCDBOEHIJDIHBGBMEGJKFANJIKCOBCLEPOGJPNPAHBPEEGNGCHCDGHMGHBFHHBPFGDGOJBICDHMOMCFCDMGBOEPBIONCPPGIIPPACNPCAJKILLPNKDCOLLIBBLHBCDNEBGGBFCAOLJIDGMOLPFIPGOPANLFMDJPOHAHKAFPJKPGOLKOLJJKDHJHAOEJCKCGJLKGJGKGJONJFNCOEHCOGKLFLIMPECBEBACBCOMGAOPMEOGJJGPFONHHOEAODBKDBGMFKAOMHHAOBNMDAPAHFBMHPBJELIIMGMDIPKCHMLIHMHPLPMAJOOOONHMDCPJBNNFIFPFOCPJLHBGCHMJFFMMJAAOFFDGEIDMNJGIJMODIHHJLEHDGNGBGLCCOHMEMAOCJKLCKOPJELMFMLIEFPCNLKMOELJGLOLKFIHJICMNEGMHLPPBMBFPLOLFLLOIEAFLIOAFCBDODCDGHLHHLLHBPBOKHJJKOJEIEEHMAKGFPFHBEFJALHBCBACLMLDOANCJMEOJCCJBKBMAHCMHFKL</LOG>
<LOG>DFIJDFNAMMMIBIHEOKIBIDHLBKAEDIIOGNDJBHFEEDGCALAOIPMDONLIEEJPIHKAKJDAHCHDEEIACLIGFHIPGCDKJPHGBGEMOGFHPFDDDBDEAGME</LOG>
<LOG>GNCOPMLNCMBECEMNEIJPLINDNHKKLEAEIJFMKMCJEBBKEFFHEMFEJGBDADEMDBGGFMJKMOGOGPFAGIGKFMJKMOGOGPFAGIGKDJLDPPHMDDAAFLHJNHMHLGGEMHFEMPMLLCLMGNDMGNFKIBJA</LOG>
<LOG>NLNFGGJJGEOKNBIAKEKPJDBIIIJOFEBIJELKJGPBNKENDMONGALELKDNGDIFNMJNFMJKMOGOGPFAGIGKFMJKMOGOGPFAGIGKDODBDNAJNEHNHCFNILELGOBPHACIFPGGLCLMGNDMGNFKIBJA</LOG>
<LOG>NFNGBKHPOPJPLPDCFMJKMOGOGPFAGIGKFMJKMOGOGPFAGIGKFMJKMOGOGPFAGIGKFMJKMOGOGPFAGIGKFMJKMOGOGPFAGIGKCAHMKNOMKBNDIJFOFMJKMOGOGPFAGIGKLCLMGNDMGNFKIBJA</LOG>
<LOG>IHOAPLIBKOOHGPHOJAONLDMFKCIAPENFFMJKMOGOGPFAGIGKFMJKMOGOGPFAGIGKFMJKMOGOGPFAGIGKFMJKMOGOGPFAGIGKOIGLFAEMCFEEFLGAFMJKMOGOGPFAGIGKLCLMGNDMGNFKIBJA</LOG>
<LOG>DFIJDFNAMMMIBIHEJJOBPGODDDPGDOGFGNDJBHFEEDGCALAOIPMDONLIEEJPIHKAKJDAHCHDEEIACLIGKIAJLPPOKECGHNADDHOODOFGPAIAHDBD</LOG>
00:15:02.792 0000a6b8  <log> [wvshaper] DownloadImage Success rc=0 profiling=0(ms) 5(ms) 147(ms) 367(ms)
00:15:02.792 0000a6b8  <log> [_wsapi_]  -ws_load_predefinedprofile rc=0
