=======START LOGGING=======
15:42:10.994 00002060  <log> [factory]  RegisterModule cls=WaveShaper
15:42:10.996 00002060  <log> [factory]  RegisterModule cls=WaveShaper
15:42:10.997 00002060  <log> [factory]  RegisterModule cls=MemBuffer
15:42:10.997 00002060  <log> [factory]  RegisterModule cls=FTDI_Cheetah_PortManager
15:42:10.998 00002060  <dbg> [factory]  CreateModule cid=FTDI_Cheetah_PortManager iid=IPortManager
15:42:10.998 00002060  <log> [factory]  RegisterModule cls=WSSimPort
15:42:10.999 00002060  <log> [factory]  RegisterModule cls=ComPort
15:42:11.000 00002060  <log> [factory]  RegisterModule cls=FTDIComPort
15:42:11.000 00002060  <log> [factory]  RegisterModule cls=FTDISPIPort
15:42:11.001 00002060  <log> [factory]  RegisterModule cls=CheetahSPIPort
15:42:11.002 00002060  <log> [_wsapi_]  Initialize WaveShaperAPI, version=1.5.8
15:42:11.002 00002060  <log> [_wsapi_]  +ws_create_waveshaper ws=wsSN079908
15:42:11.003 00002060  <dbg> [factory]  CreateModule cid=WaveShaper iid=IWaveShaper
15:42:11.003 00002060  <dbg> [factory]  CreateModule cid=WaveShaperImage iid=IWaveShaperImage
15:42:11.004 00002060  <dbg> [factory]  CreateModule cid=MemBuffer iid=IMemBuffer
15:42:11.004 00002060  <dbg> [factory]  CreateModule cid=MemBuffer iid=IMemBuffer
15:42:11.005 00002060  <dbg> [factory]  CreateModule cid=MemBuffer iid=IMemBuffer
15:42:11.005 00002060  <dbg> [factory]  CreateModule cid=MemBuffer iid=IMemBuffer
<LOG>AFJFPIIIDCKBFBNNFDBKBKGJFFPNBEAODFLPJFDFEFMPFJOONPBEACMIEPPLKFDCFMBGGOOMBOLLBNMPCFEMJMGBPCIJILNLLOAHEAFPELDLPOHNCIJBNNLHHCEMAHPK</LOG>
<LOG>AFJFPIIIDCKBFBNNGJAKCLAJNENFAEOHDFLPJFDFEFMPFJOONPBEACMIEPPLKFDCFMBGGOOMBOLLBNMPCOCHOFBHBNCFGKPJKFFPFNEEDCDKMKIJHCBNHFJAPBHFOPLJFBOMDFNNNEHHDGOGMAEPKPFJCLGGOMDP</LOG>
<LOG>AFJFPIIIDCKBFBNNDECHJEPGAHMIOBDEDFLPJFDFEFMPFJOONPBEACMIEPPLKFDCFMBGGOOMBOLLBNMPDKJBCIBBDFFIFJKPHAMAJIBDDHCEFJDG</LOG>
<LOG>AFJFPIIIDCKBFBNNDECHJEPGAHMIOBDEDFLPJFDFEFMPFJOONPBEACMIEPPLKFDCFMBGGOOMBOLLBNMPDKJBCIBBDFFIFJKPAABBCFOHGONGLBOA</LOG>
<LOG>AFJFPIIIDCKBFBNNJJHGLKEOLDFIBKHJDFLPJFDFEFMPFJOONPBEACMIEPPLKFDCFMBGGOOMBOLLBNMPDKJBCIBBDFFIFJKPDLNDBLECAKONICKA</LOG>
<LOG>AFJFPIIIDCKBFBNNJJHGLKEOLDFIBKHJDFLPJFDFEFMPFJOONPBEACMIEPPLKFDCFMBGGOOMBOLLBNMPDKJBCIBBDFFIFJKPHONKGIGPAIFNEBMH</LOG>
<LOG>AFJFPIIIDCKBFBNNCPLCILMICIEOEEGDDFLPJFDFEFMPFJOONPBEACMIEPPLKFDCFMBGGOOMBOLLBNMPDKJBCIBBDFFIFJKPGLLLOELCCFHKEKLI</LOG>
<LOG>AFJFPIIIDCKBFBNNCPLCILMICIEOEEGDDFLPJFDFEFMPFJOONPBEACMIEPPLKFDCFMBGGOOMBOLLBNMPDKJBCIBBDFFIFJKPFHFJFDLJCCBKDKJO</LOG>
<LOG>AFJFPIIIDCKBFBNNPHMDNPMNMPFDPNONDFLPJFDFEFMPFJOONPBEACMIEPPLKFDCFMBGGOOMBOLLBNMPDKJBCIBBDFFIFJKPIGDGJNJHNCLCGKNJ</LOG>
<LOG>AFJFPIIIDCKBFBNNGCNKDBHNNECFGHIHDFLPJFDFEFMPFJOONPBEACMIEPPLKFDCFMBGGOOMBOLLBNMPDKJBCIBBDFFIFJKPLFBCNMEMCBBEOCGA</LOG>
<LOG>AFJFPIIIDCKBFBNNGCNKDBHNNECFGHIHDFLPJFDFEFMPFJOONPBEACMIEPPLKFDCFMBGGOOMBOLLBNMPDKJBCIBBDFFIFJKPPDLHMLOLNLOPIMDK</LOG>
<LOG>AFJFPIIIDCKBFBNNCCAGPACFBCHHKLOPDFLPJFDFEFMPFJOONPBEACMIEPPLKFDCFMBGGOOMBOLLBNMPDKJBCIBBDFFIFJKPAIPIJDDDPDAGHAKG</LOG>
<LOG>AFJFPIIIDCKBFBNNHBPPPOPJMLBDCELDDFLPJFDFEFMPFJOONPBEACMIEPPLKFDCFMBGGOOMBOLLBNMPDKJBCIBBDFFIFJKPCIDKMDFJDEEACMCK</LOG>
<LOG>AFJFPIIIDCKBFBNNHBPPPOPJMLBDCELDDFLPJFDFEFMPFJOONPBEACMIEPPLKFDCFMBGGOOMBOLLBNMPDKJBCIBBDFFIFJKPJMKBHALBFKHIDIPLEFNNCMOGMILGCJBO</LOG>
<LOG>AFJFPIIIDCKBFBNNEDEANFLNDICALJCDDFLPJFDFEFMPFJOONPBEACMIEPPLKFDCFMBGGOOMBOLLBNMPDKJBCIBBDFFIFJKPJMKBHALBFKHIDIPLAPHFPJIFMIMLJLCB</LOG>
<LOG>AFJFPIIIDCKBFBNNPKGLLNCPPOOPFEGNDFLPJFDFEFMPFJOONPBEACMIEPPLKFDCFMBGGOOMBOLLBNMPDKJBCIBBDFFIFJKPJMKBHALBFKHIDIPLCACDHMCAKBMBBIDJ</LOG>
<LOG>AFJFPIIIDCKBFBNNPKGLLNCPPOOPFEGNDFLPJFDFEFMPFJOONPBEACMIEPPLKFDCFMBGGOOMBOLLBNMPDKJBCIBBDFFIFJKPJMKBHALBFKHIDIPLHIFINJHAKIFEMFJK</LOG>
<LOG>AFJFPIIIDCKBFBNNKPBFMNJFNIMABLLBDFLPJFDFEFMPFJOONPBEACMIEPPLKFDCFMBGGOOMBOLLBNMPDKJBCIBBDFFIFJKPBGCOEOENJOOBBPHC</LOG>
<LOG>AFJFPIIIDCKBFBNNKPBFMNJFNIMABLLBDFLPJFDFEFMPFJOONPBEACMIEPPLKFDCFMBGGOOMBOLLBNMPDKJBCIBBDFFIFJKPADGCGODCJLNAKLNM</LOG>
<LOG>AFJFPIIIDCKBFBNNMDPDOOPDIMEFNOEFDFLPJFDFEFMPFJOONPBEACMIEPPLKFDCFMBGGOOMBOLLBNMPDKJBCIBBDFFIFJKPGCIJFKGBEJCAGBIC</LOG>
<LOG>AFJFPIIIDCKBFBNNMDPDOOPDIMEFNOEFDFLPJFDFEFMPFJOONPBEACMIEPPLKFDCFMBGGOOMBOLLBNMPDKJBCIBBDFFIFJKPINDOCPMIBPICIMGJ</LOG>
<LOG>AFJFPIIIDCKBFBNNDMHHFEAFGEAJBDEADFLPJFDFEFMPFJOONPBEACMIEPPLKFDCFMBGGOOMBOLLBNMPDKJBCIBBDFFIFJKPOOMHMMMEJCOBCPOD</LOG>
<LOG>AFJFPIIIDCKBFBNNKECKGAENJLOMCCFLDFLPJFDFEFMPFJOONPBEACMIEPPLKFDCFMBGGOOMBOLLBNMPBINDNGBCPBPGGHGBJBIMEGKHKMDBNDAIAHKFEENGLIAJGFGI</LOG>
<LOG>AFJFPIIIDCKBFBNNBPIFGMDFLHDEGDPIDFLPJFDFEFMPFJOONPBEACMIEPPLKFDCFMBGGOOMBOLLBNMPPFKMJPCCEDMANDBFHBJECHDIEDIEIBKLBLPFFPPPLJIDFLLBEBOBJIKKHKHLOMID</LOG>
<LOG>AFJFPIIIDCKBFBNNBPIFGMDFLHDEGDPIDFLPJFDFEFMPFJOONPBEACMIEPPLKFDCFMBGGOOMBOLLBNMPMEIELENCDJDIAMLFALNKPNANOFLONBJDIAPMNMKLPCNOFGGLFODIOLFHKHGLALKL</LOG>
<LOG>AFJFPIIIDCKBFBNNNGCIEMIAJGLEOMDPDFLPJFDFEFMPFJOONPBEACMIEPPLKFDCFMBGGOOMBOLLBNMPDJOBPKKLOFGPMFMKIGHCIHKHEAGCHBGMPOGGPCDFMNBIHKKF</LOG>
<LOG>AFJFPIIIDCKBFBNNKBKKCKAMGKFGJEKIDFLPJFDFEFMPFJOONPBEACMIEPPLKFDCFMBGGOOMBOLLBNMPDPLGPLHAOJJLPCPJJGEJJECEPDBNLNHCEHDDCIMALMAMAMJE</LOG>
<LOG>AFJFPIIIDCKBFBNNKBKKCKAMGKFGJEKIDFLPJFDFEFMPFJOONPBEACMIEPPLKFDCFMBGGOOMBOLLBNMPHHODADKCHAJFCPJLCIIBACOECNCAJMPHPDJFNFKPNFJIGFDB</LOG>
<LOG>AFJFPIIIDCKBFBNNMEIJMKHAEHPHDFACDFLPJFDFEFMPFJOONPBEACMIEPPLKFDCFMBGGOOMBOLLBNMPKMGKPJMMLLPBFFHPMOOMNLMNPMKBPFLD</LOG>
<LOG>AFJFPIIIDCKBFBNNMEIJMKHAEHPHDFACDFLPJFDFEFMPFJOONPBEACMIEPPLKFDCFMBGGOOMBOLLBNMPDBIBEPIJGDNJLHPNKAILNBOICKECHLLHMMKHDHMMNNLGCNJKDAPCACICJAKIMGKOIKEDOBEALJLJMDFLJMKALENKIMEFBJHCIEELOMHGBFOFJCLL</LOG>
<LOG>AFJFPIIIDCKBFBNNGDGLOMCBCKKJGDJGDFLPJFDFEFMPFJOONPBEACMIEPPLKFDCFMBGGOOMBOLLBNMPBIBIGNGPADPJABHOHGJPPEIBBIHDNFCIKHOOPDNBLKBLOHGK</LOG>
<LOG>AFJFPIIIDCKBFBNNKMHHKHIMLHPLEIIODFLPJFDFEFMPFJOONPBEACMIEPPLKFDCFMBGGOOMBOLLBNMPDPGPFNBLGNKMBJEJMOFAKJNNIMAAJBMPFACJOFGHNJJPAGEM</LOG>
<LOG>AFJFPIIIDCKBFBNNKMHHKHIMLHPLEIIODFLPJFDFEFMPFJOONPBEACMIEPPLKFDCFMBGGOOMBOLLBNMPIFKIFKHLJHFGHOOBDFDAKOCFEOOKMEHEEHJLCFFPBBMBMLFP</LOG>
<LOG>AFJFPIIIDCKBFBNNEMABHIIGCFIEMCKFDFLPJFDFEFMPFJOONPBEACMIEPPLKFDCFMBGGOOMBOLLBNMPHLOKMCEKFDMACEPCAMMMDAFAEPBCHHLIOICONAEAJAKJFAOG</LOG>
<LOG>AFJFPIIIDCKBFBNNEMABHIIGCFIEMCKFDFLPJFDFEFMPFJOONPBEACMIEPPLKFDCFMBGGOOMBOLLBNMPCMKJMGMAGMIGPGLILADCCDKLOGJLKNGHCCBIFKIDNPCBMKNGHCEDJCAPOJOGDCCNLCMHIIDCNAKACGJCPBNFIKGDEEFOBDIFELEKOCDIPNMNELNI</LOG>
<LOG>AFJFPIIIDCKBFBNNELEIKINDOBHMALKFDFLPJFDFEFMPFJOONPBEACMIEPPLKFDCFMBGGOOMBOLLBNMPMCBCAONPDLCPJJMHGILGEEKICPACGCBMCCFINEMBPIAKLJJLFAOBENIMHOOKLLNNODKLDHKBNPCNENOGCHELMJOGOGMDMHNJ</LOG>
<LOG>AFJFPIIIDCKBFBNNLNGKNGKBADGGLCGHDFLPJFDFEFMPFJOONPBEACMIEPPLKFDCFMBGGOOMBOLLBNMPCNCJNKCMIEJIPPNDJPNMEMPAEDNOANOFDACLCICKFNPNALIP</LOG>
<LOG>AFJFPIIIDCKBFBNNLNGKNGKBADGGLCGHDFLPJFDFEFMPFJOONPBEACMIEPPLKFDCFMBGGOOMBOLLBNMPFNFKJIKFOJJLDMLHNBKCDNIADKMPFBFAFACJOFGHNJJPAGEM</LOG>
<LOG>AFJFPIIIDCKBFBNNMGOFHLPOGDPPFNCPDFLPJFDFEFMPFJOONPBEACMIEPPLKFDCFMBGGOOMBOLLBNMPNCEDBIHJDPLCOOIOMGHLNHJDKONMOAFO</LOG>
<LOG>AFJFPIIIDCKBFBNNMGOFHLPOGDPPFNCPDFLPJFDFEFMPFJOONPBEACMIEPPLKFDCFMBGGOOMBOLLBNMPAFPPHOBNEFGNBBHDGELLOPIFPPNBNOCOIELEEEMNLKMAIJKM</LOG>
<LOG>AFJFPIIIDCKBFBNNMGOFHLPOGDPPFNCPDFLPJFDFEFMPFJOONPBEACMIEPPLKFDCFMBGGOOMBOLLBNMPKDIPNDCMFKMGMELIIKOBBKFKHEJHEFOGDCHIFMLIAPOKFFBGDEMFEOFNHILEHFGDFNJAKLFLIJJFKPECAAEMPFFLPILLCCGMBNLHMJCAMGNFKNAGDMCDLOEMIDPICIJF</LOG>
<LOG>AFJFPIIIDCKBFBNNDFMBPMNEMGBHINKHDFLPJFDFEFMPFJOONPBEACMIEPPLKFDCFMBGGOOMBOLLBNMPPFKMJPCCEDMANDBFHBJECHDIEDIEIBKLBDBEGDIFOFCDBCGBPOCMNIEMIJPOMKOCNNPBIJCHFNJNNJEN</LOG>
<LOG>AFJFPIIIDCKBFBNNCPKIAJONJBKGHOFCDFLPJFDFEFMPFJOONPBEACMIEPPLKFDCFMBGGOOMBOLLBNMPPFKMJPCCEDMANDBFHBJECHDIEDIEIBKLNKPHBIEKIAMJKOAPKKFAIKGHGJPDFNLLJNOIGHGJPIPIBPKJHHGAEOLICDBGOMAL</LOG>
<LOG>AFJFPIIIDCKBFBNNELOMHKIPONAAICODDFLPJFDFEFMPFJOONPBEACMIEPPLKFDCFMBGGOOMBOLLBNMPMCBCAONPDLCPJJMHGILGEEKICPACGCBMJGMNIBPIGNJLIHFDPEGAOMOEEBJNDMEIBAJHIGOFIKFJFMFO</LOG>
<LOG>AFJFPIIIDCKBFBNNLEDJBGKKCEAKIEIJDFLPJFDFEFMPFJOONPBEACMIEPPLKFDCFMBGGOOMBOLLBNMPPFKMJPCCEDMANDBFHBJECHDIEDIEIBKLLHGNNMHLANNLKJAJAJNIPFEMBPFMHFPL</LOG>
<LOG>AFJFPIIIDCKBFBNNCIHNBIIJIJLDBBFKDFLPJFDFEFMPFJOONPBEACMIEPPLKFDCFMBGGOOMBOLLBNMPDKDNPJDIMGOFIODLFBMCPGKOPCGGBAHKKHOOPDNBLKBLOHGK</LOG>
<LOG>AFJFPIIIDCKBFBNNLINJCNNGNCABGFDBDFLPJFDFEFMPFJOONPBEACMIEPPLKFDCFMBGGOOMBOLLBNMPDKDNPJDIMGOFIODLGBHCGBFGBDACNEIJGPACGMPCOBEDJLFPAJFLOPGOONDFJCCN</LOG>
<LOG>AFJFPIIIDCKBFBNNMEBCILJHONHHLEKODFLPJFDFEFMPFJOONPBEACMIEPPLKFDCFMBGGOOMBOLLBNMPMCBCAONPDLCPJJMHGILGEEKICPACGCBMAEIKLPHFPGDDBJGIFBJGFKEPNICBBOJP</LOG>
<LOG>AFJFPIIIDCKBFBNNMEBCILJHONHHLEKODFLPJFDFEFMPFJOONPBEACMIEPPLKFDCFMBGGOOMBOLLBNMPPFKMJPCCEDMANDBFHBJECHDIEDIEIBKLNHOBFEGNLEHDJJMABMLMKKPBFBODJFHFFEADGIENMGGLFOBN</LOG>
<LOG>AFJFPIIIDCKBFBNNBPKCDLGKPPKAEGODDFLPJFDFEFMPFJOONPBEACMIEPPLKFDCFMBGGOOMBOLLBNMPMCBCAONPDLCPJJMHGILGEEKICPACGCBMMJMOAGGFFCPFJJKFCKJMBGDIOIGFBHKA</LOG>
<LOG>AFJFPIIIDCKBFBNNEBOPAIOJLGLDLLEHDFLPJFDFEFMPFJOONPBEACMIEPPLKFDCFMBGGOOMBOLLBNMPLCGCPHCAFPJGGHNIAGEDBCDJBBDEOFPKJPHOMINPEGCAMDAD</LOG>
<LOG>AFJFPIIIDCKBFBNNEBOPAIOJLGLDLLEHDFLPJFDFEFMPFJOONPBEACMIEPPLKFDCFMBGGOOMBOLLBNMPMCBCAONPDLCPJJMHGILGEEKICPACGCBMNBFGALAOENGNHLBDCHELMJOGOGMDMHNJ</LOG>
<LOG>AFJFPIIIDCKBFBNNKIFKLOHGJMGKNMOJDFLPJFDFEFMPFJOONPBEACMIEPPLKFDCFMBGGOOMBOLLBNMPPFKMJPCCEDMANDBFHBJECHDIEDIEIBKLIHBFMGEBFLNEMKMAJCAEMMFMFGBLFBMHBMLMKKPBFBODJFHFFEADGIENMGGLFOBN</LOG>
<LOG>KPJFDHDHDBGFDIBPFNOJPACDLHPJOCMADFLPJFDFEFMPFJOONPBEACMIEPPLKFDCFMBGGOOMBOLLBNMPMCBCAONPDLCPJJMHFJHDNGENHGKAEOPEKANHDDEOGGADDNOBGBCHKIDJOHLPDFAA</LOG>
<LOG>KPJFDHDHDBGFDIBPEBOBPIIPNLGLHFPCDFLPJFDFEFMPFJOONPBEACMIEPPLKFDCFMBGGOOMBOLLBNMPPFKMJPCCEDMANDBFHBJECHDIEDIEIBKLMDAHNNCKLDNAOPACDAJFENENDKNFHEJGHCGIBADAJHJBBBEPHJAOENFGAMCAAEKK</LOG>
<LOG>KPJFDHDHDBGFDIBPFOENJDPFPLMGJGKMDFLPJFDFEFMPFJOONPBEACMIEPPLKFDCFMBGGOOMBOLLBNMPMCBCAONPDLCPJJMHDHJJJOAPGGLBIMIKCIFMNDDNJBADEHBIGHDBEMFFFFIHJELH</LOG>
<LOG>KPJFDHDHDBGFDIBPFOENJDPFPLMGJGKMDFLPJFDFEFMPFJOONPBEACMIEPPLKFDCFMBGGOOMBOLLBNMPJIPJNKKIJBAMGHOKHPHGKBKLKAIEPEONCBJNEPMFGJFKPAFDBGIGOAFMJONDCBBBJHLLDOIKJJODOOKMCABKFHALNBDNBEHKBHBKPPOBCDIAGNLMHJIDLKILBEMOIMIHOOPKIAKGIMDHABOCIENGHBBFOJLCIFDGHJJCGLLANOHMIOCJBAENJCKCAPHHPHIHPDELEMBHGFJGBBLE</LOG>
<LOG>KPJFDHDHDBGFDIBPCGFGIIIADNKDHMLKDFLPJFDFEFMPFJOONPBEACMIEPPLKFDCFMBGGOOMBOLLBNMPBGAIPOALPJLKFODBBHOLGJFLADADPKNNDABDEHEJLKGCLEAO</LOG>
<LOG>KPJFDHDHDBGFDIBPGNANPKKEGPNKOEGKDFLPJFDFEFMPFJOONPBEACMIEPPLKFDCFMBGGOOMBOLLBNMPCMJGOBPHFEJBGGCJFLDPFLNHMPIHPBIGLKLLKOGGFKLPCCHL</LOG>
<LOG>KPJFDHDHDBGFDIBPGNANPKKEGPNKOEGKDFLPJFDFEFMPFJOONPBEACMIEPPLKFDCFMBGGOOMBOLLBNMPGKFBNCOOJJPCIBDFMFOILAFJFJHILKEGPEIOLCKFNJOAEDGO</LOG>
<LOG>KPJFDHDHDBGFDIBPAAMCDOMCEDAGECFEDFLPJFDFEFMPFJOONPBEACMIEPPLKFDCFMBGGOOMBOLLBNMPPDOAIJALLNADKEOBCLLGBJLNCALOLPCECIOMEGBHGAJMFLOI</LOG>
<LOG>KPJFDHDHDBGFDIBPPMCDGLFCEENMCEBCDFLPJFDFEFMPFJOONPBEACMIEPPLKFDCFMBGGOOMBOLLBNMPDOMAIPNEELGHJAFMJBIMEGKHKMDBNDAIFNBJMBCDOBPFPKCH</LOG>
15:42:12.456 00002060  <log> [wsimage]  LoadCalibration rc=0 profiling=1450(ms)
15:42:12.456 00002060  <log> [_wsapi_]  -ws_create_waveshaper rc=0
15:42:12.458 00002060  <log> [_wsapi_]  +ws_open_waveshaper ws=wsSN079908
15:42:12.458 00002060  <log> [wvshaper] OpenWaveShaper
15:42:13.272 00002060  <log> [portmgr]  Enum FT4232 <WS079908D,79908,0>
15:42:13.314 00002060  <log> [portmgr]  NLocatePort rc=0 profiling=855(ms)
15:42:13.314 00002060  <dbg> [factory]  CreateModule cid=FTDIComPort iid=IPort
<LOG>NDIIHBBEAJAAHLEKAAFKNCKDNOBIDJKCDFLPJFDFEFMPFJOOIPMDONLIEEJPIHKAKJDAHCHDEEIACLIGINMBMMKAOELCIDDGMKGOHDBLALFFDNNOCJIJLPAGPLKJIBIFGKFPMOOFOMCOHFHE</LOG>
<LOG>NDIIHBBEAJAAHLEKFKDPKIGFAAEOKIAFDFLPJFDFEFMPFJOOIPMDONLIEEJPIHKAKJDAHCHDEEIACLIGJAOMJAJKFNHHNGAGEHBGCGJJHENPOAOLPBHAIDMAHGLCHJBAJHLMNAHIJKEEDIDN</LOG>
15:42:13.864 00002060  <dbg> [factory]  CreateModule cid=FTDISPIPort iid=IPort
<LOG>OBMJHACMNEKOBNGKAHPAGBCILKOPNEEGDFLPJFDFEFMPFJOOIPMDONLIEEJPIHKAKJDAHCHDEEIACLIGPFJNCLJJPODABJONPIELBCLDGNHMEEONHOGAKGGMHGCKGEBE</LOG>
<LOG>OBMJHACMNEKOBNGKILCFHGGCODEOHBKBDFLPJFDFEFMPFJOOIPMDONLIEEJPIHKAKJDAHCHDEEIACLIGAJDLANJGOOMAKFNNPLCFOEOAAPDPODHOOBCGFIHBCJJCHJDJ</LOG>
<LOG>OBMJHACMNEKOBNGKABLNJIBJMGELDEHPDFLPJFDFEFMPFJOOIPMDONLIEEJPIHKAKJDAHCHDEEIACLIGLOLGMOOGBNMEMOFMIFCBFHGCMMJOMPLD</LOG>
<LOG>OBMJHACMNEKOBNGKGJAKCLAJNENFAEOHDFLPJFDFEFMPFJOOIPMDONLIEEJPIHKAKJDAHCHDEEIACLIGIGIJOHFNOIFKPGNIPLCFOEOAAPDPODHOOBCGFIHBCJJCHJDJ</LOG>
<LOG>OBMJHACMNEKOBNGKKPBFMNJFNIMABLLBDFLPJFDFEFMPFJOOIPMDONLIEEJPIHKAKJDAHCHDEEIACLIGNMGCFPOKNJMFJEOAIFCBFHGCMMJOMPLD</LOG>
<LOG>OBMJHACMNEKOBNGKMDPDOOPDIMEFNOEFDFLPJFDFEFMPFJOOIPMDONLIEEJPIHKAKJDAHCHDEEIACLIGIANDOOMKIOJJIFOMDKENEBMHELEHNJNIGHPNHLKBALKFFPLPELHJOKEIMKCBJHLFPLCCEPOOLKBACNCI</LOG>
<LOG>OBMJHACMNEKOBNGKMDPDOOPDIMEFNOEFDFLPJFDFEFMPFJOOIPMDONLIEEJPIHKAKJDAHCHDEEIACLIGINMBMMKAOELCIDDGMKGOHDBLALFFDNNOJCHAEIEPBNICKJEFGKFPMOOFOMCOHFHE</LOG>
<LOG>OBMJHACMNEKOBNGKDMHHFEAFGEAJBDEADFLPJFDFEFMPFJOOIPMDONLIEEJPIHKAKJDAHCHDEEIACLIGJAOMJAJKFNHHNGAGEHBGCGJJHENPOAOLKKHKAHACCEHFADGLHDDAAEAHMIHLNFIJ</LOG>
15:42:14.033 00002060  <log> [_wsapi_]  -ws_open_waveshaper rc=0
15:42:14.036 00002060  <log> [_wsapi_]  +ws_get_portcount ws=wsSN079908
15:42:14.036 00002060  <log> [_wsapi_]  nport=4
15:42:14.037 00002060  <log> [_wsapi_]  -ws_get_portcount rc=0
15:42:14.038 00002060  <log> [_wsapi_]  +ws_get_frequencyrange ws=wsSN079908
15:42:14.039 00002060  <log> [_wsapi_]  start=187.274994 stop=196.274994
15:42:14.040 00002060  <log> [_wsapi_]  -ws_get_frequencyrange rc=0
15:42:14.041 00002060  <log> [_wsapi_]  +ws_load_predefinedprofile ws=wsSN079908
15:42:14.042 00002060  <log> [_wsapi_]  create_predefinedfilter rc=0 entries_size=2
15:42:14.043 00002060  <log> [_wsapi_]  validate profile rc=1000000
<LOG>OBMJHACMNEKOBNGKIPGGOPDOCEFAFNABDFLPJFDFEFMPFJOONPBEACMIEPPLKFDCFMBGGOOMBOLLBNMPONEODFKNPBNMPNMLEMKPMCPPALKJONJOFDEOHFFOBFFLJKLNBKLLHFCLMPCKAALICPMIAECAADNLENABFMOEHPBDJNKIGFDHFCHCOOGJICDDMDDH</LOG>
<LOG>OBMJHACMNEKOBNGKLKJNHMANIPJJLCCBDFLPJFDFEFMPFJOONPBEACMIEPPLKFDCFMBGGOOMBOLLBNMPPHJLBACOONKBIKBMKEPHAOPNNIMGJDONIHOFILHKIGIALJFCOLJHDMOCPBHONLDLEKJEAFJAIJMNIGKGHENFHHGDHLMGPAGDDEHALBDFPHIABIHDICAFKEABMLLNLPPHCHELMJOGOGMDMHNJ</LOG>
15:42:14.045 00002060  <log> [wsimage]  LoadFilter rc=0 profiling=1(ms)
15:42:14.046 00002060  <log> [_wsapi_]  LoadFilter rc=0
<LOG>LGNEMIMJBMMKBHDHOLDJBJMHKEGNOMLOJKPILAELAKEKPMNOFMJKMOGOGPFAGIGKFMJKMOGOGPFAGIGKFMJKMOGOGPFAGIGKIIDCMDNGMHHGLINHOHMHHIOGEFIOAAKGLCLMGNDMGNFKIBJA</LOG>
<LOG>OBMJHACMNEKOBNGKLKKHPPCJAPKENICNDFLPJFDFEFMPFJOOIPMDONLIEEJPIHKAKJDAHCHDEEIACLIGFHIPGCDKJPHGBGEMOGFHPFDDDBDEAGME</LOG>
<LOG>LGNEMIMJBMMKBHDHOLDJBJMHKEGNOMLOIHHOJNEPDGONAGGOFDIJKILFEGAGCJNEFMJKMOGOGPFAGIGKFMJKMOGOGPFAGIGKIIDCMDNGMHHGLINHIBJEAOBCLPIBOPBGLCLMGNDMGNFKIBJA</LOG>
<LOG>PIAHCDAFMGGPAKNNKJJHMEJLLMOJDHJIGKDFDOELIPJDLANLFMJKMOGOGPFAGIGKFMJKMOGOGPFAGIGKFMJKMOGOGPFAGIGKHJAIEAFDKAOCAFLJDNNCEDOPMOAPDKDKLCLMGNDMGNFKIBJA</LOG>
<LOG>OBMJHACMNEKOBNGKIGJGCPLCBAFEBDIGDFLPJFDFEFMPFJOOIPMDONLIEEJPIHKAKJDAHCHDEEIACLIGKIAJLPPOKECGHNADDHOODOFGPAIAHDBD</LOG>
15:42:14.134 00002060  <log> [wvshaper] FWR? -- FWR?
2.2.19
OK

<LOG>OBMJHACMNEKOBNGKDABEBMMPEIBHNALBDFLPJFDFEFMPFJOONPBEACMIEPPLKFDCFMBGGOOMBOLLBNMPLBAEMCJJDBFGMJGHMNOAINGOGPMNLDCIIPEBFOAHNEFJMFHG</LOG>
<LOG>OBMJHACMNEKOBNGKDABEBMMPEIBHNALBDFLPJFDFEFMPFJOONPBEACMIEPPLKFDCFMBGGOOMBOLLBNMPBCJMNJIEHEEHKIEFNIIBFNKKGPIPHIHLJFOKCDLCMDJPFLPGLDEIIJJMKAMAMHIAOJIBMHNGDJDNPLKLPBNFIKGDEEFOBDIFNJENKGHMIPDEACADKFJDACPCABOOONDEMPKKCGKMPHGIFNAB</LOG>
<LOG>OBMJHACMNEKOBNGKAAIKEAMPGMKIBIKDDFLPJFDFEFMPFJOONPBEACMIEPPLKFDCFMBGGOOMBOLLBNMPDNEBLCHBLIGOOGCKDAIFIKJJLBGPLAGJHAINLBBGNNNKNDOFGMDCODONOJPJCFPG</LOG>
<LOG>OBMJHACMNEKOBNGKCCDMHHHLCMDOINGJDFLPJFDFEFMPFJOONPBEACMIEPPLKFDCFMBGGOOMBOLLBNMPDJGGGNMCCJJNCMOAHPFBOJDPDADGFLEKBHOAMPDMONOMBJHANGGBLLHDIJINEMKB</LOG>
<LOG>OBMJHACMNEKOBNGKPEGOJFOLGAIDNJIADFLPJFDFEFMPFJOONPBEACMIEPPLKFDCFMBGGOOMBOLLBNMPDJGGGNMCCJJNCMOAPBBLIDDGBIDGNEPIDHOODOFGPAIAHDBD</LOG>
<LOG>OBMJHACMNEKOBNGKPDNBMJFJPOILKEPDDFLPJFDFEFMPFJOONPBEACMIEPPLKFDCFMBGGOOMBOLLBNMPDJGGGNMCCJJNCMOABEBCEGCLLLEBOCIIFLOFPIOAAEIGJBHEEPNGLMPBEBMEPJDL</LOG>
15:42:14.149 00002060  <log> [wsimage]  ComputeImage startcol=0 endcol=1276 rc=0 profiling=14(ms)
15:42:14.153 00002060  <log> [wvshaper] Image compressed size=150595
15:42:14.153 00002060  <log> [wvshaper] CompressImage lenout=150595 rc=0 profiling=2(ms)
<LOG>COHEADFDBFNOGAMHBNBHHDKBKCBLPIHMEIOCNDGGCMGIMEDHEODIOGOFBCLCILOOCOGKLIMHJJHPEGLDFEFBFGJIMLGAMCMKPEKHFJPHEOGCHCFDEHPNBHAPHKGOCFPHKKKHNDGIHPNFPGNGHNLFEPGHBNJODOKAOOBKFAIFKDMMENNBIPFHCBGGEMHFIABPMEBGPJPEMHEINDJOFMJKMOGOGPFAGIGKGPGAALBOAALBIEKGFHLKJMDJDPAKMKJMGACLHMEADHNJFEOBKAMJDPEBIHIJNBEI</LOG>
<LOG>OBMJHACMNEKOBNGKDEJCJJFBFMPEKJCNDFLPJFDFEFMPFJOOIPMDONLIEEJPIHKAKJDAHCHDEEIACLIGFHIPGCDKJPHGBGEMOGFHPFDDDBDEAGME</LOG>
<LOG>COHEADFDBFNOGAMHBNBHHDKBKCBLPIHMEIOCNDGGCMGIMEDHCEHDKIBKNLJGOHMIFMJKMOGOGPFAGIGKFMJKMOGOGPFAGIGKPEKHFJPHEOGCHCFDPLDJADECEEMLMFOBLCLMGNDMGNFKIBJA</LOG>
<LOG>HBCGEAEIBPCMPOFFMKNACALPCOCEAMJLGLEIGCLBOCEPHOKPKHHALCMGDCMNKFKMFMJKMOGOGPFAGIGKFMJKMOGOGPFAGIGKDHFGDOMFGACMFGLPPMKFOPDFADJPJMBJLCLMGNDMGNFKIBJA</LOG>
<LOG>JGHIFLNNKMMPNMEGBFDGJBNJIEBJHFDBPEMPHBNKIGHJMJHGGLBBMCBHBJDNOCIHFMJKMOGOGPFAGIGKFMJKMOGOGPFAGIGKLFJJIJGNKIPPDEOLDMMGDMDLOJJBIGLELCLMGNDMGNFKIBJA</LOG>
<LOG>MPGANMBCKOPFFIHPPPDEPIFDKLCKGENILOMFBKFEPAOAJGGOFBHCDNOPLEDKNPOMFMJKMOGOGPFAGIGKFMJKMOGOGPFAGIGKCKGBJCODOJPBMPNLDIMJKEHMHBNCLINELCLMGNDMGNFKIBJA</LOG>
<LOG>OBMJHACMNEKOBNGKOCMAEEMJOMHHMADFDFLPJFDFEFMPFJOOIPMDONLIEEJPIHKAKJDAHCHDEEIACLIGKIAJLPPOKECGHNADDHOODOFGPAIAHDBD</LOG>
15:42:14.168 00002060  <log> [wvshaper] Sending through SPI...
<LOG>AOLMODDINFGCJIHBGIBAFCDHKKEMNEELEDOALPIACMFGLIAONEFGJNJDBILJCAHPODLMFCLPFEPKOAAGBPPAADOBAMNNHDAFMOOCAHGKCOCAIHPOEJMFBLPLPBCJBDJJHIFJPFPPDCHJDLFEKPMINMDKKCFGMLJHGPEACPHNEPNHDMNEJHKMDADBJANGJBOGKKGOPEONCEHFPMMKKNCIHLIDFKNHDPLAJIHEHGPKENFENNLGICMGIFPDJGADELGACPLNPMCLNIHEKMFACHGMOECEFJHIFKJFIPFFJKEGLGOPDBOPHKDEGBFBACFHLFAJFCIMJINGMPAMFJMOEBGOPHEMMAGFGJNBMANJDFKEHOJFMLEHHBKADNBJIPEJADPNEPPBHPFLHBKJJBPPIKMBEKOECMDKDKJMAGPGPONEPIMBDKIAKKJJHHCHPHIHBMDCFOPHJDBCHAPGLPALMNENPGPDNMKBKNCNBKMOCPIJHGKNAMDPHFDKOBJBGODENMBEFJFHPPGODALOPCCNLHPMLBKOEAOALCICLIOIFNCOAEEEFPGN</LOG>
<LOG>BFFIJIKFAKNDFMPJLBDMFAJNCHBDMODBAFABAMLMGMDCNIBP</LOG>
<LOG>NLBLGFGJLHACCHAPENDNELPHLCPHGEMILAOIEJEHBPCNGGDLGDJGNKIFNENDINLGPJIPBEPDPHPBLBDJHAABNEMKIADPHKAHFBLJKJNAGDFOFPEABMLCKJJFILFKLCICHCOBKKNBABOCBIELNNFILJBJDPLFLLEPIHCPACIEMOIENGDMKNJHKGCCHCKNIBMOONDGKEHAHFMPKCDEBEFBIFCMAFAFFFJHDAFAMLNPIJHNMDCJKEMNKCFIIGDNDPAHHFHLPNKGFHJLELKHBIKGLPOKFBJHOECAJIFAMFGHDGLBCIHKPOIAJOKMIFKOFGPMPJOMPDNCFKIEDNKCADMACJFJLPPFCOBFBPFKBEMFPDGFKDAHNNBCMGNNHLPEMPBBLDAKKFMJKINCAEAGBCBPAJOKMAGNANFLEABALEOPBOODCJNFBJBCKGBFNGHPGENAMOKNOKEIJMOHCIHHKAFDCCHCDMAFKMHFMNNCBLBNAINALDMCBPBOKHJJKOJEIEEHMJHGMIHKDMIBDLFAPGILOJNMCMBJFAIJJCCJBKBMAHCMHFKL</LOG>
<LOG>OBMJHACMNEKOBNGKLJBMLDFNMILFDKKCDFLPJFDFEFMPFJOOIPMDONLIEEJPIHKAKJDAHCHDEEIACLIGFHIPGCDKJPHGBGEMOGFHPFDDDBDEAGME</LOG>
<LOG>IEDLFPFODOPLJBLHOPBOOBCFEPFOEKODKFGCENLEKILCEKBMHOBLDDHLCJNLJHJMFMJKMOGOGPFAGIGKFMJKMOGOGPFAGIGKIPENAKNOIKCBJOMMGIJAEGLFAONIOOAGLCLMGNDMGNFKIBJA</LOG>
<LOG>GEBGJMEPLDFGMEAOEJLFONFCMMNHJJHDFMJKMOGOGPFAGIGKFMJKMOGOGPFAGIGKFMJKMOGOGPFAGIGKFMJKMOGOGPFAGIGKFHDFODFHALKAMLDDFMJKMOGOGPFAGIGKLCLMGNDMGNFKIBJA</LOG>
<LOG>IHOAPLIBKOOHGPHOJAONLDMFKCIAPENFFMJKMOGOGPFAGIGKFMJKMOGOGPFAGIGKFMJKMOGOGPFAGIGKFMJKMOGOGPFAGIGKOIGLFAEMCFEEFLGAFMJKMOGOGPFAGIGKLCLMGNDMGNFKIBJA</LOG>
<LOG>OBMJHACMNEKOBNGKDJIMIGFBCMFIMDDMDFLPJFDFEFMPFJOOIPMDONLIEEJPIHKAKJDAHCHDEEIACLIGKIAJLPPOKECGHNADDHOODOFGPAIAHDBD</LOG>
15:42:14.597 00002060  <log> [wvshaper] DownloadImage Success rc=0 profiling=1(ms) 14(ms) 201(ms) 443(ms)
15:42:14.598 00002060  <log> [_wsapi_]  -ws_load_predefinedprofile rc=0
15:42:44.883 00002060  <log> [_wsapi_]  +ws_load_profile ws=wsSN079908
15:42:44.894 00002060  <log> [_wsapi_]  parse_profile rc=0 entries_size=9000
15:42:44.895 00002060  <log> [_wsapi_]  validate profile rc=1000000
<LOG>CIJMAGJIKFAMKPIEAGNKGGPDKKGKIDHHDFLPJFDFEFMPFJOONPBEACMIEPPLKFDCFMBGGOOMBOLLBNMPONEODFKNPBNMPNMLEMKPMCPPALKJONJOFDEOHFFOBFFLJKLNBKLLHFCLMPCKAALICPMIAECAADNLENABFMOEHPBDJNKIGFDHFCHCOOGJICDDMDDH</LOG>
<LOG>CIJMAGJIKFAMKPIELJPMDNJHHAMHOIGADFLPJFDFEFMPFJOONPBEACMIEPPLKFDCFMBGGOOMBOLLBNMPPHJLBACOONKBIKBMKEPHAOPNNIMGJDONIHOFILHKIGIALJFCCMIOLKLOBOOFDBPIEKJEAFJAIJMNIGKGHENFHHGDHLMGPAGDDEHALBDFPHIABIHDICAFKEABMLLNLPPHCHELMJOGOGMDMHNJ</LOG>
15:42:44.897 00002060  <log> [wsimage]  LoadFilter rc=0 profiling=2(ms)
15:42:44.897 00002060  <log> [_wsapi_]  LoadFilter rc=0
<LOG>CIJMAGJIKFAMKPIEOOBLGGCLDIKLGDJLDFLPJFDFEFMPFJOONPBEACMIEPPLKFDCFMBGGOOMBOLLBNMPLBAEMCJJDBFGMJGHMNOAINGOGPMNLDCIIPEBFOAHNEFJMFHG</LOG>
<LOG>CIJMAGJIKFAMKPIENIOLEOHPIMGFKMFADFLPJFDFEFMPFJOONPBEACMIEPPLKFDCFMBGGOOMBOLLBNMPBCJMNJIEHEEHKIEFNIIBFNKKGPIPHIHLJFOKCDLCMDJPFLPGLDEIIJJMKAMAMHIAOJIBMHNGDJDNPLKLPBNFIKGDEEFOBDIFNJENKGHMIPDEACADKFJDACPCABOOONDEMPKKCGKMPHGIFNAB</LOG>
<LOG>CIJMAGJIKFAMKPIELJHMLCDEGNFGCOFJDFLPJFDFEFMPFJOONPBEACMIEPPLKFDCFMBGGOOMBOLLBNMPDNEBLCHBLIGOOGCKDAIFIKJJLBGPLAGJHAINLBBGNNNKNDOFGMDCODONOJPJCFPG</LOG>
<LOG>CIJMAGJIKFAMKPIEBHFIELENKGMOMIDBDFLPJFDFEFMPFJOONPBEACMIEPPLKFDCFMBGGOOMBOLLBNMPDJGGGNMCCJJNCMOAHPFBOJDPDADGFLEKBHOAMPDMONOMBJHANGGBLLHDIJINEMKB</LOG>
<LOG>CIJMAGJIKFAMKPIEGANEBFFGHDKCPBJBDFLPJFDFEFMPFJOONPBEACMIEPPLKFDCFMBGGOOMBOLLBNMPDJGGGNMCCJJNCMOAPBBLIDDGBIDGNEPIDHOODOFGPAIAHDBD</LOG>
<LOG>CIJMAGJIKFAMKPIEEIABNNDDLOKEADBNDFLPJFDFEFMPFJOONPBEACMIEPPLKFDCFMBGGOOMBOLLBNMPDJGGGNMCCJJNCMOABEBCEGCLLLEBOCIIFLOFPIOAAEIGJBHEEPNGLMPBEBMEPJDL</LOG>
15:42:44.912 00002060  <log> [wsimage]  ComputeImage startcol=9 endcol=1269 rc=0 profiling=14(ms)
15:42:44.916 00002060  <log> [wvshaper] Image compressed size=146168
15:42:44.916 00002060  <log> [wvshaper] CompressImage lenout=146168 rc=0 profiling=2(ms)
<LOG>COHEADFDBFNOGAMHBNBHHDKBKCBLPIHMKMFDACHDNMGPMIFFFPMEHPIBLCMMDBMOLFDMAILOLMGKBNGGGIBIJPIMIFPHFBILPEKHFJPHEOGCHCFDJBFIHCNCINIOOCLOCBEBBBPELLMDEGIFHNLFEPGHBNJODOKAPJPALGJBDJPJPOKPIPFHCBGGEMHFIABPMEBGPJPEMHEINDJOFMJKMOGOGPFAGIGKGPGAALBOAALBIEKGOHEGDKDCCGFMBHKEGACLHMEADHNJFEOBKAMJDPEBIHIJNBEI</LOG>
<LOG>CIJMAGJIKFAMKPIEKIKECJBNJAFJBMBLDFLPJFDFEFMPFJOOIPMDONLIEEJPIHKAKJDAHCHDEEIACLIGFHIPGCDKJPHGBGEMOGFHPFDDDBDEAGME</LOG>
<LOG>COHEADFDBFNOGAMHBNBHHDKBKCBLPIHMKMFDACHDNMGPMIFFMFHDNJLNNLCPOAAFFMJKMOGOGPFAGIGKFMJKMOGOGPFAGIGKPEKHFJPHEOGCHCFDAPNKNNFNPMIAPBNMLCLMGNDMGNFKIBJA</LOG>
<LOG>GNLEPKGBHCAECMCFLLFNHGOJJBGMKJBHGLEIGCLBOCEPHOKPENCFHAPHEHKHNPOCFMJKMOGOGPFAGIGKFMJKMOGOGPFAGIGKHPECLPFHCOIJLJEMHLDMPDPCMFHBEFJLLCLMGNDMGNFKIBJA</LOG>
<LOG>CDNADKOMGIKAFLFIBFDGJBNJIEBJHFDBPEMPHBNKIGHJMJHGGLBBMCBHBJDNOCIHFMJKMOGOGPFAGIGKFMJKMOGOGPFAGIGKIFPGMBCKODFABGOEDMMGDMDLOJJBIGLELCLMGNDMGNFKIBJA</LOG>
<LOG>MPGANMBCKOPFFIHPPPDEPIFDKLCKGENILOMFBKFEPAOAJGGOFBHCDNOPLEDKNPOMFMJKMOGOGPFAGIGKFMJKMOGOGPFAGIGKCKGBJCODOJPBMPNLDIMJKEHMHBNCLINELCLMGNDMGNFKIBJA</LOG>
<LOG>CIJMAGJIKFAMKPIEOOIBNJCICDFMGKJDDFLPJFDFEFMPFJOOIPMDONLIEEJPIHKAKJDAHCHDEEIACLIGKIAJLPPOKECGHNADDHOODOFGPAIAHDBD</LOG>
15:42:44.936 00002060  <log> [wvshaper] Sending through SPI...
<LOG>JOBDGJMGAJJCPCOPAHLBHIPOAFLCBCKFKCGPMBDJAMKEBIJIKDNCDFDMBMNJANCIJBHCEPKKOFKLBKCDIJHDFJCPJMEDELLJCKHBGBJDHKGECBFCLFDKNFBDHCHFOAHMEMJFGBMHOFLICLOMDDNEFJDLAECPOBMFAIECOPEJPDIDFENCIDHIPLOBANOIHIBEBKPCHKHNKAPIIDFJKLHAHEICDAHEPACDPIPNDADLBCGJMBDEOBJNEPABLKMGPJNEEIPMNOLLFPEELAJAGIJKHBFACHMIFEFDPKEKOOLMHOFIHFBECJMJIOBGBKKHFLCLAJFHNBPCFAENHNPMJHKFNMOEOGEOBFFNGFCIPBEHFPHBEAIANBEBCCLKJNHHFFLKDOMMJOFJCFODPIALCIGEIEDENOFJLOHNIOBIEBAIODMPJHPPCFOJNFALLHCPDMNIIANEANMCCPPINAIKJCABNIFPGIHIDBAHIIDFDNHKLKLFPKPOFKBBGPJMOGOEBPGEBNJAGHHBIAMKHPPHEDGACENDHKKOAODMAFHFEDNOMCOMJMHK</LOG>
<LOG>CMLMDMDFCHGDPCEIPPEHOBDCCDNHLIKIAFABAMLMGMDCNIBP</LOG>
<LOG>NFMJAMNAOMFMMNLHNNPAKOAPBPDEFPIOHEFNMJCCFJBINEMENENHJAGOGLJHKAFJPHOOGNJLIGONNFABJCLJAOCELODNBIDJBIOALOIMEDMFFBIDBEHMBMJIHPADPBCBDFCFNHEBPKHCKOGOKGPKMAAKHJFHNDPOEACIMBCCEFKNHOOEMNOBJKCEPAPJNBOJEFCAFFKKCJPGHBCJMBCHNJAPLHENEBJMMCKEFPEANNDOHFELDCIJJMMHIFBLBKMADJKAKLNHPNMEKOJFOFABMGKMCBJNNGNKMLACMPBIIMHJKAOILDFAODBMCPMHBAHEJNHKLCBCKOEABFFBOBDGNHHCAGPICFAPKMDLLCFNJAHKOPALJGHLAHOJDADENEBLJECGMAKELKEHKDLKFKGLCCAJJOGHAIPGJCEJEOLADOBJPOBELOBMPGNOCCCHFFJLLJPOGLPHCMMJLCICNOHNKCBCEILCDFNHCPBJFJOHNKLCEKBABPBOKHJJKOJEIEEHEPIKLNOCDELAGJDBNMLEDHEDLLNNNLCMJCCJBKBMAHCMHFKL</LOG>
<LOG>AFBAGCIKFGBCLDINKHFEBMHLEODBHFHGDFLPJFDFEFMPFJOOIPMDONLIEEJPIHKAKJDAHCHDEEIACLIGFHIPGCDKJPHGBGEMOGFHPFDDDBDEAGME</LOG>
<LOG>IEDLFPFODOPLJBLHOPBOOBCFEPFOEKODKFGCENLEKILCEKBMHOBLDDHLCJNLJHJMFMJKMOGOGPFAGIGKFMJKMOGOGPFAGIGKIPENAKNOIKCBJOMMGIJAEGLFAONIOOAGLCLMGNDMGNFKIBJA</LOG>
<LOG>GEBGJMEPLDFGMEAOEJLFONFCMMNHJJHDFMJKMOGOGPFAGIGKFMJKMOGOGPFAGIGKFMJKMOGOGPFAGIGKFMJKMOGOGPFAGIGKFHDFODFHALKAMLDDFMJKMOGOGPFAGIGKLCLMGNDMGNFKIBJA</LOG>
<LOG>IHOAPLIBKOOHGPHOJAONLDMFKCIAPENFFMJKMOGOGPFAGIGKFMJKMOGOGPFAGIGKFMJKMOGOGPFAGIGKFMJKMOGOGPFAGIGKOIGLFAEMCFEEFLGAFMJKMOGOGPFAGIGKLCLMGNDMGNFKIBJA</LOG>
<LOG>AFBAGCIKFGBCLDINCDLAIJKIFDGILJBGDFLPJFDFEFMPFJOOIPMDONLIEEJPIHKAKJDAHCHDEEIACLIGKIAJLPPOKECGHNADDHOODOFGPAIAHDBD</LOG>
15:42:45.361 00002060  <log> [wvshaper] DownloadImage Success rc=0 profiling=1(ms) 19(ms) 202(ms) 444(ms)
15:42:45.361 00002060  <log> [_wsapi_]  -ws_load_profile rc=0
21:13:06.421 00002060  <log> [_wsapi_]  +ws_close_waveshaper ws=wsSN079908
21:13:06.447 00002060  <log> [wvshaper] CloseWaveShaper
<LOG>ODHADNEPHMDCBDDPFEJJAFOIEGPMALDJDFLPJFDFEFMPFJOOIPMDONLIEEJPIHKAKJDAHCHDEEIACLIGHBLADLKPLJPOLDEIPEIHMKMGGIBHALEC</LOG>
<LOG>ODHADNEPHMDCBDDPDMONMGKPKIGHOBDNDFLPJFDFEFMPFJOOIPMDONLIEEJPIHKAKJDAHCHDEEIACLIGHBLADLKPLJPOLDEIPEIHMKMGGIBHALEC</LOG>
21:13:06.602 00002060  <log> [_wsapi_]  -ws_close_waveshaper rc=0
21:13:06.603 00002060  <log> [_wsapi_]  +ws_delete_waveshaper ws=wsSN079908
21:13:06.603 00002060  <log> [wvshaper] CloseWaveShaper
21:13:06.604 00002060  <log> [wvshaper] WaveShaper Deleted id=
<LOG>ODHADNEPHMDCBDDPIEIGNCGCDAFFLPCBDFLPJFDFEFMPFJOONPBEACMIEPPLKFDCFMBGGOOMBOLLBNMPLIMANMJDAHDIAENFEILIOOEPOMNLMFBFCBBNLPDHCMEFBCLL</LOG>
21:13:06.612 00002060  <log> [wsimage]  WaveShaperImage Deleted
21:13:06.612 00002060  <log> [_wsapi_]  -ws_delete_waveshaper rc=0
=======START LOGGING=======
16:28:33.619 00002408  <log> [factory]  RegisterModule cls=WaveShaperImage
16:28:33.639 00002408  <log> [factory]  RegisterModule cls=WaveShaper
16:28:33.640 00002408  <log> [factory]  RegisterModule cls=WaveShaper
16:28:33.641 00002408  <log> [factory]  RegisterModule cls=MemBuffer
16:28:33.642 00002408  <log> [factory]  RegisterModule cls=FTDI_Cheetah_PortManager
16:28:33.642 00002408  <dbg> [factory]  CreateModule cid=FTDI_Cheetah_PortManager iid=IPortManager
16:28:33.643 00002408  <log> [factory]  RegisterModule cls=WSSimPort
16:28:33.644 00002408  <log> [factory]  RegisterModule cls=ComPort
16:28:33.644 00002408  <log> [factory]  RegisterModule cls=FTDIComPort
16:28:33.645 00002408  <log> [factory]  RegisterModule cls=FTDISPIPort
16:28:33.645 00002408  <log> [factory]  RegisterModule cls=CheetahSPIPort
16:28:33.646 00002408  <log> [_wsapi_]  Initialize WaveShaperAPI, version=1.5.8
16:28:33.646 00002408  <log> [_wsapi_]  +ws_create_waveshaper ws=wsSN079908
16:28:33.647 00002408  <dbg> [factory]  CreateModule cid=WaveShaper iid=IWaveShaper
16:28:33.647 00002408  <dbg> [factory]  CreateModule cid=WaveShaperImage iid=IWaveShaperImage
16:28:33.648 00002408  <dbg> [factory]  CreateModule cid=MemBuffer iid=IMemBuffer
16:28:33.648 00002408  <dbg> [factory]  CreateModule cid=MemBuffer iid=IMemBuffer
16:28:33.649 00002408  <dbg> [factory]  CreateModule cid=MemBuffer iid=IMemBuffer
16:28:33.649 00002408  <dbg> [factory]  CreateModule cid=MemBuffer iid=IMemBuffer
<LOG>LHAEBBHPGNFMDMKGMBNNLCCAFDLOFJJOAHGPKEKINDKFENHNNPBEACMIEPPLKFDCFMBGGOOMBOLLBNMPCFEMJMGBPCIJILNLLOAHEAFPELDLPOHNCIJBNNLHHCEMAHPK</LOG>
<LOG>LHAEBBHPGNFMDMKGBCHEJNIIIIKDEPELAHGPKEKINDKFENHNNPBEACMIEPPLKFDCFMBGGOOMBOLLBNMPCOCHOFBHBNCFGKPJKFFPFNEEDCDKMKIJHCBNHFJAPBHFOPLJFBOMDFNNNEHHDGOGMAEPKPFJCLGGOMDP</LOG>
<LOG>LHAEBBHPGNFMDMKGLGFBDEPKADGDGCGFAHGPKEKINDKFENHNNPBEACMIEPPLKFDCFMBGGOOMBOLLBNMPDKJBCIBBDFFIFJKPHAMAJIBDDHCEFJDG</LOG>
<LOG>LHAEBBHPGNFMDMKGNHPPOEAFEJPLLIEMAHGPKEKINDKFENHNNPBEACMIEPPLKFDCFMBGGOOMBOLLBNMPDKJBCIBBDFFIFJKPAABBCFOHGONGLBOA</LOG>
<LOG>LHAEBBHPGNFMDMKGNHPPOEAFEJPLLIEMAHGPKEKINDKFENHNNPBEACMIEPPLKFDCFMBGGOOMBOLLBNMPDKJBCIBBDFFIFJKPDLNDBLECAKONICKA</LOG>
<LOG>LHAEBBHPGNFMDMKGMLGOFIAMBFNFHOGOAHGPKEKINDKFENHNNPBEACMIEPPLKFDCFMBGGOOMBOLLBNMPDKJBCIBBDFFIFJKPHONKGIGPAIFNEBMH</LOG>
<LOG>LHAEBBHPGNFMDMKGKJNJKDBGCIKNBMGOAHGPKEKINDKFENHNNPBEACMIEPPLKFDCFMBGGOOMBOLLBNMPDKJBCIBBDFFIFJKPGLLLOELCCFHKEKLI</LOG>
<LOG>LHAEBBHPGNFMDMKGKJNJKDBGCIKNBMGOAHGPKEKINDKFENHNNPBEACMIEPPLKFDCFMBGGOOMBOLLBNMPDKJBCIBBDFFIFJKPFHFJFDLJCCBKDKJO</LOG>
<LOG>LHAEBBHPGNFMDMKGPKONHEOGJPAEBBMLAHGPKEKINDKFENHNNPBEACMIEPPLKFDCFMBGGOOMBOLLBNMPDKJBCIBBDFFIFJKPIGDGJNJHNCLCGKNJ</LOG>
<LOG>LHAEBBHPGNFMDMKGPKONHEOGJPAEBBMLAHGPKEKINDKFENHNNPBEACMIEPPLKFDCFMBGGOOMBOLLBNMPDKJBCIBBDFFIFJKPLFBCNMEMCBBEOCGA</LOG>
<LOG>LHAEBBHPGNFMDMKGLHAHEHHIOBKDEIOBAHGPKEKINDKFENHNNPBEACMIEPPLKFDCFMBGGOOMBOLLBNMPDKJBCIBBDFFIFJKPPDLHMLOLNLOPIMDK</LOG>
<LOG>LHAEBBHPGNFMDMKGDMBPCJGLOLCJEHDCAHGPKEKINDKFENHNNPBEACMIEPPLKFDCFMBGGOOMBOLLBNMPDKJBCIBBDFFIFJKPAIPIJDDDPDAGHAKG</LOG>
<LOG>LHAEBBHPGNFMDMKGDMBPCJGLOLCJEHDCAHGPKEKINDKFENHNNPBEACMIEPPLKFDCFMBGGOOMBOLLBNMPDKJBCIBBDFFIFJKPCIDKMDFJDEEACMCK</LOG>
<LOG>LHAEBBHPGNFMDMKGHEPGJBOMOBODOPDFAHGPKEKINDKFENHNNPBEACMIEPPLKFDCFMBGGOOMBOLLBNMPDKJBCIBBDFFIFJKPJMKBHALBFKHIDIPLEFNNCMOGMILGCJBO</LOG>
<LOG>LHAEBBHPGNFMDMKGHEPGJBOMOBODOPDFAHGPKEKINDKFENHNNPBEACMIEPPLKFDCFMBGGOOMBOLLBNMPDKJBCIBBDFFIFJKPJMKBHALBFKHIDIPLAPHFPJIFMIMLJLCB</LOG>
<LOG>LHAEBBHPGNFMDMKGKJDBEBBBKFPIDMBPAHGPKEKINDKFENHNNPBEACMIEPPLKFDCFMBGGOOMBOLLBNMPDKJBCIBBDFFIFJKPJMKBHALBFKHIDIPLCACDHMCAKBMBBIDJ</LOG>
<LOG>LHAEBBHPGNFMDMKGKJDBEBBBKFPIDMBPAHGPKEKINDKFENHNNPBEACMIEPPLKFDCFMBGGOOMBOLLBNMPDKJBCIBBDFFIFJKPJMKBHALBFKHIDIPLHIFINJHAKIFEMFJK</LOG>
<LOG>LHAEBBHPGNFMDMKGMGDNCCNLMDFOJJKJAHGPKEKINDKFENHNNPBEACMIEPPLKFDCFMBGGOOMBOLLBNMPDKJBCIBBDFFIFJKPBGCOEOENJOOBBPHC</LOG>
<LOG>LHAEBBHPGNFMDMKGMGDNCCNLMDFOJJKJAHGPKEKINDKFENHNNPBEACMIEPPLKFDCFMBGGOOMBOLLBNMPDKJBCIBBDFFIFJKPADGCGODCJLNAKLNM</LOG>
<LOG>LHAEBBHPGNFMDMKGMGDNCCNLMDFOJJKJAHGPKEKINDKFENHNNPBEACMIEPPLKFDCFMBGGOOMBOLLBNMPDKJBCIBBDFFIFJKPGCIJFKGBEJCAGBIC</LOG>
<LOG>LHAEBBHPGNFMDMKGPDFDGEKLKDCCJGDGAHGPKEKINDKFENHNNPBEACMIEPPLKFDCFMBGGOOMBOLLBNMPDKJBCIBBDFFIFJKPINDOCPMIBPICIMGJ</LOG>
<LOG>LHAEBBHPGNFMDMKGPDFDGEKLKDCCJGDGAHGPKEKINDKFENHNNPBEACMIEPPLKFDCFMBGGOOMBOLLBNMPDKJBCIBBDFFIFJKPOOMHMMMEJCOBCPOD</LOG>
<LOG>LHAEBBHPGNFMDMKGICKODEBMFCPNPOPMAHGPKEKINDKFENHNNPBEACMIEPPLKFDCFMBGGOOMBOLLBNMPBINDNGBCPBPGGHGBJBIMEGKHKMDBNDAIAHKFEENGLIAJGFGI</LOG>
<LOG>LHAEBBHPGNFMDMKGICKODEBMFCPNPOPMAHGPKEKINDKFENHNNPBEACMIEPPLKFDCFMBGGOOMBOLLBNMPPFKMJPCCEDMANDBFHBJECHDIEDIEIBKLBLPFFPPPLJIDFLLBEBOBJIKKHKHLOMID</LOG>
<LOG>LHAEBBHPGNFMDMKGOEIHCNGKFFOFPFPOAHGPKEKINDKFENHNNPBEACMIEPPLKFDCFMBGGOOMBOLLBNMPMEIELENCDJDIAMLFALNKPNANOFLONBJDIAPMNMKLPCNOFGGLFODIOLFHKHGLALKL</LOG>
<LOG>LHAEBBHPGNFMDMKGIKIJEHCLIMOHNAMCAHGPKEKINDKFENHNNPBEACMIEPPLKFDCFMBGGOOMBOLLBNMPDJOBPKKLOFGPMFMKIGHCIHKHEAGCHBGMPOGGPCDFMNBIHKKF</LOG>
<LOG>LHAEBBHPGNFMDMKGNANPJCMJJPAEONJPAHGPKEKINDKFENHNNPBEACMIEPPLKFDCFMBGGOOMBOLLBNMPDPLGPLHAOJJLPCPJJGEJJECEPDBNLNHCEHDDCIMALMAMAMJE</LOG>
<LOG>LHAEBBHPGNFMDMKGNANPJCMJJPAEONJPAHGPKEKINDKFENHNNPBEACMIEPPLKFDCFMBGGOOMBOLLBNMPHHODADKCHAJFCPJLCIIBACOECNCAJMPHPDJFNFKPNFJIGFDB</LOG>
<LOG>LHAEBBHPGNFMDMKGENHAMPCMCEDAGNLJAHGPKEKINDKFENHNNPBEACMIEPPLKFDCFMBGGOOMBOLLBNMPKMGKPJMMLLPBFFHPMOOMNLMNPMKBPFLD</LOG>
<LOG>LHAEBBHPGNFMDMKGFLKJOKPGLOBMKAGBAHGPKEKINDKFENHNNPBEACMIEPPLKFDCFMBGGOOMBOLLBNMPDBIBEPIJGDNJLHPNKAILNBOICKECHLLHMMKHDHMMNNLGCNJKDAPCACICJAKIMGKOIKEDOBEALJLJMDFLJMKALENKIMEFBJHCIEELOMHGBFOFJCLL</LOG>
<LOG>LHAEBBHPGNFMDMKGFLKJOKPGLOBMKAGBAHGPKEKINDKFENHNNPBEACMIEPPLKFDCFMBGGOOMBOLLBNMPBIBIGNGPADPJABHOHGJPPEIBBIHDNFCIKHOOPDNBLKBLOHGK</LOG>
<LOG>LHAEBBHPGNFMDMKGGFCKEENGEHIMOCADAHGPKEKINDKFENHNNPBEACMIEPPLKFDCFMBGGOOMBOLLBNMPDPGPFNBLGNKMBJEJMOFAKJNNIMAAJBMPFACJOFGHNJJPAGEM</LOG>
<LOG>LHAEBBHPGNFMDMKGGFCKEENGEHIMOCADAHGPKEKINDKFENHNNPBEACMIEPPLKFDCFMBGGOOMBOLLBNMPIFKIFKHLJHFGHOOBDFDAKOCFEOOKMEHEEHJLCFFPBBMBMLFP</LOG>
<LOG>LHAEBBHPGNFMDMKGOHDCCIEDEFNFBHPMAHGPKEKINDKFENHNNPBEACMIEPPLKFDCFMBGGOOMBOLLBNMPHLOKMCEKFDMACEPCAMMMDAFAEPBCHHLIOICONAEAJAKJFAOG</LOG>
<LOG>LHAEBBHPGNFMDMKGOPLEIKBBNHBJIBENAHGPKEKINDKFENHNNPBEACMIEPPLKFDCFMBGGOOMBOLLBNMPCMKJMGMAGMIGPGLILADCCDKLOGJLKNGHCCBIFKIDNPCBMKNGHCEDJCAPOJOGDCCNLCMHIIDCNAKACGJCPBNFIKGDEEFOBDIFELEKOCDIPNMNELNI</LOG>
<LOG>LHAEBBHPGNFMDMKGOPLEIKBBNHBJIBENAHGPKEKINDKFENHNNPBEACMIEPPLKFDCFMBGGOOMBOLLBNMPMCBCAONPDLCPJJMHGILGEEKICPACGCBMCCFINEMBPIAKLJJLFAOBENIMHOOKLLNNKIGMEGMJOINNCDGKCHELMJOGOGMDMHNJ</LOG>
<LOG>LHAEBBHPGNFMDMKGPICBKNGNJLDLDOOJAHGPKEKINDKFENHNNPBEACMIEPPLKFDCFMBGGOOMBOLLBNMPCNCJNKCMIEJIPPNDJPNMEMPAEDNOANOFDACLCICKFNPNALIP</LOG>
<LOG>LHAEBBHPGNFMDMKGPKONNPHAHKOBHHLMAHGPKEKINDKFENHNNPBEACMIEPPLKFDCFMBGGOOMBOLLBNMPFNFKJIKFOJJLDMLHNBKCDNIADKMPFBFAFACJOFGHNJJPAGEM</LOG>
<LOG>LHAEBBHPGNFMDMKGPKONNPHAHKOBHHLMAHGPKEKINDKFENHNNPBEACMIEPPLKFDCFMBGGOOMBOLLBNMPNCEDBIHJDPLCOOIOMGHLNHJDKONMOAFO</LOG>
<LOG>LHAEBBHPGNFMDMKGMNFLKIFHKLGNGFBIAHGPKEKINDKFENHNNPBEACMIEPPLKFDCFMBGGOOMBOLLBNMPAFPPHOBNEFGNBBHDGELLOPIFPPNBNOCOIELEEEMNLKMAIJKM</LOG>
<LOG>LHAEBBHPGNFMDMKGMNFLKIFHKLGNGFBIAHGPKEKINDKFENHNNPBEACMIEPPLKFDCFMBGGOOMBOLLBNMPKDIPNDCMFKMGMELIIKOBBKFKHEJHEFOGDCHIFMLIAPOKFFBGDEMFEOFNHILEHFGDFNJAKLFLIJJFKPECAAEMPFFLPILLCCGMBNLHMJCAMGNFKNAGDMCDLOEMIDPICIJF</LOG>
<LOG>LHAEBBHPGNFMDMKGLNNFNCBBGNDPCPCBAHGPKEKINDKFENHNNPBEACMIEPPLKFDCFMBGGOOMBOLLBNMPPFKMJPCCEDMANDBFHBJECHDIEDIEIBKLBDBEGDIFOFCDBCGBPOCMNIEMIJPOMKOCNNPBIJCHFNJNNJEN</LOG>
<LOG>LHAEBBHPGNFMDMKGLLNCLJOCIAKKOPGCAHGPKEKINDKFENHNNPBEACMIEPPLKFDCFMBGGOOMBOLLBNMPPFKMJPCCEDMANDBFHBJECHDIEDIEIBKLNKPHBIEKIAMJKOAPKKFAIKGHGJPDFNLLJNOIGHGJPIPIBPKJHHGAEOLICDBGOMAL</LOG>
<LOG>LHAEBBHPGNFMDMKGICJABKIKOPGNNHEFAHGPKEKINDKFENHNNPBEACMIEPPLKFDCFMBGGOOMBOLLBNMPMCBCAONPDLCPJJMHGILGEEKICPACGCBMJGMNIBPIGNJLIHFDPEGAOMOEEBJNDMEIHGOIBMIAMGEDDDGM</LOG>
<LOG>LHAEBBHPGNFMDMKGFHMMOPMEDGKMFLKOAHGPKEKINDKFENHNNPBEACMIEPPLKFDCFMBGGOOMBOLLBNMPPFKMJPCCEDMANDBFHBJECHDIEDIEIBKLLHGNNMHLANNLKJAJAJNIPFEMBPFMHFPL</LOG>
<LOG>LHAEBBHPGNFMDMKGFHMMOPMEDGKMFLKOAHGPKEKINDKFENHNNPBEACMIEPPLKFDCFMBGGOOMBOLLBNMPDKDNPJDIMGOFIODLFBMCPGKOPCGGBAHKKHOOPDNBLKBLOHGK</LOG>
<LOG>LHAEBBHPGNFMDMKGHJGMNIBAEDEOPGPFAHGPKEKINDKFENHNNPBEACMIEPPLKFDCFMBGGOOMBOLLBNMPDKDNPJDIMGOFIODLGBHCGBFGBDACNEIJGPACGMPCOBEDJLFPAJFLOPGOONDFJCCN</LOG>
<LOG>LHAEBBHPGNFMDMKGHANJMOLLJGNPCMGBAHGPKEKINDKFENHNNPBEACMIEPPLKFDCFMBGGOOMBOLLBNMPMCBCAONPDLCPJJMHGILGEEKICPACGCBMAEIKLPHFPGDDBJGIFBJGFKEPNICBBOJP</LOG>
<LOG>LHAEBBHPGNFMDMKGMIMNJADMOBNIPOCDAHGPKEKINDKFENHNNPBEACMIEPPLKFDCFMBGGOOMBOLLBNMPPFKMJPCCEDMANDBFHBJECHDIEDIEIBKLNHOBFEGNLEHDJJMABMLMKKPBFBODJFHFFEADGIENMGGLFOBN</LOG>
<LOG>LHAEBBHPGNFMDMKGDNHBNONNFBHFMHGBAHGPKEKINDKFENHNNPBEACMIEPPLKFDCFMBGGOOMBOLLBNMPMCBCAONPDLCPJJMHGILGEEKICPACGCBMMJMOAGGFFCPFJJKFCKJMBGDIOIGFBHKA</LOG>
<LOG>LHAEBBHPGNFMDMKGDMGMIAPJOLLKJAGGAHGPKEKINDKFENHNNPBEACMIEPPLKFDCFMBGGOOMBOLLBNMPLCGCPHCAFPJGGHNIAGEDBCDJBBDEOFPKJPHOMINPEGCAMDAD</LOG>
<LOG>LHAEBBHPGNFMDMKGJHMGJDFEPBMLMCHCAHGPKEKINDKFENHNNPBEACMIEPPLKFDCFMBGGOOMBOLLBNMPMCBCAONPDLCPJJMHGILGEEKICPACGCBMLMNHGJGDFKCFMBEECHELMJOGOGMDMHNJ</LOG>
<LOG>LHAEBBHPGNFMDMKGJHMGJDFEPBMLMCHCAHGPKEKINDKFENHNNPBEACMIEPPLKFDCFMBGGOOMBOLLBNMPPFKMJPCCEDMANDBFHBJECHDIEDIEIBKLIHBFMGEBFLNEMKMAJCAEMMFMFGBLFBMHBMLMKKPBFBODJFHFFEADGIENMGGLFOBN</LOG>
<LOG>AKNJBKJECCABMLFPMFDLEADEHDOPHBJHAHGPKEKINDKFENHNNPBEACMIEPPLKFDCFMBGGOOMBOLLBNMPMCBCAONPDLCPJJMHFJHDNGENHGKAEOPEKANHDDEOGGADDNOBPMFADOPCCFCBANLH</LOG>
<LOG>AKNJBKJECCABMLFPFJDGBOCKCAPMCPOHAHGPKEKINDKFENHNNPBEACMIEPPLKFDCFMBGGOOMBOLLBNMPPFKMJPCCEDMANDBFHBJECHDIEDIEIBKLMDAHNNCKLDNAOPACDAJFENENDKNFHEJGHCGIBADAJHJBBBEPHJAOENFGAMCAAEKK</LOG>
<LOG>AKNJBKJECCABMLFPFJDGBOCKCAPMCPOHAHGPKEKINDKFENHNNPBEACMIEPPLKFDCFMBGGOOMBOLLBNMPMCBCAONPDLCPJJMHDHJJJOAPGGLBIMIKCIFMNDDNJBADEHBIOOGKKMDCJHHHIPEF</LOG>
<LOG>AKNJBKJECCABMLFPGPBAEFIMPLFHMCKIAHGPKEKINDKFENHNNPBEACMIEPPLKFDCFMBGGOOMBOLLBNMPJIPJNKKIJBAMGHOKHPHGKBKLKAIEPEONCBJNEPMFGJFKPAFDBGIGOAFMJONDCBBBJHLLDOIKJJODOOKMCABKFHALNBDNBEHKBHBKPPOBCDIAGNLMHJIDLKILBEMOIMIHOOPKIAKGIMDHABOCIENGHBBFOJLCIFDGHJJCGLLANOHMIOCJBAENJCKCAPHHPHIHPDELEMBHGFJGBBLE</LOG>
<LOG>AKNJBKJECCABMLFPBLNNNKNJDFALKIJBAHGPKEKINDKFENHNNPBEACMIEPPLKFDCFMBGGOOMBOLLBNMPBGAIPOALPJLKFODBDMCKENECILGBENLJDEKFGBJLDAKBMIPE</LOG>
<LOG>AKNJBKJECCABMLFPBLNNNKNJDFALKIJBAHGPKEKINDKFENHNNPBEACMIEPPLKFDCFMBGGOOMBOLLBNMPCMJGOBPHFEJBGGCJKKIGEOGLKBHAKODOKCHFGODALDLIPDPN</LOG>
<LOG>AKNJBKJECCABMLFPBMNMCGPDIMPKIMHCAHGPKEKINDKFENHNNPBEACMIEPPLKFDCFMBGGOOMBOLLBNMPGKFBNCOOJJPCIBDFDKPKHHFFKDBHKPIOHJLCEHANPIEPJLPF</LOG>
<LOG>AKNJBKJECCABMLFPJIOENPDLPAIOOOLEAHGPKEKINDKFENHNNPBEACMIEPPLKFDCFMBGGOOMBOLLBNMPPDOAIJALLNADKEOBJPFGPKDJFDGMECFCIAOBHHCMEHPHDLNF</LOG>
<LOG>AKNJBKJECCABMLFPJIOENPDLPAIOOOLEAHGPKEKINDKFENHNNPBEACMIEPPLKFDCFMBGGOOMBOLLBNMPDOMAIPNEELGHJAFMJBIMEGKHKMDBNDAIIFJAGCCMAPKPHFEN</LOG>
16:28:35.127 00002408  <log> [wsimage]  LoadCalibration rc=0 profiling=1478(ms)
16:28:35.128 00002408  <log> [_wsapi_]  -ws_create_waveshaper rc=0
16:28:35.129 00002408  <log> [_wsapi_]  +ws_open_waveshaper ws=wsSN079908
16:28:35.130 00002408  <log> [wvshaper] OpenWaveShaper
16:28:35.879 00002408  <log> [portmgr]  Enum FT4232 <WS079908D,79908,0>
16:28:35.933 00002408  <log> [portmgr]  NLocatePort rc=0 profiling=803(ms)
16:28:35.934 00002408  <dbg> [factory]  CreateModule cid=FTDIComPort iid=IPort
<LOG>CBDODMOMMDCGPCJIALOJKAMBBLNENGJJAHGPKEKINDKFENHNIPMDONLIEEJPIHKAKJDAHCHDEEIACLIGINMBMMKAOELCIDDGMKGOHDBLALFFDNNOCJIJLPAGPLKJIBIFGKFPMOOFOMCOHFHE</LOG>
<LOG>CBDODMOMMDCGPCJIGGDHHFIPEDGDPAJJAHGPKEKINDKFENHNIPMDONLIEEJPIHKAKJDAHCHDEEIACLIGJAOMJAJKFNHHNGAGEHBGCGJJHENPOAOLHCKMIOKKDHLGPMHKACADPJMGJDPHJDEP</LOG>
16:28:36.411 00002408  <dbg> [factory]  CreateModule cid=FTDISPIPort iid=IPort
<LOG>CBDODMOMMDCGPCJIBOMJMOFLLCIEODKLAHGPKEKINDKFENHNIPMDONLIEEJPIHKAKJDAHCHDEEIACLIGPFJNCLJJPODABJONPIELBCLDGNHMEEONHOGAKGGMHGCKGEBE</LOG>
<LOG>CBDODMOMMDCGPCJIGJECBLJKMDGABFPBAHGPKEKINDKFENHNIPMDONLIEEJPIHKAKJDAHCHDEEIACLIGAJDLANJGOOMAKFNNPLCFOEOAAPDPODHOOBCGFIHBCJJCHJDJ</LOG>
<LOG>CBDODMOMMDCGPCJIIJEONMIIOJHIPCNMAHGPKEKINDKFENHNIPMDONLIEEJPIHKAKJDAHCHDEEIACLIGLOLGMOOGBNMEMOFMIFCBFHGCMMJOMPLD</LOG>
<LOG>CBDODMOMMDCGPCJIIJEONMIIOJHIPCNMAHGPKEKINDKFENHNIPMDONLIEEJPIHKAKJDAHCHDEEIACLIGIGIJOHFNOIFKPGNIPLCFOEOAAPDPODHOOBCGFIHBCJJCHJDJ</LOG>
<LOG>CBDODMOMMDCGPCJILNGEIBLNAJBKJFBKAHGPKEKINDKFENHNIPMDONLIEEJPIHKAKJDAHCHDEEIACLIGNMGCFPOKNJMFJEOAIFCBFHGCMMJOMPLD</LOG>
<LOG>CBDODMOMMDCGPCJILNGEIBLNAJBKJFBKAHGPKEKINDKFENHNIPMDONLIEEJPIHKAKJDAHCHDEEIACLIGIANDOOMKIOJJIFOMDKENEBMHELEHNJNIGHPNHLKBALKFFPLPELHJOKEIMKCBJHLFPLCCEPOOLKBACNCI</LOG>
<LOG>CBDODMOMMDCGPCJIJDHANIPEEAJOFIHEAHGPKEKINDKFENHNIPMDONLIEEJPIHKAKJDAHCHDEEIACLIGINMBMMKAOELCIDDGMKGOHDBLALFFDNNOJCHAEIEPBNICKJEFGKFPMOOFOMCOHFHE</LOG>
<LOG>CBDODMOMMDCGPCJIPFNOFOHLLLMAGDHBAHGPKEKINDKFENHNIPMDONLIEEJPIHKAKJDAHCHDEEIACLIGJAOMJAJKFNHHNGAGEHBGCGJJHENPOAOLKKHKAHACCEHFADGLLINAPBBJKBMNMHLN</LOG>
16:28:36.577 00002408  <log> [_wsapi_]  -ws_open_waveshaper rc=0
16:28:36.579 00002408  <log> [_wsapi_]  +ws_get_portcount ws=wsSN079908
16:28:36.579 00002408  <log> [_wsapi_]  nport=4
16:28:36.580 00002408  <log> [_wsapi_]  -ws_get_portcount rc=0
16:28:36.581 00002408  <log> [_wsapi_]  +ws_get_frequencyrange ws=wsSN079908
16:28:36.582 00002408  <log> [_wsapi_]  start=187.274994 stop=196.274994
16:28:36.582 00002408  <log> [_wsapi_]  -ws_get_frequencyrange rc=0
16:28:36.583 00002408  <log> [_wsapi_]  +ws_load_predefinedprofile ws=wsSN079908
16:28:36.584 00002408  <log> [_wsapi_]  create_predefinedfilter rc=0 entries_size=2
16:28:36.585 00002408  <log> [_wsapi_]  validate profile rc=1000000
<LOG>CBDODMOMMDCGPCJILNKKAPGLJPOPACLLAHGPKEKINDKFENHNNPBEACMIEPPLKFDCFMBGGOOMBOLLBNMPONEODFKNPBNMPNMLEMKPMCPPALKJONJOFDEOHFFOBFFLJKLNBKLLHFCLMPCKAALICPMIAECAADNLENABFMOEHPBDJNKIGFDHFCHCOOGJICDDMDDH</LOG>
<LOG>CBDODMOMMDCGPCJIPAFNKKBNCDKECCACAHGPKEKINDKFENHNNPBEACMIEPPLKFDCFMBGGOOMBOLLBNMPPHJLBACOONKBIKBMKEPHAOPNNIMGJDONIHOFILHKIGIALJFCOLJHDMOCPBHONLDLEKJEAFJAIJMNIGKGHENFHHGDHLMGPAGDDEHALBDFPHIABIHDICAFKEABMLLNLPPHCHELMJOGOGMDMHNJ</LOG>
16:28:36.587 00002408  <log> [wsimage]  LoadFilter rc=0 profiling=2(ms)
16:28:36.587 00002408  <log> [_wsapi_]  LoadFilter rc=0
<LOG>LGNEMIMJBMMKBHDHOLDJBJMHKEGNOMLOJKPILAELAKEKPMNOFMJKMOGOGPFAGIGKFMJKMOGOGPFAGIGKFMJKMOGOGPFAGIGKIIDCMDNGMHHGLINHOHMHHIOGEFIOAAKGLCLMGNDMGNFKIBJA</LOG>
<LOG>CBDODMOMMDCGPCJIBLJBJLPLDCEHAKDKAHGPKEKINDKFENHNIPMDONLIEEJPIHKAKJDAHCHDEEIACLIGFHIPGCDKJPHGBGEMOGFHPFDDDBDEAGME</LOG>
<LOG>LGNEMIMJBMMKBHDHOLDJBJMHKEGNOMLOIHHOJNEPDGONAGGOFDIJKILFEGAGCJNEFMJKMOGOGPFAGIGKFMJKMOGOGPFAGIGKIIDCMDNGMHHGLINHIBJEAOBCLPIBOPBGLCLMGNDMGNFKIBJA</LOG>
<LOG>PIAHCDAFMGGPAKNNKJJHMEJLLMOJDHJIGKDFDOELIPJDLANLFMJKMOGOGPFAGIGKFMJKMOGOGPFAGIGKFMJKMOGOGPFAGIGKHJAIEAFDKAOCAFLJDNNCEDOPMOAPDKDKLCLMGNDMGNFKIBJA</LOG>
<LOG>CBDODMOMMDCGPCJIJIMLNJLAHNCMCIBLAHGPKEKINDKFENHNIPMDONLIEEJPIHKAKJDAHCHDEEIACLIGKIAJLPPOKECGHNADDHOODOFGPAIAHDBD</LOG>
16:28:36.682 00002408  <log> [wvshaper] FWR? -- FWR?
2.2.19
OK

<LOG>CBDODMOMMDCGPCJIOEIHCNGKFFOFPFPOAHGPKEKINDKFENHNNPBEACMIEPPLKFDCFMBGGOOMBOLLBNMPLBAEMCJJDBFGMJGHMNOAINGOGPMNLDCIIPEBFOAHNEFJMFHG</LOG>
<LOG>CBDODMOMMDCGPCJIOEIHCNGKFFOFPFPOAHGPKEKINDKFENHNNPBEACMIEPPLKFDCFMBGGOOMBOLLBNMPBCJMNJIEHEEHKIEFNIIBFNKKGPIPHIHLJFOKCDLCMDJPFLPGLDEIIJJMKAMAMHIAOJIBMHNGDJDNPLKLPBNFIKGDEEFOBDIFNJENKGHMIPDEACADKFJDACPCABOOONDEMPKKCGKMPHGIFNAB</LOG>
<LOG>CBDODMOMMDCGPCJIPKONNPHAHKOBHHLMAHGPKEKINDKFENHNNPBEACMIEPPLKFDCFMBGGOOMBOLLBNMPDNEBLCHBLIGOOGCKDAIFIKJJLBGPLAGJHAINLBBGNNNKNDOFCBLCMHGDFPMFPDBP</LOG>
<LOG>CBDODMOMMDCGPCJIMNFLKIFHKLGNGFBIAHGPKEKINDKFENHNNPBEACMIEPPLKFDCFMBGGOOMBOLLBNMPDJGGGNMCCJJNCMOAHPFBOJDPDADGFLEKBHOAMPDMONOMBJHANGGBLLHDIJINEMKB</LOG>
<LOG>CBDODMOMMDCGPCJIDPLLODJKALNBFOBKAHGPKEKINDKFENHNNPBEACMIEPPLKFDCFMBGGOOMBOLLBNMPDJGGGNMCCJJNCMOAPBBLIDDGBIDGNEPIDHOODOFGPAIAHDBD</LOG>
<LOG>CBDODMOMMDCGPCJIEOGHOFIOKGKPFGLMAHGPKEKINDKFENHNNPBEACMIEPPLKFDCFMBGGOOMBOLLBNMPDJGGGNMCCJJNCMOABEBCEGCLLLEBOCIIFLOFPIOAAEIGJBHEEPNGLMPBEBMEPJDL</LOG>
16:28:36.698 00002408  <log> [wsimage]  ComputeImage startcol=0 endcol=1276 rc=0 profiling=15(ms)
16:28:36.702 00002408  <log> [wvshaper] Image compressed size=150595
16:28:36.702 00002408  <log> [wvshaper] CompressImage lenout=150595 rc=0 profiling=2(ms)
<LOG>COHEADFDBFNOGAMHBNBHHDKBKCBLPIHMEIOCNDGGCMGIMEDHEODIOGOFBCLCILOOCOGKLIMHJJHPEGLDFEFBFGJIMLGAMCMKPEKHFJPHEOGCHCFDEHPNBHAPHKGOCFPHKKKHNDGIHPNFPGNGHNLFEPGHBNJODOKAOOBKFAIFKDMMENNBIPFHCBGGEMHFIABPMEBGPJPEMHEINDJOFMJKMOGOGPFAGIGKGPGAALBOAALBIEKGFHLKJMDJDPAKMKJMGACLHMEADHNJFEOBKAMJDPEBIHIJNBEI</LOG>
<LOG>CBDODMOMMDCGPCJIDOJLCEDACPMEHMANAHGPKEKINDKFENHNIPMDONLIEEJPIHKAKJDAHCHDEEIACLIGFHIPGCDKJPHGBGEMOGFHPFDDDBDEAGME</LOG>
<LOG>COHEADFDBFNOGAMHBNBHHDKBKCBLPIHMEIOCNDGGCMGIMEDHCEHDKIBKNLJGOHMIFMJKMOGOGPFAGIGKFMJKMOGOGPFAGIGKPEKHFJPHEOGCHCFDPLDJADECEEMLMFOBLCLMGNDMGNFKIBJA</LOG>
<LOG>HBCGEAEIBPCMPOFFMKNACALPCOCEAMJLGLEIGCLBOCEPHOKPKHHALCMGDCMNKFKMFMJKMOGOGPFAGIGKFMJKMOGOGPFAGIGKDHFGDOMFGACMFGLPPMKFOPDFADJPJMBJLCLMGNDMGNFKIBJA</LOG>
<LOG>JGHIFLNNKMMPNMEGBFDGJBNJIEBJHFDBPEMPHBNKIGHJMJHGGLBBMCBHBJDNOCIHFMJKMOGOGPFAGIGKFMJKMOGOGPFAGIGKLFJJIJGNKIPPDEOLDMMGDMDLOJJBIGLELCLMGNDMGNFKIBJA</LOG>
<LOG>MPGANMBCKOPFFIHPPPDEPIFDKLCKGENILOMFBKFEPAOAJGGOFBHCDNOPLEDKNPOMFMJKMOGOGPFAGIGKFMJKMOGOGPFAGIGKCKGBJCODOJPBMPNLDIMJKEHMHBNCLINELCLMGNDMGNFKIBJA</LOG>
<LOG>CBDODMOMMDCGPCJIDGMHANOODCMADFGCAHGPKEKINDKFENHNIPMDONLIEEJPIHKAKJDAHCHDEEIACLIGKIAJLPPOKECGHNADDHOODOFGPAIAHDBD</LOG>
16:28:36.715 00002408  <log> [wvshaper] Sending through SPI...
<LOG>AOLMODDINFGCJIHBGIBAFCDHKKEMNEELEDOALPIACMFGLIAONEFGJNJDBILJCAHPODLMFCLPFEPKOAAGBPPAADOBAMNNHDAFMOOCAHGKCOCAIHPOEJMFBLPLPBCJBDJJHIFJPFPPDCHJDLFEKPMINMDKKCFGMLJHGPEACPHNEPNHDMNEJHKMDADBJANGJBOGKKGOPEONCEHFPMMKKNCIHLIDFKNHDPLAJIHEHGPKENFENNLGICMGIFPDJGADELGACPLNPMCLNIHEKMFACHGMOECEFJHIFKJFIPFFJKEGLGOPDBOPHKDEGBFBACFHLFAJFCIMJINGMPAMFJMOEBGOPHEMMAGFGJNBMANJDFKEHOJFMLEHHBKADNBJIPEJADPNEPPBHPFLHBKJJBPPIKMBEKOECMDKDKJMAGPGPONEPIMBDKIAKKJJHHCHPHIHBMDCFOPHJDBCHAPGLPALMNENPGPDNMKBKNCNBKMOCPIJHGKNAMDPHFDKOBJBGODENMBEFJFHPPGODALOPCCNLHPMLBKOEAOALCICLIOIFNCOAEEEFPGN</LOG>
<LOG>BFFIJIKFAKNDFMPJLBDMFAJNCHBDMODBAFABAMLMGMDCNIBP</LOG>
<LOG>NLBLGFGJLHACCHAPENDNELPHLCPHGEMILAOIEJEHBPCNGGDLGDJGNKIFNENDINLGPJIPBEPDPHPBLBDJHAABNEMKIADPHKAHFBLJKJNAGDFOFPEABMLCKJJFILFKLCICHCOBKKNBABOCBIELNNFILJBJDPLFLLEPIHCPACIEMOIENGDMKNJHKGCCHCKNIBMOONDGKEHAHFMPKCDEBEFBIFCMAFAFFFJHDAFAMLNPIJHNMDCJKEMNKCFIIGDNDPAHHFHLPNKGFHJLELKHBIKGLPOKFBJHOECAJIFAMFGHDGLBCIHKPOIAJOKMIFKOFGPMPJOMPDNCFKIEDNKCADMACJFJLPPFCOBFBPFKBEMFPDGFKDAHNNBCMGNNHLPEMPBBLDAKKFMJKINCAEAGBCBPAJOKMAGNANFLEABALEOPBOODCJNFBJBCKGBFNGHPGENAMOKNOKEIJMOHCIHHKAFDCCHCDMAFKMHFMNNCBLBNAINALDMCBPBOKHJJKOJEIEEHMJHGMIHKDMIBDLFAPGILOJNMCMBJFAIJJCCJBKBMAHCMHFKL</LOG>
<LOG>CBDODMOMMDCGPCJICAGJJLMBFDFMIOKOAHGPKEKINDKFENHNIPMDONLIEEJPIHKAKJDAHCHDEEIACLIGFHIPGCDKJPHGBGEMOGFHPFDDDBDEAGME</LOG>
<LOG>IEDLFPFODOPLJBLHOPBOOBCFEPFOEKODKFGCENLEKILCEKBMHOBLDDHLCJNLJHJMFMJKMOGOGPFAGIGKFMJKMOGOGPFAGIGKIPENAKNOIKCBJOMMGIJAEGLFAONIOOAGLCLMGNDMGNFKIBJA</LOG>
<LOG>GEBGJMEPLDFGMEAOEJLFONFCMMNHJJHDFMJKMOGOGPFAGIGKFMJKMOGOGPFAGIGKFMJKMOGOGPFAGIGKFMJKMOGOGPFAGIGKFHDFODFHALKAMLDDFMJKMOGOGPFAGIGKLCLMGNDMGNFKIBJA</LOG>
<LOG>IHOAPLIBKOOHGPHOJAONLDMFKCIAPENFFMJKMOGOGPFAGIGKFMJKMOGOGPFAGIGKFMJKMOGOGPFAGIGKFMJKMOGOGPFAGIGKOIGLFAEMCFEEFLGAFMJKMOGOGPFAGIGKLCLMGNDMGNFKIBJA</LOG>
<LOG>NIINNNINALOLJEFBCCDMHHHLCMDOINGJAHGPKEKINDKFENHNIPMDONLIEEJPIHKAKJDAHCHDEEIACLIGKIAJLPPOKECGHNADDHOODOFGPAIAHDBD</LOG>
16:28:37.145 00002408  <log> [wvshaper] DownloadImage Success rc=0 profiling=2(ms) 12(ms) 199(ms) 442(ms)
16:28:37.146 00002408  <log> [_wsapi_]  -ws_load_predefinedprofile rc=0
16:28:44.750 00002408  <log> [_wsapi_]  +ws_load_profile ws=wsSN079908
16:28:44.761 00002408  <log> [_wsapi_]  parse_profile rc=0 entries_size=9000
16:28:44.762 00002408  <log> [_wsapi_]  validate profile rc=1000000
<LOG>OFPPGBOFOKOMJEJNFCJGEEKHPLEDCIHPAHGPKEKINDKFENHNNPBEACMIEPPLKFDCFMBGGOOMBOLLBNMPONEODFKNPBNMPNMLEMKPMCPPALKJONJOFDEOHFFOBFFLJKLNBKLLHFCLMPCKAALICPMIAECAADNLENABFMOEHPBDJNKIGFDHFCHCOOGJICDDMDDH</LOG>
<LOG>OFPPGBOFOKOMJEJNFCJGEEKHPLEDCIHPAHGPKEKINDKFENHNNPBEACMIEPPLKFDCFMBGGOOMBOLLBNMPPHJLBACOONKBIKBMKEPHAOPNNIMGJDONIHOFILHKIGIALJFCCMIOLKLOBOOFDBPIEKJEAFJAIJMNIGKGHENFHHGDHLMGPAGDDEHALBDFPHIABIHDICAFKEABMLLNLPPHCHELMJOGOGMDMHNJ</LOG>
16:28:44.764 00002408  <log> [wsimage]  LoadFilter rc=0 profiling=1(ms)
16:28:44.765 00002408  <log> [_wsapi_]  LoadFilter rc=0
<LOG>OFPPGBOFOKOMJEJNLNDFDFKPKNHHGOLCAHGPKEKINDKFENHNNPBEACMIEPPLKFDCFMBGGOOMBOLLBNMPLBAEMCJJDBFGMJGHMNOAINGOGPMNLDCIIPEBFOAHNEFJMFHG</LOG>
<LOG>OFPPGBOFOKOMJEJNONFLCCJBPHNCOGOFAHGPKEKINDKFENHNNPBEACMIEPPLKFDCFMBGGOOMBOLLBNMPBCJMNJIEHEEHKIEFNIIBFNKKGPIPHIHLJFOKCDLCMDJPFLPGLDEIIJJMKAMAMHIAOJIBMHNGDJDNPLKLPBNFIKGDEEFOBDIFNJENKGHMIPDEACADKFJDACPCABOOONDEMPKKCGKMPHGIFNAB</LOG>
<LOG>OFPPGBOFOKOMJEJNGPHFNAMJLKODIJLMAHGPKEKINDKFENHNNPBEACMIEPPLKFDCFMBGGOOMBOLLBNMPDNEBLCHBLIGOOGCKDAIFIKJJLBGPLAGJHAINLBBGNNNKNDOFJBBPPFLGLGADNIMG</LOG>
<LOG>OFPPGBOFOKOMJEJNKIGNNOBOOONBEPAAAHGPKEKINDKFENHNNPBEACMIEPPLKFDCFMBGGOOMBOLLBNMPDJGGGNMCCJJNCMOAHPFBOJDPDADGFLEKBHOAMPDMONOMBJHANGGBLLHDIJINEMKB</LOG>
<LOG>OFPPGBOFOKOMJEJNDEKOKBHGCAGGIPGDAHGPKEKINDKFENHNNPBEACMIEPPLKFDCFMBGGOOMBOLLBNMPDJGGGNMCCJJNCMOAPBBLIDDGBIDGNEPIDHOODOFGPAIAHDBD</LOG>
<LOG>OFPPGBOFOKOMJEJNIEHFFKDNFNJDPANDAHGPKEKINDKFENHNNPBEACMIEPPLKFDCFMBGGOOMBOLLBNMPDJGGGNMCCJJNCMOABEBCEGCLLLEBOCIIFLOFPIOAAEIGJBHEEPNGLMPBEBMEPJDL</LOG>
16:28:44.779 00002408  <log> [wsimage]  ComputeImage startcol=9 endcol=1269 rc=0 profiling=14(ms)
16:28:44.782 00002408  <log> [wvshaper] Image compressed size=146965
16:28:44.783 00002408  <log> [wvshaper] CompressImage lenout=146965 rc=0 profiling=2(ms)
<LOG>COHEADFDBFNOGAMHBNBHHDKBKCBLPIHMKMFDACHDNMGPMIFFEMGNEIMAEDEDKPFDDHKHLBHGKLDBMJOLGIBIJPIMIFPHFBILPEKHFJPHEOGCHCFDIFHPHPPJENJLFLPECBEBBBPELLMDEGIFHNLFEPGHBNJODOKAPJPALGJBDJPJPOKPIPFHCBGGEMHFIABPMEBGPJPEMHEINDJOFMJKMOGOGPFAGIGKGPGAALBOAALBIEKGOHEGDKDCCGFMBHKEGACLHMEADHNJFEOBKAMJDPEBIHIJNBEI</LOG>
<LOG>OFPPGBOFOKOMJEJNNGGJAEPHGPMOFEFEAHGPKEKINDKFENHNIPMDONLIEEJPIHKAKJDAHCHDEEIACLIGFHIPGCDKJPHGBGEMOGFHPFDDDBDEAGME</LOG>
<LOG>COHEADFDBFNOGAMHBNBHHDKBKCBLPIHMKMFDACHDNMGPMIFFHAGDHPGIANBJBJLJFMJKMOGOGPFAGIGKFMJKMOGOGPFAGIGKPEKHFJPHEOGCHCFDJFPMIBHCJEBJMABHLCLMGNDMGNFKIBJA</LOG>
<LOG>LBFCHPIJDMPNMMEPLLFNHGOJJBGMKJBHGLEIGCLBOCEPHOKPENCFHAPHEHKHNPOCFMJKMOGOGPFAGIGKFMJKMOGOGPFAGIGKLJLOBGABICJFOFENHLDMPDPCMFHBEFJLLCLMGNDMGNFKIBJA</LOG>
<LOG>CDNADKOMGIKAFLFIBFDGJBNJIEBJHFDBPEMPHBNKIGHJMJHGGLBBMCBHBJDNOCIHFMJKMOGOGPFAGIGKFMJKMOGOGPFAGIGKIFPGMBCKODFABGOEDMMGDMDLOJJBIGLELCLMGNDMGNFKIBJA</LOG>
<LOG>MPGANMBCKOPFFIHPPPDEPIFDKLCKGENILOMFBKFEPAOAJGGOFBHCDNOPLEDKNPOMFMJKMOGOGPFAGIGKFMJKMOGOGPFAGIGKCKGBJCODOJPBMPNLDIMJKEHMHBNCLINELCLMGNDMGNFKIBJA</LOG>
<LOG>OFPPGBOFOKOMJEJNDBFJAGGOLAEBHABLAHGPKEKINDKFENHNIPMDONLIEEJPIHKAKJDAHCHDEEIACLIGKIAJLPPOKECGHNADDHOODOFGPAIAHDBD</LOG>
16:28:44.795 00002408  <log> [wvshaper] Sending through SPI...
<LOG>JOBDGJMGAJJCPCOPAHLBHIPOAFLCBCKFKCGPMBDJAMKEBIJIKDNCDFDMBMNJANCIJBHCEPKKOFKLBKCDIJHDFJCPJMEDELLJCKHBGBJDHKGECBFCLFDKNFBDHCHFOAHMEMJFGBMHOFLICLOMDDNEFJDLAECPOBMFAIECOPEJPDIDFENCIDHIPLOBANOIHIBEBKPCHKHNKAPIIDFJKLHAHEICDAHEPACDPIPNDADLBCGJMBDEOBJNEPABLKMGPJNEEIPMNOLLFPEELAJAGIJKHBFACHMIFEFDPKEKOOLMHOFIHFBECJMJIOBGBKKHFLCLAJFHNBPCFAENHNPMJHKFNMOEOGEOBFFNGFCIPBEHFPHBEAIANBEBCCLKJNHHFFLKDOMMJOFJCFODPIALCIGEIEDENOFJLOHNIOBIEBAIODMPJHPPCFOJNFALLHCPDMNIIANEANMCCPPINAIKJCABNIFPGIHIDBAHIIDFDNHKLKLFPKPOFKBBGPJMOGOEBPGEBNJAGHHBIAMKHPPHEDGACENDHKKOAODMAFHFEDNOMCOMJMHK</LOG>
<LOG>CMLMDMDFCHGDPCEILJAAHMFEMEIACHBKAFABAMLMGMDCNIBP</LOG>
<LOG>AHKBDOFOLABFELKMPJEEGJAGDBJMAAHFOKDFADNMOEGKPJFIOCEAKAIPEJDALGKPNOHMLHAPOBIJLFJHCGHIBAJCPDOLOCHFLEHIHINGHMHLGMAIECJNGOIGHLMGNKHHAPLBFMBCNKMOJEBNAAOPGBPMOGLIOHGHPGNANHLGICKDIPPLOHKJPCJHPKICNNFONCLCMDNCIGDJOCIFEFNPCFHANNFIFFHHBAFLKGIJLKNHLMPCCBKEKHDCBDPBPIMPEMNGKGKGMHPHLJHDCCFLBDIDGAAGKIHOIEHDNBIAIAMMMOPKFCGEHCCPOJIBPBMIJNHKLCBCKOEABFFBOBDGNHHCAGPICFAPKMDLLCFNJAHKOPALJBFCALFBKJFNHJCNGJBGANIGHABPFLKBFKGLCCAJJOGHAIPGJCEJEOLADOBJPOBELOBMPGNOCCCHFFJLLJPOGLPHCMMJLCICNOHNKCBCEILCDFNHCPBJFJOHNKLCEKBABPBOKHJJKOJEIEEHEPIKLNOCDELAGJDBNMLEDHEDLLNNNLCMJCCJBKBMAHCMHFKL</LOG>
<LOG>OFPPGBOFOKOMJEJNGBHPJPMAGILIAOFCAHGPKEKINDKFENHNIPMDONLIEEJPIHKAKJDAHCHDEEIACLIGFHIPGCDKJPHGBGEMOGFHPFDDDBDEAGME</LOG>
<LOG>IEDLFPFODOPLJBLHOPBOOBCFEPFOEKODKFGCENLEKILCEKBMHOBLDDHLCJNLJHJMFMJKMOGOGPFAGIGKFMJKMOGOGPFAGIGKIPENAKNOIKCBJOMMGIJAEGLFAONIOOAGLCLMGNDMGNFKIBJA</LOG>
<LOG>GEBGJMEPLDFGMEAOEJLFONFCMMNHJJHDFMJKMOGOGPFAGIGKFMJKMOGOGPFAGIGKFMJKMOGOGPFAGIGKFMJKMOGOGPFAGIGKFHDFODFHALKAMLDDFMJKMOGOGPFAGIGKLCLMGNDMGNFKIBJA</LOG>
<LOG>IHOAPLIBKOOHGPHOJAONLDMFKCIAPENFFMJKMOGOGPFAGIGKFMJKMOGOGPFAGIGKFMJKMOGOGPFAGIGKFMJKMOGOGPFAGIGKOIGLFAEMCFEEFLGAFMJKMOGOGPFAGIGKLCLMGNDMGNFKIBJA</LOG>
<LOG>BDPEBPJBPDMILAAJDIGMOHHPCGICCNFLAHGPKEKINDKFENHNIPMDONLIEEJPIHKAKJDAHCHDEEIACLIGKIAJLPPOKECGHNADDHOODOFGPAIAHDBD</LOG>
16:28:45.220 00002408  <log> [wvshaper] DownloadImage Success rc=0 profiling=1(ms) 11(ms) 195(ms) 436(ms)
16:28:45.221 00002408  <log> [_wsapi_]  -ws_load_profile rc=0
